\BOOKMARK [1][-]{section.1}{\376\377\000E\000x\000e\000c\000u\000t\000i\000v\000e\000\040\000S\000u\000m\000m\000a\000r\000y}{}% 1
\BOOKMARK [1][-]{section.2}{\376\377\000S\000w\000e\000e\000p\000\040\000D\000e\000s\000i\000g\000n}{}% 2
\BOOKMARK [1][-]{section.3}{\376\377\000R\000e\000s\000u\000l\000t\000s\000\040\000O\000v\000e\000r\000v\000i\000e\000w}{}% 3
\BOOKMARK [2][-]{subsection.3.1}{\376\377\000R\000M\000S\000E\000\040\000R\000a\000n\000k\000i\000n\000g}{section.3}% 4
\BOOKMARK [2][-]{subsection.3.2}{\376\377\000R\000e\000g\000i\000o\000n\000a\000l\000\040\000R\000e\000c\000o\000v\000e\000r\000y\000\040\000H\000e\000a\000t\000m\000a\000p}{section.3}% 5
\BOOKMARK [1][-]{section.4}{\376\377\000B\000u\000g\000\040\000F\000i\000x\000\040\000I\000m\000p\000a\000c\000t}{}% 6
\BOOKMARK [1][-]{section.5}{\376\377\000P\000a\000r\000a\000m\000e\000t\000e\000r\000\040\000A\000n\000a\000l\000y\000s\000i\000s}{}% 7
\BOOKMARK [2][-]{subsection.5.1}{\376\377\000F\000r\000e\000s\000h\000w\000a\000t\000e\000r\000\040\000S\000t\000r\000e\000n\000g\000t\000h\000\040\000D\000o\000s\000e\000-\000R\000e\000s\000p\000o\000n\000s\000e}{section.5}% 8
\BOOKMARK [2][-]{subsection.5.2}{\376\377\000K\000\137\000h\000a\000l\000f\000:\000\040\000T\000h\000e\000\040\000B\000r\000e\000a\000k\000t\000h\000r\000o\000u\000g\000h\000\040\000P\000a\000r\000a\000m\000e\000t\000e\000r}{section.5}% 9
\BOOKMARK [2][-]{subsection.5.3}{\376\377\000a\000l\000p\000h\000a\000\137\000e\000n\000v\000:\000\040\000D\000i\000m\000i\000n\000i\000s\000h\000i\000n\000g\000\040\000R\000e\000t\000u\000r\000n\000s\000\040\000w\000i\000t\000h\000\040\000S\000a\000l\000i\000n\000i\000t\000y}{section.5}% 10
\BOOKMARK [2][-]{subsection.5.4}{\376\377\000C\000o\000n\000n\000e\000c\000t\000i\000v\000i\000t\000y\000,\000\040\000F\000j\000o\000r\000d\000\040\000S\000e\000l\000f\000-\000R\000e\000c\000r\000u\000i\000t\000m\000e\000n\000t\000,\000\040\000a\000n\000d\000\040\000G\000r\000o\000w\000t\000h\000\040\000R\000a\000t\000e}{section.5}% 11
\BOOKMARK [2][-]{subsection.5.5}{\376\377\000K\000e\000y\000\040\000I\000n\000t\000e\000r\000a\000c\000t\000i\000o\000n\000s}{section.5}% 12
\BOOKMARK [1][-]{section.6}{\376\377\000B\000e\000s\000t\000\040\000C\000o\000n\000f\000i\000g\000u\000r\000a\000t\000i\000o\000n\000\040\000D\000e\000e\000p\000\040\000D\000i\000v\000e\000:\000\040\000W\0002\0005\0007}{}% 13
\BOOKMARK [2][-]{subsection.6.1}{\376\377\000W\000h\000a\000t\000'\000s\000\040\000W\000o\000r\000k\000i\000n\000g}{section.6}% 14
\BOOKMARK [2][-]{subsection.6.2}{\376\377\000W\000h\000a\000t\000'\000s\000\040\000S\000t\000i\000l\000l\000\040\000M\000i\000s\000s\000i\000n\000g}{section.6}% 15
\BOOKMARK [1][-]{section.7}{\376\377\000D\000i\000s\000c\000u\000s\000s\000i\000o\000n\000\040\000\046\000\040\000N\000e\000x\000t\000\040\000S\000t\000e\000p\000s}{}% 16
\BOOKMARK [2][-]{subsection.7.1}{\376\377\000A\000K\000\040\000G\000a\000p\000\040\000A\000n\000a\000l\000y\000s\000i\000s}{section.7}% 17
\BOOKMARK [2][-]{subsection.7.2}{\376\377\000P\000r\000o\000m\000i\000s\000i\000n\000g\000\040\000D\000i\000r\000e\000c\000t\000i\000o\000n\000s\000\040\000f\000o\000r\000\040\000N\000e\000x\000t\000\040\000S\000w\000e\000e\000p}{section.7}% 18
\BOOKMARK [2][-]{subsection.7.3}{\376\377\000P\000a\000r\000a\000m\000e\000t\000e\000r\000\040\000S\000p\000a\000c\000e\000\040\000N\000a\000r\000r\000o\000w\000i\000n\000g}{section.7}% 19
\BOOKMARK [2][-]{subsection.7.4}{\376\377\000A\000\040\000N\000o\000t\000e\000\040\000o\000n\000\040\000S\000t\000o\000c\000h\000a\000s\000t\000i\000c\000\040\000V\000a\000r\000i\000a\000b\000i\000l\000i\000t\000y}{section.7}% 20
