SA Round 3 Morris — 880 runs, 43 params, 20 metrics
Cores: 8, checkpoint every 200
Started: 2026-02-19 17:41:43
Runs remaining: 880
[18:09:55] 200/880 (22.7%) | 0.12 runs/s | ETA: 1.6h | errors: 0
[18:34:06] 400/880 (45.5%) | 0.13 runs/s | ETA: 1.0h | errors: 0
[18:59:44] 600/880 (68.2%) | 0.13 runs/s | ETA: 0.6h | errors: 0
[19:24:10] 800/880 (90.9%) | 0.13 runs/s | ETA: 0.2h | errors: 0

Runs complete: 880/880, errors: 0, wall time: 110.9min

Running Morris analysis...
Valid rows: 880/880
  pop_crash_pct: analyzed (880 valid, std=13.05)
  final_pop_frac: analyzed (880 valid, std=0.1884)
  recovery: analyzed (880 valid, std=0.2501)
  extinction: analyzed (880 valid, std=0.1251)
  peak_mortality: analyzed (880 valid, std=24.33)
  time_to_nadir: analyzed (880 valid, std=5.261)
  total_disease_deaths: analyzed (880 valid, std=3.531e+04)
  resistance_shift_mean: analyzed (880 valid, std=0.05051)
  resistance_shift_max: analyzed (880 valid, std=0.04688)
  va_retention_mean: analyzed (880 valid, std=0.6918)
  ef1a_shift_mean: analyzed (880 valid, std=0.06624)
  n_extinct_nodes: analyzed (880 valid, std=0.4524)
  north_south_mortality_gradient: analyzed (880 valid, std=4.245)
  fjord_protection_effect: analyzed (880 valid, std=0.1823)
  mean_final_virulence: analyzed (880 valid, std=0.1089)
  virulence_shift: analyzed (880 valid, std=0.1089)
  disease_death_fraction: analyzed (880 valid, std=0.1372)
  spawning_participation: analyzed (880 valid, std=0.1956)
  mean_recruitment_rate: analyzed (880 valid, std=0.03118)
  evolutionary_rescue_index: analyzed (880 valid, std=0.01)

Saved 20 metric analyses to morris_results.json
Done: 2026-02-19 19:32:38
