This is pdfTeX, Version 3.141592653-2.6-1.40.28 (TeX Live 2025) (preloaded format=pdflatex 2026.2.21)  16 MAR 2026 12:03
entering extended mode
 restricted \write18 enabled.
 %&-line parsing enabled.
**report.tex
(./report.tex
LaTeX2e <2025-11-01>
L3 programming layer <2026-01-19>
(/home/starbot/.TinyTeX/texmf-dist/tex/latex/base/article.cls
Document Class: article 2025/01/22 v1.4n Standard LaTeX document class
(/home/starbot/.TinyTeX/texmf-dist/tex/latex/base/size11.clo
File: size11.clo 2025/01/22 v1.4n Standard LaTeX file (size option)
)
\c@part=\count275
\c@section=\count276
\c@subsection=\count277
\c@subsubsection=\count278
\c@paragraph=\count279
\c@subparagraph=\count280
\c@figure=\count281
\c@table=\count282
\abovecaptionskip=\skip49
\belowcaptionskip=\skip50
\bibindent=\dimen148
) (/home/starbot/.TinyTeX/texmf-dist/tex/latex/geometry/geometry.sty
Package: geometry 2020/01/02 v5.9 Page Geometry
 (/home/starbot/.TinyTeX/texmf-dist/tex/latex/graphics/keyval.sty
Package: keyval 2022/05/29 v1.15 key=value parser (DPC)
\KV@toks@=\toks17
) (/home/starbot/.TinyTeX/texmf-dist/tex/generic/iftex/ifvtex.sty
Package: ifvtex 2019/10/25 v1.7 ifvtex legacy package. Use iftex instead.
 (/home/starbot/.TinyTeX/texmf-dist/tex/generic/iftex/iftex.sty
Package: iftex 2024/12/12 v1.0g TeX engine tests
))
\Gm@cnth=\count283
\Gm@cntv=\count284
\c@Gm@tempcnt=\count285
\Gm@bindingoffset=\dimen149
\Gm@wd@mp=\dimen150
\Gm@odd@mp=\dimen151
\Gm@even@mp=\dimen152
\Gm@layoutwidth=\dimen153
\Gm@layoutheight=\dimen154
\Gm@layouthoffset=\dimen155
\Gm@layoutvoffset=\dimen156
\Gm@dimlist=\toks18
) (/home/starbot/.TinyTeX/texmf-dist/tex/latex/graphics/graphicx.sty
Package: graphicx 2024/12/31 v1.2e Enhanced LaTeX Graphics (DPC,SPQR)
 (/home/starbot/.TinyTeX/texmf-dist/tex/latex/graphics/graphics.sty
Package: graphics 2024/08/06 v1.4g Standard LaTeX Graphics (DPC,SPQR)
 (/home/starbot/.TinyTeX/texmf-dist/tex/latex/graphics/trig.sty
Package: trig 2023/12/02 v1.11 sin cos tan (DPC)
) (/home/starbot/.TinyTeX/texmf-dist/tex/latex/graphics-cfg/graphics.cfg
File: graphics.cfg 2016/06/04 v1.11 sample graphics configuration
)
Package graphics Info: Driver file: pdftex.def on input line 106.
 (/home/starbot/.TinyTeX/texmf-dist/tex/latex/graphics-def/pdftex.def
File: pdftex.def 2025/09/29 v1.2d Graphics/color driver for pdftex
))
\Gin@req@height=\dimen157
\Gin@req@width=\dimen158
) (/home/starbot/.TinyTeX/texmf-dist/tex/latex/amsmath/amsmath.sty
Package: amsmath 2025/07/09 v2.17z AMS math features
\@mathmargin=\skip51

For additional information on amsmath, use the `?' option.
(/home/starbot/.TinyTeX/texmf-dist/tex/latex/amsmath/amstext.sty
Package: amstext 2024/11/17 v2.01 AMS text
 (/home/starbot/.TinyTeX/texmf-dist/tex/latex/amsmath/amsgen.sty
File: amsgen.sty 1999/11/30 v2.0 generic functions
\@emptytoks=\toks19
\ex@=\dimen159
)) (/home/starbot/.TinyTeX/texmf-dist/tex/latex/amsmath/amsbsy.sty
Package: amsbsy 1999/11/29 v1.2d Bold Symbols
\pmbraise@=\dimen160
) (/home/starbot/.TinyTeX/texmf-dist/tex/latex/amsmath/amsopn.sty
Package: amsopn 2022/04/08 v2.04 operator names
)
\inf@bad=\count286
LaTeX Info: Redefining \frac on input line 233.
\uproot@=\count287
\leftroot@=\count288
LaTeX Info: Redefining \overline on input line 398.
LaTeX Info: Redefining \colon on input line 409.
\classnum@=\count289
\DOTSCASE@=\count290
LaTeX Info: Redefining \ldots on input line 495.
LaTeX Info: Redefining \dots on input line 498.
LaTeX Info: Redefining \cdots on input line 619.
\Mathstrutbox@=\box53
\strutbox@=\box54
LaTeX Info: Redefining \big on input line 721.
LaTeX Info: Redefining \Big on input line 722.
LaTeX Info: Redefining \bigg on input line 723.
LaTeX Info: Redefining \Bigg on input line 724.
\big@size=\dimen161
LaTeX Font Info:    Redeclaring font encoding OML on input line 742.
LaTeX Font Info:    Redeclaring font encoding OMS on input line 743.
\macc@depth=\count291
LaTeX Info: Redefining \bmod on input line 904.
LaTeX Info: Redefining \pmod on input line 909.
LaTeX Info: Redefining \smash on input line 939.
LaTeX Info: Redefining \relbar on input line 969.
LaTeX Info: Redefining \Relbar on input line 970.
\c@MaxMatrixCols=\count292
\dotsspace@=\muskip17
\c@parentequation=\count293
\dspbrk@lvl=\count294
\tag@help=\toks20
\row@=\count295
\column@=\count296
\maxfields@=\count297
\andhelp@=\toks21
\eqnshift@=\dimen162
\alignsep@=\dimen163
\tagshift@=\dimen164
\tagwidth@=\dimen165
\totwidth@=\dimen166
\lineht@=\dimen167
\@envbody=\toks22
\multlinegap=\skip52
\multlinetaggap=\skip53
\mathdisplay@stack=\toks23
LaTeX Info: Redefining \[ on input line 2950.
LaTeX Info: Redefining \] on input line 2951.
) (/home/starbot/.TinyTeX/texmf-dist/tex/latex/amsfonts/amssymb.sty
Package: amssymb 2013/01/14 v3.01 AMS font symbols
 (/home/starbot/.TinyTeX/texmf-dist/tex/latex/amsfonts/amsfonts.sty
Package: amsfonts 2013/01/14 v3.01 Basic AMSFonts support
\symAMSa=\mathgroup4
\symAMSb=\mathgroup5
LaTeX Font Info:    Redeclaring math symbol \hbar on input line 98.
LaTeX Font Info:    Overwriting math alphabet `\mathfrak' in version `bold'
(Font)                  U/euf/m/n --> U/euf/b/n on input line 106.
)) (/home/starbot/.TinyTeX/texmf-dist/tex/latex/booktabs/booktabs.sty
Package: booktabs 2020/01/12 v1.61803398 Publication quality tables
\heavyrulewidth=\dimen168
\lightrulewidth=\dimen169
\cmidrulewidth=\dimen170
\belowrulesep=\dimen171
\belowbottomsep=\dimen172
\aboverulesep=\dimen173
\abovetopsep=\dimen174
\cmidrulesep=\dimen175
\cmidrulekern=\dimen176
\defaultaddspace=\dimen177
\@cmidla=\count298
\@cmidlb=\count299
\@aboverulesep=\dimen178
\@belowrulesep=\dimen179
\@thisruleclass=\count300
\@lastruleclass=\count301
\@thisrulewidth=\dimen180
) (/home/starbot/.TinyTeX/texmf-dist/tex/latex/hyperref/hyperref.sty
Package: hyperref 2026-01-29 v7.01p Hypertext links for LaTeX
 (/home/starbot/.TinyTeX/texmf-dist/tex/latex/kvsetkeys/kvsetkeys.sty
Package: kvsetkeys 2022-10-05 v1.19 Key value parser (HO)
) (/home/starbot/.TinyTeX/texmf-dist/tex/generic/kvdefinekeys/kvdefinekeys.sty
Package: kvdefinekeys 2019-12-19 v1.6 Define keys (HO)
) (/home/starbot/.TinyTeX/texmf-dist/tex/generic/pdfescape/pdfescape.sty
Package: pdfescape 2019/12/09 v1.15 Implements pdfTeX's escape features (HO)
 (/home/starbot/.TinyTeX/texmf-dist/tex/generic/ltxcmds/ltxcmds.sty
Package: ltxcmds 2023-12-04 v1.26 LaTeX kernel commands for general use (HO)
) (/home/starbot/.TinyTeX/texmf-dist/tex/generic/pdftexcmds/pdftexcmds.sty
Package: pdftexcmds 2020-06-27 v0.33 Utility functions of pdfTeX for LuaTeX (HO)
 (/home/starbot/.TinyTeX/texmf-dist/tex/generic/infwarerr/infwarerr.sty
Package: infwarerr 2019/12/03 v1.5 Providing info/warning/error messages (HO)
)
Package pdftexcmds Info: \pdf@primitive is available.
Package pdftexcmds Info: \pdf@ifprimitive is available.
Package pdftexcmds Info: \pdfdraftmode found.
)) (/home/starbot/.TinyTeX/texmf-dist/tex/latex/hycolor/hycolor.sty
Package: hycolor 2020-01-27 v1.10 Color options for hyperref/bookmark (HO)
) (/home/starbot/.TinyTeX/texmf-dist/tex/latex/hyperref/nameref.sty
Package: nameref 2026-01-29 v2.58 Cross-referencing by name of section
 (/home/starbot/.TinyTeX/texmf-dist/tex/latex/refcount/refcount.sty
Package: refcount 2019/12/15 v3.6 Data extraction from label references (HO)
) (/home/starbot/.TinyTeX/texmf-dist/tex/generic/gettitlestring/gettitlestring.sty
Package: gettitlestring 2019/12/15 v1.6 Cleanup title references (HO)
 (/home/starbot/.TinyTeX/texmf-dist/tex/latex/kvoptions/kvoptions.sty
Package: kvoptions 2022-06-15 v3.15 Key value format for package options (HO)
))
\c@section@level=\count302
) (/home/starbot/.TinyTeX/texmf-dist/tex/latex/etoolbox/etoolbox.sty
Package: etoolbox 2025/10/02 v2.5m e-TeX tools for LaTeX (JAW)
\etb@tempcnta=\count303
) (/home/starbot/.TinyTeX/texmf-dist/tex/generic/stringenc/stringenc.sty
Package: stringenc 2019/11/29 v1.12 Convert strings between diff. encodings (HO)
)
\@linkdim=\dimen181
\Hy@linkcounter=\count304
\Hy@pagecounter=\count305
 (/home/starbot/.TinyTeX/texmf-dist/tex/latex/hyperref/pd1enc.def
File: pd1enc.def 2026-01-29 v7.01p Hyperref: PDFDocEncoding definition (HO)
Now handling font encoding PD1 ...
... no UTF-8 mapping file for font encoding PD1
) (/home/starbot/.TinyTeX/texmf-dist/tex/generic/intcalc/intcalc.sty
Package: intcalc 2019/12/15 v1.3 Expandable calculations with integers (HO)
)
\Hy@SavedSpaceFactor=\count306
 (/home/starbot/.TinyTeX/texmf-dist/tex/latex/hyperref/puenc.def
File: puenc.def 2026-01-29 v7.01p Hyperref: PDF Unicode definition (HO)
Now handling font encoding PU ...
... no UTF-8 mapping file for font encoding PU
)
Package hyperref Info: Hyper figures OFF on input line 4201.
Package hyperref Info: Link nesting OFF on input line 4206.
Package hyperref Info: Hyper index ON on input line 4209.
Package hyperref Info: Plain pages OFF on input line 4216.
Package hyperref Info: Backreferencing OFF on input line 4221.
Package hyperref Info: Implicit mode ON; LaTeX internals redefined.
Package hyperref Info: Bookmarks ON on input line 4468.
\c@Hy@tempcnt=\count307
 (/home/starbot/.TinyTeX/texmf-dist/tex/latex/url/url.sty
\Urlmuskip=\muskip18
Package: url 2013/09/16  ver 3.4  Verb mode for urls, etc.
)
LaTeX Info: Redefining \url on input line 4807.
\XeTeXLinkMargin=\dimen182
 (/home/starbot/.TinyTeX/texmf-dist/tex/generic/bitset/bitset.sty
Package: bitset 2019/12/09 v1.3 Handle bit-vector datatype (HO)
 (/home/starbot/.TinyTeX/texmf-dist/tex/generic/bigintcalc/bigintcalc.sty
Package: bigintcalc 2019/12/15 v1.5 Expandable calculations on big integers (HO)
))
\Fld@menulength=\count308
\Field@Width=\dimen183
\Fld@charsize=\dimen184
Package hyperref Info: Hyper figures OFF on input line 6084.
Package hyperref Info: Link nesting OFF on input line 6089.
Package hyperref Info: Hyper index ON on input line 6092.
Package hyperref Info: backreferencing OFF on input line 6099.
Package hyperref Info: Link coloring OFF on input line 6104.
Package hyperref Info: Link coloring with OCG OFF on input line 6109.
Package hyperref Info: PDF/A mode OFF on input line 6114.
\Hy@abspage=\count309
\c@Item=\count310
\c@Hfootnote=\count311
)
Package hyperref Info: Driver (autodetected): hpdftex.
 (/home/starbot/.TinyTeX/texmf-dist/tex/latex/hyperref/hpdftex.def
File: hpdftex.def 2026-01-29 v7.01p Hyperref driver for pdfTeX
\Fld@listcount=\count312
\c@bookmark@seq@number=\count313
 (/home/starbot/.TinyTeX/texmf-dist/tex/latex/rerunfilecheck/rerunfilecheck.sty
Package: rerunfilecheck 2025-06-21 v1.11 Rerun checks for auxiliary files (HO)
 (/home/starbot/.TinyTeX/texmf-dist/tex/generic/uniquecounter/uniquecounter.sty
Package: uniquecounter 2019/12/15 v1.4 Provide unlimited unique counter (HO)
)
Package uniquecounter Info: New unique counter `rerunfilecheck' on input line 284.
)
\Hy@SectionHShift=\skip54
) (/home/starbot/.TinyTeX/texmf-dist/tex/latex/natbib/natbib.sty
Package: natbib 2010/09/13 8.31b (PWD, AO)
\bibhang=\skip55
\bibsep=\skip56
LaTeX Info: Redefining \cite on input line 694.
\c@NAT@ctr=\count314
) (/home/starbot/.TinyTeX/texmf-dist/tex/latex/caption/caption.sty
Package: caption 2023/08/05 v3.6o Customizing captions (AR)
 (/home/starbot/.TinyTeX/texmf-dist/tex/latex/caption/caption3.sty
Package: caption3 2023/07/31 v2.4d caption3 kernel (AR)
\caption@tempdima=\dimen185
\captionmargin=\dimen186
\caption@leftmargin=\dimen187
\caption@rightmargin=\dimen188
\caption@width=\dimen189
\caption@indent=\dimen190
\caption@parindent=\dimen191
\caption@hangindent=\dimen192
Package caption Info: Standard document class detected.
)
\c@caption@flags=\count315
\c@continuedfloat=\count316
Package caption Info: hyperref package is loaded.
) (/home/starbot/.TinyTeX/texmf-dist/tex/latex/caption/subcaption.sty
Package: subcaption 2023/07/28 v1.6b Sub-captions (AR)
Package caption Info: New subtype `subfigure' on input line 238.
\c@subfigure=\count317
Package caption Info: New subtype `subtable' on input line 238.
\c@subtable=\count318
) (/home/starbot/.TinyTeX/texmf-dist/tex/latex/xcolor/xcolor.sty
Package: xcolor 2024/09/29 v3.02 LaTeX color extensions (UK)
 (/home/starbot/.TinyTeX/texmf-dist/tex/latex/graphics-cfg/color.cfg
File: color.cfg 2016/01/02 v1.6 sample color configuration
)
Package xcolor Info: Driver file: pdftex.def on input line 274.
 (/home/starbot/.TinyTeX/texmf-dist/tex/latex/graphics/mathcolor.ltx)
Package xcolor Info: Model `cmy' substituted by `cmy0' on input line 1349.
Package xcolor Info: Model `hsb' substituted by `rgb' on input line 1353.
Package xcolor Info: Model `RGB' extended on input line 1365.
Package xcolor Info: Model `HTML' substituted by `rgb' on input line 1367.
Package xcolor Info: Model `Hsb' substituted by `hsb' on input line 1368.
Package xcolor Info: Model `tHsb' substituted by `hsb' on input line 1369.
Package xcolor Info: Model `HSB' substituted by `hsb' on input line 1370.
Package xcolor Info: Model `Gray' substituted by `gray' on input line 1371.
Package xcolor Info: Model `wave' substituted by `hsb' on input line 1372.
) (/home/starbot/.TinyTeX/texmf-dist/tex/latex/float/float.sty
Package: float 2001/11/08 v1.3d Float enhancements (AL)
\c@float@type=\count319
\float@exts=\toks24
\float@box=\box55
\@float@everytoks=\toks25
\@floatcapt=\box56
) (/home/starbot/.TinyTeX/texmf-dist/tex/latex/enumitem/enumitem.sty
Package: enumitem 2025/02/06 v3.11 Customized lists
\labelindent=\skip57
\enit@outerparindent=\dimen193
\enit@toks=\toks26
\enit@inbox=\box57
\enit@count@id=\count320
\enitdp@description=\count321
) (/home/starbot/.TinyTeX/texmf-dist/tex/latex/tools/longtable.sty
Package: longtable 2025-10-13 v4.24 Multi-page Table package (DPC)
\LTleft=\skip58
\LTright=\skip59
\LTpre=\skip60
\LTpost=\skip61
\LTchunksize=\count322
\LTcapwidth=\dimen194
\LT@head=\box58
\LT@firsthead=\box59
\LT@foot=\box60
\LT@lastfoot=\box61
\LT@gbox=\box62
\LT@cols=\count323
\LT@rows=\count324
\c@LT@tables=\count325
\c@LT@chunks=\count326
\LT@p@ftn=\toks27
) (/home/starbot/.TinyTeX/texmf-dist/tex/latex/tools/array.sty
Package: array 2025/09/25 v2.6n Tabular extension package (FMi)
\col@sep=\dimen195
\ar@mcellbox=\box63
\extrarowheight=\dimen196
\NC@list=\toks28
\extratabsurround=\skip62
\backup@length=\skip63
\ar@cellbox=\box64
) (/home/starbot/.TinyTeX/texmf-dist/tex/latex/fancyhdr/fancyhdr.sty
Package: fancyhdr 2025/02/07 v5.2 Extensive control of page headers and footers
\f@nch@headwidth=\skip64
\f@nch@offset@elh=\skip65
\f@nch@offset@erh=\skip66
\f@nch@offset@olh=\skip67
\f@nch@offset@orh=\skip68
\f@nch@offset@elf=\skip69
\f@nch@offset@erf=\skip70
\f@nch@offset@olf=\skip71
\f@nch@offset@orf=\skip72
\f@nch@height=\skip73
\f@nch@footalignment=\skip74
\f@nch@widthL=\skip75
\f@nch@widthC=\skip76
\f@nch@widthR=\skip77
\@temptokenb=\toks29
) (/home/starbot/.TinyTeX/texmf-dist/tex/latex/titlesec/titlesec.sty
Package: titlesec 2025/01/04 v2.17 Sectioning titles
\ttl@box=\box65
\beforetitleunit=\skip78
\aftertitleunit=\skip79
\ttl@plus=\dimen197
\ttl@minus=\dimen198
\ttl@toksa=\toks30
\titlewidth=\dimen199
\titlewidthlast=\dimen256
\titlewidthfirst=\dimen257
)
Package hyperref Info: Option `colorlinks' set `true' on input line 41.
 (/home/starbot/.TinyTeX/texmf-dist/tex/latex/l3backend/l3backend-pdftex.def
File: l3backend-pdftex.def 2025-10-09 L3 backend support: PDF output (pdfTeX)
\l__color_backend_stack_int=\count327
) (./report.aux)
\openout1 = `report.aux'.

LaTeX Font Info:    Checking defaults for OML/cmm/m/it on input line 53.
LaTeX Font Info:    ... okay on input line 53.
LaTeX Font Info:    Checking defaults for OMS/cmsy/m/n on input line 53.
LaTeX Font Info:    ... okay on input line 53.
LaTeX Font Info:    Checking defaults for OT1/cmr/m/n on input line 53.
LaTeX Font Info:    ... okay on input line 53.
LaTeX Font Info:    Checking defaults for T1/cmr/m/n on input line 53.
LaTeX Font Info:    ... okay on input line 53.
LaTeX Font Info:    Checking defaults for TS1/cmr/m/n on input line 53.
LaTeX Font Info:    ... okay on input line 53.
LaTeX Font Info:    Checking defaults for OMX/cmex/m/n on input line 53.
LaTeX Font Info:    ... okay on input line 53.
LaTeX Font Info:    Checking defaults for U/cmr/m/n on input line 53.
LaTeX Font Info:    ... okay on input line 53.
LaTeX Font Info:    Checking defaults for PD1/pdf/m/n on input line 53.
LaTeX Font Info:    ... okay on input line 53.
LaTeX Font Info:    Checking defaults for PU/pdf/m/n on input line 53.
LaTeX Font Info:    ... okay on input line 53.

*geometry* driver: auto-detecting
*geometry* detected driver: pdftex
*geometry* verbose mode - [ preamble ] result:
* driver: pdftex
* paper: letterpaper
* layout: <same size as paper>
* layoutoffset:(h,v)=(0.0pt,0.0pt)
* modes: 
* h-part:(L,W,R)=(72.26999pt, 469.75502pt, 72.26999pt)
* v-part:(T,H,B)=(72.26999pt, 650.43001pt, 72.26999pt)
* \paperwidth=614.295pt
* \paperheight=794.96999pt
* \textwidth=469.75502pt
* \textheight=650.43001pt
* \oddsidemargin=0.0pt
* \evensidemargin=0.0pt
* \topmargin=-37.0pt
* \headheight=12.0pt
* \headsep=25.0pt
* \topskip=11.0pt
* \footskip=30.0pt
* \marginparwidth=59.0pt
* \marginparsep=10.0pt
* \columnsep=10.0pt
* \skip\footins=10.0pt plus 4.0pt minus 2.0pt
* \hoffset=0.0pt
* \voffset=0.0pt
* \mag=1000
* \@twocolumnfalse
* \@twosidefalse
* \@mparswitchfalse
* \@reversemarginfalse
* (1in=72.27pt=25.4mm, 1cm=28.453pt)

(/home/starbot/.TinyTeX/texmf-dist/tex/latex/epstopdf-pkg/epstopdf-base.sty
Package: epstopdf-base 2020-01-24 v2.11 Base part for package epstopdf
Package epstopdf-base Info: Redefining graphics rule for `.eps' on input line 485.
 (/home/starbot/.TinyTeX/texmf-dist/tex/latex/latexconfig/epstopdf-sys.cfg
File: epstopdf-sys.cfg 2010/07/13 v1.3 Configuration of (r)epstopdf for TeX Live
))
Package hyperref Info: Link coloring ON on input line 53.
 (./report.out) (./report.out)
\@outlinefile=\write3
\openout3 = `report.out'.

Package caption Info: Begin \AtBeginDocument code.
Package caption Info: float package is loaded.
Package caption Info: longtable package is loaded.
 (/home/starbot/.TinyTeX/texmf-dist/tex/latex/caption/ltcaption.sty
Package: ltcaption 2021/01/08 v1.4c longtable captions (AR)
)
Package caption Info: End \AtBeginDocument code.
 [1

{/home/starbot/.TinyTeX/texmf-var/fonts/map/pdftex/updmap/pdftex.map}] (./report.toc
LaTeX Font Info:    Trying to load font information for U+msa on input line 3.
 (/home/starbot/.TinyTeX/texmf-dist/tex/latex/amsfonts/umsa.fd
File: umsa.fd 2013/01/14 v3.01 AMS symbols A
)
LaTeX Font Info:    Trying to load font information for U+msb on input line 3.
 (/home/starbot/.TinyTeX/texmf-dist/tex/latex/amsfonts/umsb.fd
File: umsb.fd 2013/01/14 v3.01 AMS symbols B
)
pdfTeX warning (ext4): destination with the same identifier (name{page.1}) has been already used, duplicate ignored
<to be read again> 
                   \relax 
l.44 ...erline {A}Parameter Table}{41}{appendix.A}
                                                  % [1])
\tf@toc=\write4
\openout4 = `report.toc'.

 [2] [3{/home/starbot/.TinyTeX/texmf-dist/fonts/enc/dvips/cm-super/cm-super-ts1.enc}]
<figures/fig_S01.pdf, id=258, 840.06645pt x 876.8176pt>
File: figures/fig_S01.pdf Graphic file (type pdf)
<use figures/fig_S01.pdf>
Package pdftex.def Info: figures/fig_S01.pdf  used on input line 116.
(pdftex.def)             Requested size: 446.26582pt x 465.78145pt.
 [4] [5 <./figures/fig_S01.pdf>]
<figures/fig_S12.pdf, id=416, 1066.99704pt x 469.02415pt>
File: figures/fig_S12.pdf Graphic file (type pdf)
<use figures/fig_S12.pdf>
Package pdftex.def Info: figures/fig_S12.pdf  used on input line 128.
(pdftex.def)             Requested size: 446.26582pt x 196.16577pt.
<figures/fig_S03.pdf, id=417, 998.21854pt x 500.21254pt>
File: figures/fig_S03.pdf Graphic file (type pdf)
<use figures/fig_S03.pdf>
Package pdftex.def Info: figures/fig_S03.pdf  used on input line 143.
(pdftex.def)             Requested size: 446.26582pt x 223.62808pt.
 [6 <./figures/fig_S12.pdf>]
<figures/fig_S11.pdf, id=523, 1292.16614pt x 477.24673pt>
File: figures/fig_S11.pdf Graphic file (type pdf)
<use figures/fig_S11.pdf>
Package pdftex.def Info: figures/fig_S11.pdf  used on input line 158.
(pdftex.def)             Requested size: 446.26582pt x 164.81778pt.
 [7 <./figures/fig_S03.pdf>]
Overfull \hbox (2.63158pt too wide) in paragraph at lines 166--167
\OT1/cmr/m/n/10.95 The flush-ing rate $\OML/cmm/m/it/10.95 '$ \OT1/cmr/m/n/10.95 at each node---the rate at which lo-cal wa-ter (and dis-solved/suspended pathogens)
 []

<figures/fig_S05.pdf, id=633, 1040.98518pt x 500.5419pt>
File: figures/fig_S05.pdf Graphic file (type pdf)
<use figures/fig_S05.pdf>
Package pdftex.def Info: figures/fig_S05.pdf  used on input line 168.
(pdftex.def)             Requested size: 446.26582pt x 214.57962pt.
[8 <./figures/fig_S11.pdf>]
<figures/fig_S06.pdf, id=751, 846.71643pt x 695.67091pt>
File: figures/fig_S06.pdf Graphic file (type pdf)
<use figures/fig_S06.pdf>
Package pdftex.def Info: figures/fig_S06.pdf  used on input line 178.
(pdftex.def)             Requested size: 446.26582pt x 366.66573pt.
 [9 <./figures/fig_S05.pdf>] [10 <./figures/fig_S06.pdf>]
<figures/fig_S07.pdf, id=958, 953.27156pt x 696.31395pt>
File: figures/fig_S07.pdf Graphic file (type pdf)
<use figures/fig_S07.pdf>
Package pdftex.def Info: figures/fig_S07.pdf  used on input line 193.
(pdftex.def)             Requested size: 446.26582pt x 325.97137pt.
 [11 <./figures/fig_S07.pdf>]
Overfull \hbox (12.79272pt too wide) in paragraph at lines 205--206
[]\OT1/cmr/bx/n/10.95 Layer 2 --- Fresh-wa-ter de-pres-sion: \OT1/cmr/m/n/10.95 A latitude- and enclosedness-dependent glacial/snowmelt
 []

<figures/fig_S08.pdf, id=1057, 1101.66647pt x 826.88422pt>
File: figures/fig_S08.pdf Graphic file (type pdf)
<use figures/fig_S08.pdf>
Package pdftex.def Info: figures/fig_S08.pdf  used on input line 212.
(pdftex.def)             Requested size: 446.26582pt x 334.94936pt.
[12 <./figures/fig_S08.pdf>]
<figures/fig_S04.pdf, id=1173, 984.58907pt x 854.23138pt>
File: figures/fig_S04.pdf Graphic file (type pdf)
<use figures/fig_S04.pdf>
Package pdftex.def Info: figures/fig_S04.pdf  used on input line 222.
(pdftex.def)             Requested size: 446.26582pt x 387.18996pt.
 [13 <./figures/fig_S04.pdf>]
<figures/fig_S10.pdf, id=1275, 1065.09111pt x 472.38858pt>
File: figures/fig_S10.pdf Graphic file (type pdf)
<use figures/fig_S10.pdf>
Package pdftex.def Info: figures/fig_S10.pdf  used on input line 232.
(pdftex.def)             Requested size: 446.26582pt x 197.92612pt.
<figures/fig_S02.pdf, id=1277, 1011.79881pt x 367.88191pt>
File: figures/fig_S02.pdf Graphic file (type pdf)
<use figures/fig_S02.pdf>
Package pdftex.def Info: figures/fig_S02.pdf  used on input line 240.
(pdftex.def)             Requested size: 446.26582pt x 162.25586pt.
 [14 <./figures/fig_S10.pdf>]
<figures/fig_S09.pdf, id=1403, 1004.58534pt x 733.66933pt>
File: figures/fig_S09.pdf Graphic file (type pdf)
<use figures/fig_S09.pdf>
Package pdftex.def Info: figures/fig_S09.pdf  used on input line 243.
(pdftex.def)             Requested size: 446.26582pt x 325.91649pt.
 [15 <./figures/fig_S02.pdf> <./figures/fig_S09.pdf>]
<figures/fig_D01.pdf, id=1578, 689.45581pt x 551.04172pt>
File: figures/fig_D01.pdf Graphic file (type pdf)
<use figures/fig_D01.pdf>
Package pdftex.def Info: figures/fig_D01.pdf  used on input line 269.
(pdftex.def)             Requested size: 446.26582pt x 356.67621pt.
 [16] [17 <./figures/fig_D01.pdf>]
<figures/fig_D02.pdf, id=1754, 867.13898pt x 719.26407pt>
File: figures/fig_D02.pdf Graphic file (type pdf)
<use figures/fig_D02.pdf>
Package pdftex.def Info: figures/fig_D02.pdf  used on input line 288.
(pdftex.def)             Requested size: 446.26582pt x 370.16722pt.
 [18 <./figures/fig_D02.pdf>]
<figures/fig_D03.pdf, id=1873, 864.79103pt x 415.81033pt>
File: figures/fig_D03.pdf Graphic file (type pdf)
<use figures/fig_D03.pdf>
Package pdftex.def Info: figures/fig_D03.pdf  used on input line 310.
(pdftex.def)             Requested size: 446.26582pt x 214.57298pt.
 [19 <./figures/fig_D03.pdf>]
<figures/fig_D04.pdf, id=1984, 1093.62312pt x 365.14105pt>
File: figures/fig_D04.pdf Graphic file (type pdf)
<use figures/fig_D04.pdf>
Package pdftex.def Info: figures/fig_D04.pdf  used on input line 329.
(pdftex.def)             Requested size: 446.26582pt x 149.0012pt.
<figures/fig_D05.pdf, id=1986, 1084.86334pt x 365.14105pt>
File: figures/fig_D05.pdf Graphic file (type pdf)
<use figures/fig_D05.pdf>
Package pdftex.def Info: figures/fig_D05.pdf  used on input line 353.
(pdftex.def)             Requested size: 446.26582pt x 150.20467pt.
 [20 <./figures/fig_D04.pdf>]
<figures/fig_D06.pdf, id=2091, 795.03714pt x 365.14105pt>
File: figures/fig_D06.pdf Graphic file (type pdf)
<use figures/fig_D06.pdf>
Package pdftex.def Info: figures/fig_D06.pdf  used on input line 363.
(pdftex.def)             Requested size: 446.26582pt x 204.95674pt.
 [21 <./figures/fig_D05.pdf>]
<figures/fig_D07.pdf, id=2194, 1084.14532pt x 365.14105pt>
File: figures/fig_D07.pdf Graphic file (type pdf)
<use figures/fig_D07.pdf>
Package pdftex.def Info: figures/fig_D07.pdf  used on input line 380.
(pdftex.def)             Requested size: 446.26582pt x 150.30495pt.
 [22 <./figures/fig_D06.pdf>]
<figures/fig_D08.pdf, id=2297, 1084.10146pt x 365.14105pt>
File: figures/fig_D08.pdf Graphic file (type pdf)
<use figures/fig_D08.pdf>
Package pdftex.def Info: figures/fig_D08.pdf  used on input line 390.
(pdftex.def)             Requested size: 446.26582pt x 150.30495pt.
 [23 <./figures/fig_D07.pdf> <./figures/fig_D08.pdf>]
<figures/fig_D10.pdf, id=2500, 1083.84795pt x 365.14105pt>
File: figures/fig_D10.pdf Graphic file (type pdf)
<use figures/fig_D10.pdf>
Package pdftex.def Info: figures/fig_D10.pdf  used on input line 411.
(pdftex.def)             Requested size: 446.26582pt x 150.34395pt.
<figures/fig_D11.pdf, id=2502, 1076.33992pt x 365.14105pt>
File: figures/fig_D11.pdf Graphic file (type pdf)
<use figures/fig_D11.pdf>
Package pdftex.def Info: figures/fig_D11.pdf  used on input line 421.
(pdftex.def)             Requested size: 446.26582pt x 151.39142pt.
 [24 <./figures/fig_D10.pdf>]
<figures/fig_D09.pdf, id=2663, 1144.20172pt x 435.96565pt>
File: figures/fig_D09.pdf Graphic file (type pdf)
<use figures/fig_D09.pdf>
Package pdftex.def Info: figures/fig_D09.pdf  used on input line 431.
(pdftex.def)             Requested size: 446.26582pt x 170.03256pt.
<figures/fig_D12.pdf, id=2664, 939.61354pt x 719.26407pt>
File: figures/fig_D12.pdf Graphic file (type pdf)
<use figures/fig_D12.pdf>
Package pdftex.def Info: figures/fig_D12.pdf  used on input line 435.
(pdftex.def)             Requested size: 446.26582pt x 341.61008pt.
 [25 <./figures/fig_D11.pdf> <./figures/fig_D09.pdf>] [26 <./figures/fig_D12.pdf>]
<figures/fig_PG01.pdf, id=2976, 580.70798pt x 581.05081pt>
File: figures/fig_PG01.pdf Graphic file (type pdf)
<use figures/fig_PG01.pdf>
Package pdftex.def Info: figures/fig_PG01.pdf  used on input line 462.
(pdftex.def)             Requested size: 446.26582pt x 446.54163pt.
 [27] [28 <./figures/fig_PG01.pdf>]
<figures/fig_PG02.pdf, id=3013, 939.37639pt x 400.29488pt>
File: figures/fig_PG02.pdf Graphic file (type pdf)
<use figures/fig_PG02.pdf>
Package pdftex.def Info: figures/fig_PG02.pdf  used on input line 479.
(pdftex.def)             Requested size: 446.26582pt x 190.17258pt.
<figures/fig_PG03.pdf, id=3014, 939.36824pt x 400.29488pt>
File: figures/fig_PG03.pdf Graphic file (type pdf)
<use figures/fig_PG03.pdf>
Package pdftex.def Info: figures/fig_PG03.pdf  used on input line 496.
(pdftex.def)             Requested size: 446.26582pt x 190.17258pt.
 [29 <./figures/fig_PG02.pdf>]
<figures/fig_PG04.pdf, id=3046, 832.48914pt x 620.3175pt>
File: figures/fig_PG04.pdf Graphic file (type pdf)
<use figures/fig_PG04.pdf>
Package pdftex.def Info: figures/fig_PG04.pdf  used on input line 514.
(pdftex.def)             Requested size: 446.26582pt x 332.53389pt.
 [30 <./figures/fig_PG03.pdf>] [31 <./figures/fig_PG04.pdf>]
<figures/fig_PG05.pdf, id=3111, 1156.18265pt x 400.44215pt>
File: figures/fig_PG05.pdf Graphic file (type pdf)
<use figures/fig_PG05.pdf>
Package pdftex.def Info: figures/fig_PG05.pdf  used on input line 539.
(pdftex.def)             Requested size: 446.26582pt x 154.5648pt.
<figures/fig_PG06.pdf, id=3113, 1156.15692pt x 364.88258pt>
File: figures/fig_PG06.pdf Graphic file (type pdf)
<use figures/fig_PG06.pdf>
Package pdftex.def Info: figures/fig_PG06.pdf  used on input line 549.
(pdftex.def)             Requested size: 446.26582pt x 140.83934pt.
 [32 <./figures/fig_PG05.pdf>]
<figures/fig_PG08.pdf, id=3142, 939.3588pt x 400.29488pt>
File: figures/fig_PG08.pdf Graphic file (type pdf)
<use figures/fig_PG08.pdf>
Package pdftex.def Info: figures/fig_PG08.pdf  used on input line 571.
(pdftex.def)             Requested size: 446.26582pt x 190.17258pt.
 [33 <./figures/fig_PG06.pdf>]
<figures/fig_PG11.pdf, id=3166, 917.82903pt x 492.2785pt>
File: figures/fig_PG11.pdf Graphic file (type pdf)
<use figures/fig_PG11.pdf>
Package pdftex.def Info: figures/fig_PG11.pdf  used on input line 573.
(pdftex.def)             Requested size: 446.26582pt x 239.35571pt.
 [34 <./figures/fig_PG08.pdf> <./figures/fig_PG11.pdf>]
<figures/fig_PG07.pdf, id=3223, 939.36824pt x 506.53177pt>
File: figures/fig_PG07.pdf Graphic file (type pdf)
<use figures/fig_PG07.pdf>
Package pdftex.def Info: figures/fig_PG07.pdf  used on input line 588.
(pdftex.def)             Requested size: 446.26582pt x 240.64372pt.
<figures/fig_PG09.pdf, id=3225, 801.73221pt x 569.90791pt>
File: figures/fig_PG09.pdf Graphic file (type pdf)
<use figures/fig_PG09.pdf>
Package pdftex.def Info: figures/fig_PG09.pdf  used on input line 596.
(pdftex.def)             Requested size: 446.26582pt x 317.22441pt.
 [35 <./figures/fig_PG07.pdf>]
<figures/fig_PG10.pdf, id=3248, 1228.52164pt x 719.0056pt>
File: figures/fig_PG10.pdf Graphic file (type pdf)
<use figures/fig_PG10.pdf>
Package pdftex.def Info: figures/fig_PG10.pdf  used on input line 604.
(pdftex.def)             Requested size: 446.26582pt x 261.17867pt.
 [36 <./figures/fig_PG09.pdf>]
<figures/fig_PG12.pdf, id=3273, 596.5878pt x 521.23921pt>
File: figures/fig_PG12.pdf Graphic file (type pdf)
<use figures/fig_PG12.pdf>
Package pdftex.def Info: figures/fig_PG12.pdf  used on input line 612.
(pdftex.def)             Requested size: 446.26582pt x 389.91835pt.
 [37 <./figures/fig_PG10.pdf>] [38 <./figures/fig_PG12.pdf>] [39] [40]
Overfull \hbox (1.10172pt too wide) in paragraph at lines 725--725
[]|\OT1/cmr/m/n/10.95 indiv/node|  
 []

ignored error: Infinite glue shrinkage found in box being split [41] [42] (./report.aux)
 ***********
LaTeX2e <2025-11-01>
L3 programming layer <2026-01-19>
 ***********
Package rerunfilecheck Info: File `report.out' has not changed.
(rerunfilecheck)             Checksum: C3A35BD99A995A78A112642F33657B08;9341.
 ) 
Here is how much of TeX's memory you used:
 14021 strings out of 469514
 221668 string characters out of 5469758
 696159 words of memory out of 5000000
 42362 multiletter control sequences out of 15000+600000
 637160 words of font info for 74 fonts, out of 8000000 for 9000
 14 hyphenation exceptions out of 8191
 75i,13n,79p,961b,616s stack positions out of 10000i,1000n,20000p,200000b,200000s
</home/starbot/.TinyTeX/texmf-dist/fonts/type1/public/amsfonts/cm/cmbx10.pfb></home/starbot/.TinyTeX/texmf-dist/fonts/type1/public/amsfonts/cm/cmbx12.pfb></home/starbot/.TinyTeX/texmf-dist/fonts/type1/public/amsfonts/cm/cmbx8.pfb></home/starbot/.TinyTeX/texmf-dist/fonts/type1/public/amsfonts/cm/cmex10.pfb></home/starbot/.TinyTeX/texmf-dist/fonts/type1/public/amsfonts/cm/cmitt10.pfb></home/starbot/.TinyTeX/texmf-dist/fonts/type1/public/amsfonts/cm/cmmi10.pfb></home/starbot/.TinyTeX/texmf-dist/fonts/type1/public/amsfonts/cm/cmmi8.pfb></home/starbot/.TinyTeX/texmf-dist/fonts/type1/public/amsfonts/cm/cmr10.pfb></home/starbot/.TinyTeX/texmf-dist/fonts/type1/public/amsfonts/cm/cmr12.pfb></home/starbot/.TinyTeX/texmf-dist/fonts/type1/public/amsfonts/cm/cmr6.pfb></home/starbot/.TinyTeX/texmf-dist/fonts/type1/public/amsfonts/cm/cmr8.pfb></home/starbot/.TinyTeX/texmf-dist/fonts/type1/public/amsfonts/cm/cmsy10.pfb></home/starbot/.TinyTeX/texmf-dist/fonts/type1/public/amsfonts/cm/cmsy8.pfb></home/starbot/.TinyTeX/texmf-dist/fonts/type1/public/amsfonts/cm/cmti10.pfb></home/starbot/.TinyTeX/texmf-dist/fonts/type1/public/amsfonts/cm/cmtt10.pfb></home/starbot/.TinyTeX/texmf-dist/fonts/type1/public/amsfonts/symbols/msbm10.pfb></home/starbot/.TinyTeX/texmf-dist/fonts/type1/public/cm-super/sfrm1095.pfb>
Output written on report.pdf (43 pages, 25169714 bytes).
PDF statistics:
 3448 PDF objects out of 3580 (max. 8388607)
 963 compressed objects within 10 object streams
 153 named destinations out of 1000 (max. 500000)
 533 words of extra memory for PDF output out of 10000 (max. 10000000)

