This is pdfTeX, Version 3.141592653-2.6-1.40.28 (TeX Live 2025) (preloaded format=pdflatex 2026.2.21)  23 FEB 2026 01:36
entering extended mode
 restricted \write18 enabled.
 %&-line parsing enabled.
**main.tex
(./main.tex
LaTeX2e <2025-11-01>
L3 programming layer <2026-01-19>
(/home/starbot/.TinyTeX/texmf-dist/tex/latex/base/article.cls
Document Class: article 2025/01/22 v1.4n Standard LaTeX document class
(/home/starbot/.TinyTeX/texmf-dist/tex/latex/base/size12.clo
File: size12.clo 2025/01/22 v1.4n Standard LaTeX file (size option)
)
\c@part=\count275
\c@section=\count276
\c@subsection=\count277
\c@subsubsection=\count278
\c@paragraph=\count279
\c@subparagraph=\count280
\c@figure=\count281
\c@table=\count282
\abovecaptionskip=\skip49
\belowcaptionskip=\skip50
\bibindent=\dimen148
) (/home/starbot/.TinyTeX/texmf-dist/tex/latex/base/inputenc.sty
Package: inputenc 2024/02/08 v1.3d Input encoding file
\inpenc@prehook=\toks17
\inpenc@posthook=\toks18
) (/home/starbot/.TinyTeX/texmf-dist/tex/latex/base/fontenc.sty
Package: fontenc 2025/07/18 v2.1d Standard LaTeX package
) (/home/starbot/.TinyTeX/texmf-dist/tex/latex/amsmath/amsmath.sty
Package: amsmath 2025/07/09 v2.17z AMS math features
\@mathmargin=\skip51

For additional information on amsmath, use the `?' option.
(/home/starbot/.TinyTeX/texmf-dist/tex/latex/amsmath/amstext.sty
Package: amstext 2024/11/17 v2.01 AMS text
 (/home/starbot/.TinyTeX/texmf-dist/tex/latex/amsmath/amsgen.sty
File: amsgen.sty 1999/11/30 v2.0 generic functions
\@emptytoks=\toks19
\ex@=\dimen149
)) (/home/starbot/.TinyTeX/texmf-dist/tex/latex/amsmath/amsbsy.sty
Package: amsbsy 1999/11/29 v1.2d Bold Symbols
\pmbraise@=\dimen150
) (/home/starbot/.TinyTeX/texmf-dist/tex/latex/amsmath/amsopn.sty
Package: amsopn 2022/04/08 v2.04 operator names
)
\inf@bad=\count283
LaTeX Info: Redefining \frac on input line 233.
\uproot@=\count284
\leftroot@=\count285
LaTeX Info: Redefining \overline on input line 398.
LaTeX Info: Redefining \colon on input line 409.
\classnum@=\count286
\DOTSCASE@=\count287
LaTeX Info: Redefining \ldots on input line 495.
LaTeX Info: Redefining \dots on input line 498.
LaTeX Info: Redefining \cdots on input line 619.
\Mathstrutbox@=\box53
\strutbox@=\box54
LaTeX Info: Redefining \big on input line 721.
LaTeX Info: Redefining \Big on input line 722.
LaTeX Info: Redefining \bigg on input line 723.
LaTeX Info: Redefining \Bigg on input line 724.
\big@size=\dimen151
LaTeX Font Info:    Redeclaring font encoding OML on input line 742.
LaTeX Font Info:    Redeclaring font encoding OMS on input line 743.
\macc@depth=\count288
LaTeX Info: Redefining \bmod on input line 904.
LaTeX Info: Redefining \pmod on input line 909.
LaTeX Info: Redefining \smash on input line 939.
LaTeX Info: Redefining \relbar on input line 969.
LaTeX Info: Redefining \Relbar on input line 970.
\c@MaxMatrixCols=\count289
\dotsspace@=\muskip17
\c@parentequation=\count290
\dspbrk@lvl=\count291
\tag@help=\toks20
\row@=\count292
\column@=\count293
\maxfields@=\count294
\andhelp@=\toks21
\eqnshift@=\dimen152
\alignsep@=\dimen153
\tagshift@=\dimen154
\tagwidth@=\dimen155
\totwidth@=\dimen156
\lineht@=\dimen157
\@envbody=\toks22
\multlinegap=\skip52
\multlinetaggap=\skip53
\mathdisplay@stack=\toks23
LaTeX Info: Redefining \[ on input line 2950.
LaTeX Info: Redefining \] on input line 2951.
) (/home/starbot/.TinyTeX/texmf-dist/tex/latex/amsfonts/amssymb.sty
Package: amssymb 2013/01/14 v3.01 AMS font symbols
 (/home/starbot/.TinyTeX/texmf-dist/tex/latex/amsfonts/amsfonts.sty
Package: amsfonts 2013/01/14 v3.01 Basic AMSFonts support
\symAMSa=\mathgroup4
\symAMSb=\mathgroup5
LaTeX Font Info:    Redeclaring math symbol \hbar on input line 98.
LaTeX Font Info:    Overwriting math alphabet `\mathfrak' in version `bold'
(Font)                  U/euf/m/n --> U/euf/b/n on input line 106.
)) (/home/starbot/.TinyTeX/texmf-dist/tex/latex/graphics/graphicx.sty
Package: graphicx 2024/12/31 v1.2e Enhanced LaTeX Graphics (DPC,SPQR)
 (/home/starbot/.TinyTeX/texmf-dist/tex/latex/graphics/keyval.sty
Package: keyval 2022/05/29 v1.15 key=value parser (DPC)
\KV@toks@=\toks24
) (/home/starbot/.TinyTeX/texmf-dist/tex/latex/graphics/graphics.sty
Package: graphics 2024/08/06 v1.4g Standard LaTeX Graphics (DPC,SPQR)
 (/home/starbot/.TinyTeX/texmf-dist/tex/latex/graphics/trig.sty
Package: trig 2023/12/02 v1.11 sin cos tan (DPC)
) (/home/starbot/.TinyTeX/texmf-dist/tex/latex/graphics-cfg/graphics.cfg
File: graphics.cfg 2016/06/04 v1.11 sample graphics configuration
)
Package graphics Info: Driver file: pdftex.def on input line 106.
 (/home/starbot/.TinyTeX/texmf-dist/tex/latex/graphics-def/pdftex.def
File: pdftex.def 2025/09/29 v1.2d Graphics/color driver for pdftex
))
\Gin@req@height=\dimen158
\Gin@req@width=\dimen159
) (/home/starbot/.TinyTeX/texmf-dist/tex/latex/geometry/geometry.sty
Package: geometry 2020/01/02 v5.9 Page Geometry
 (/home/starbot/.TinyTeX/texmf-dist/tex/generic/iftex/ifvtex.sty
Package: ifvtex 2019/10/25 v1.7 ifvtex legacy package. Use iftex instead.
 (/home/starbot/.TinyTeX/texmf-dist/tex/generic/iftex/iftex.sty
Package: iftex 2024/12/12 v1.0g TeX engine tests
))
\Gm@cnth=\count295
\Gm@cntv=\count296
\c@Gm@tempcnt=\count297
\Gm@bindingoffset=\dimen160
\Gm@wd@mp=\dimen161
\Gm@odd@mp=\dimen162
\Gm@even@mp=\dimen163
\Gm@layoutwidth=\dimen164
\Gm@layoutheight=\dimen165
\Gm@layouthoffset=\dimen166
\Gm@layoutvoffset=\dimen167
\Gm@dimlist=\toks25
) (/home/starbot/.TinyTeX/texmf-dist/tex/latex/setspace/setspace.sty
Package: setspace 2022/12/04 v6.7b set line spacing
) (/home/starbot/.TinyTeX/texmf-dist/tex/latex/booktabs/booktabs.sty
Package: booktabs 2020/01/12 v1.61803398 Publication quality tables
\heavyrulewidth=\dimen168
\lightrulewidth=\dimen169
\cmidrulewidth=\dimen170
\belowrulesep=\dimen171
\belowbottomsep=\dimen172
\aboverulesep=\dimen173
\abovetopsep=\dimen174
\cmidrulesep=\dimen175
\cmidrulekern=\dimen176
\defaultaddspace=\dimen177
\@cmidla=\count298
\@cmidlb=\count299
\@aboverulesep=\dimen178
\@belowrulesep=\dimen179
\@thisruleclass=\count300
\@lastruleclass=\count301
\@thisrulewidth=\dimen180
) (/home/starbot/.TinyTeX/texmf-dist/tex/latex/multirow/multirow.sty
Package: multirow 2024/11/12 v2.9 Span multiple rows of a table
\multirow@colwidth=\skip54
\multirow@cntb=\count302
\multirow@dima=\skip55
\bigstrutjot=\dimen181
) (/home/starbot/.TinyTeX/texmf-dist/tex/latex/makecell/makecell.sty
Package: makecell 2009/08/03 V0.1e Managing of Tab Column Heads and Cells
 (/home/starbot/.TinyTeX/texmf-dist/tex/latex/tools/array.sty
Package: array 2025/09/25 v2.6n Tabular extension package (FMi)
\col@sep=\dimen182
\ar@mcellbox=\box55
\extrarowheight=\dimen183
\NC@list=\toks26
\extratabsurround=\skip56
\backup@length=\skip57
\ar@cellbox=\box56
)
\rotheadsize=\dimen184
\c@nlinenum=\count303
\TeXr@lab=\toks27
) (/home/starbot/.TinyTeX/texmf-dist/tex/latex/float/float.sty
Package: float 2001/11/08 v1.3d Float enhancements (AL)
\c@float@type=\count304
\float@exts=\toks28
\float@box=\box57
\@float@everytoks=\toks29
\@floatcapt=\box58
) (/home/starbot/.TinyTeX/texmf-dist/tex/latex/caption/caption.sty
Package: caption 2023/08/05 v3.6o Customizing captions (AR)
 (/home/starbot/.TinyTeX/texmf-dist/tex/latex/caption/caption3.sty
Package: caption3 2023/07/31 v2.4d caption3 kernel (AR)
\caption@tempdima=\dimen185
\captionmargin=\dimen186
\caption@leftmargin=\dimen187
\caption@rightmargin=\dimen188
\caption@width=\dimen189
\caption@indent=\dimen190
\caption@parindent=\dimen191
\caption@hangindent=\dimen192
Package caption Info: Standard document class detected.
)
\c@caption@flags=\count305
\c@continuedfloat=\count306
Package caption Info: float package is loaded.
) (/home/starbot/.TinyTeX/texmf-dist/tex/latex/caption/subcaption.sty
Package: subcaption 2023/07/28 v1.6b Sub-captions (AR)
Package caption Info: New subtype `subfigure' on input line 238.
\c@subfigure=\count307
Package caption Info: New subtype `subtable' on input line 238.
\c@subtable=\count308
) (/home/starbot/.TinyTeX/texmf-dist/tex/latex/xcolor/xcolor.sty
Package: xcolor 2024/09/29 v3.02 LaTeX color extensions (UK)
 (/home/starbot/.TinyTeX/texmf-dist/tex/latex/graphics-cfg/color.cfg
File: color.cfg 2016/01/02 v1.6 sample color configuration
)
Package xcolor Info: Driver file: pdftex.def on input line 274.
 (/home/starbot/.TinyTeX/texmf-dist/tex/latex/graphics/mathcolor.ltx)
Package xcolor Info: Model `cmy' substituted by `cmy0' on input line 1349.
Package xcolor Info: Model `hsb' substituted by `rgb' on input line 1353.
Package xcolor Info: Model `RGB' extended on input line 1365.
Package xcolor Info: Model `HTML' substituted by `rgb' on input line 1367.
Package xcolor Info: Model `Hsb' substituted by `hsb' on input line 1368.
Package xcolor Info: Model `tHsb' substituted by `hsb' on input line 1369.
Package xcolor Info: Model `HSB' substituted by `hsb' on input line 1370.
Package xcolor Info: Model `Gray' substituted by `gray' on input line 1371.
Package xcolor Info: Model `wave' substituted by `hsb' on input line 1372.
) (/home/starbot/.TinyTeX/texmf-dist/tex/latex/hyperref/hyperref.sty
Package: hyperref 2026-01-29 v7.01p Hypertext links for LaTeX
 (/home/starbot/.TinyTeX/texmf-dist/tex/latex/kvsetkeys/kvsetkeys.sty
Package: kvsetkeys 2022-10-05 v1.19 Key value parser (HO)
) (/home/starbot/.TinyTeX/texmf-dist/tex/generic/kvdefinekeys/kvdefinekeys.sty
Package: kvdefinekeys 2019-12-19 v1.6 Define keys (HO)
) (/home/starbot/.TinyTeX/texmf-dist/tex/generic/pdfescape/pdfescape.sty
Package: pdfescape 2019/12/09 v1.15 Implements pdfTeX's escape features (HO)
 (/home/starbot/.TinyTeX/texmf-dist/tex/generic/ltxcmds/ltxcmds.sty
Package: ltxcmds 2023-12-04 v1.26 LaTeX kernel commands for general use (HO)
) (/home/starbot/.TinyTeX/texmf-dist/tex/generic/pdftexcmds/pdftexcmds.sty
Package: pdftexcmds 2020-06-27 v0.33 Utility functions of pdfTeX for LuaTeX (HO)
 (/home/starbot/.TinyTeX/texmf-dist/tex/generic/infwarerr/infwarerr.sty
Package: infwarerr 2019/12/03 v1.5 Providing info/warning/error messages (HO)
)
Package pdftexcmds Info: \pdf@primitive is available.
Package pdftexcmds Info: \pdf@ifprimitive is available.
Package pdftexcmds Info: \pdfdraftmode found.
)) (/home/starbot/.TinyTeX/texmf-dist/tex/latex/hycolor/hycolor.sty
Package: hycolor 2020-01-27 v1.10 Color options for hyperref/bookmark (HO)
) (/home/starbot/.TinyTeX/texmf-dist/tex/latex/hyperref/nameref.sty
Package: nameref 2026-01-29 v2.58 Cross-referencing by name of section
 (/home/starbot/.TinyTeX/texmf-dist/tex/latex/refcount/refcount.sty
Package: refcount 2019/12/15 v3.6 Data extraction from label references (HO)
) (/home/starbot/.TinyTeX/texmf-dist/tex/generic/gettitlestring/gettitlestring.sty
Package: gettitlestring 2019/12/15 v1.6 Cleanup title references (HO)
 (/home/starbot/.TinyTeX/texmf-dist/tex/latex/kvoptions/kvoptions.sty
Package: kvoptions 2022-06-15 v3.15 Key value format for package options (HO)
))
\c@section@level=\count309
) (/home/starbot/.TinyTeX/texmf-dist/tex/latex/etoolbox/etoolbox.sty
Package: etoolbox 2025/10/02 v2.5m e-TeX tools for LaTeX (JAW)
\etb@tempcnta=\count310
) (/home/starbot/.TinyTeX/texmf-dist/tex/generic/stringenc/stringenc.sty
Package: stringenc 2019/11/29 v1.12 Convert strings between diff. encodings (HO)
)
\@linkdim=\dimen193
\Hy@linkcounter=\count311
\Hy@pagecounter=\count312
 (/home/starbot/.TinyTeX/texmf-dist/tex/latex/hyperref/pd1enc.def
File: pd1enc.def 2026-01-29 v7.01p Hyperref: PDFDocEncoding definition (HO)
Now handling font encoding PD1 ...
... no UTF-8 mapping file for font encoding PD1
) (/home/starbot/.TinyTeX/texmf-dist/tex/generic/intcalc/intcalc.sty
Package: intcalc 2019/12/15 v1.3 Expandable calculations with integers (HO)
)
\Hy@SavedSpaceFactor=\count313
 (/home/starbot/.TinyTeX/texmf-dist/tex/latex/hyperref/puenc.def
File: puenc.def 2026-01-29 v7.01p Hyperref: PDF Unicode definition (HO)
Now handling font encoding PU ...
... no UTF-8 mapping file for font encoding PU
)
Package hyperref Info: Hyper figures OFF on input line 4201.
Package hyperref Info: Link nesting OFF on input line 4206.
Package hyperref Info: Hyper index ON on input line 4209.
Package hyperref Info: Plain pages OFF on input line 4216.
Package hyperref Info: Backreferencing OFF on input line 4221.
Package hyperref Info: Implicit mode ON; LaTeX internals redefined.
Package hyperref Info: Bookmarks ON on input line 4468.
\c@Hy@tempcnt=\count314
 (/home/starbot/.TinyTeX/texmf-dist/tex/latex/url/url.sty
\Urlmuskip=\muskip18
Package: url 2013/09/16  ver 3.4  Verb mode for urls, etc.
)
LaTeX Info: Redefining \url on input line 4807.
\XeTeXLinkMargin=\dimen194
 (/home/starbot/.TinyTeX/texmf-dist/tex/generic/bitset/bitset.sty
Package: bitset 2019/12/09 v1.3 Handle bit-vector datatype (HO)
 (/home/starbot/.TinyTeX/texmf-dist/tex/generic/bigintcalc/bigintcalc.sty
Package: bigintcalc 2019/12/15 v1.5 Expandable calculations on big integers (HO)
))
\Fld@menulength=\count315
\Field@Width=\dimen195
\Fld@charsize=\dimen196
Package hyperref Info: Hyper figures OFF on input line 6084.
Package hyperref Info: Link nesting OFF on input line 6089.
Package hyperref Info: Hyper index ON on input line 6092.
Package hyperref Info: backreferencing OFF on input line 6099.
Package hyperref Info: Link coloring OFF on input line 6104.
Package hyperref Info: Link coloring with OCG OFF on input line 6109.
Package hyperref Info: PDF/A mode OFF on input line 6114.
\Hy@abspage=\count316
\c@Item=\count317
\c@Hfootnote=\count318
)
Package hyperref Info: Driver (autodetected): hpdftex.
 (/home/starbot/.TinyTeX/texmf-dist/tex/latex/hyperref/hpdftex.def
File: hpdftex.def 2026-01-29 v7.01p Hyperref driver for pdfTeX
\Fld@listcount=\count319
\c@bookmark@seq@number=\count320
 (/home/starbot/.TinyTeX/texmf-dist/tex/latex/rerunfilecheck/rerunfilecheck.sty
Package: rerunfilecheck 2025-06-21 v1.11 Rerun checks for auxiliary files (HO)
 (/home/starbot/.TinyTeX/texmf-dist/tex/generic/uniquecounter/uniquecounter.sty
Package: uniquecounter 2019/12/15 v1.4 Provide unlimited unique counter (HO)
)
Package uniquecounter Info: New unique counter `rerunfilecheck' on input line 284.
)
\Hy@SectionHShift=\skip58
) (/home/starbot/.TinyTeX/texmf-dist/tex/latex/natbib/natbib.sty
Package: natbib 2010/09/13 8.31b (PWD, AO)
\bibhang=\skip59
\bibsep=\skip60
LaTeX Info: Redefining \cite on input line 694.
\c@NAT@ctr=\count321
) (/home/starbot/.TinyTeX/texmf-dist/tex/latex/siunitx/siunitx.sty
Package: siunitx 2025-07-09 v3.4.14 A comprehensive (SI) units package
\l__siunitx_number_uncert_offset_int=\count322
\l__siunitx_number_exponent_fixed_int=\count323
\l__siunitx_number_min_decimal_int=\count324
\l__siunitx_number_min_integer_int=\count325
\l__siunitx_number_round_precision_int=\count326
\l__siunitx_number_lower_threshold_int=\count327
\l__siunitx_number_upper_threshold_int=\count328
\l__siunitx_number_group_first_int=\count329
\l__siunitx_number_group_size_int=\count330
\l__siunitx_number_group_minimum_int=\count331
\l__siunitx_angle_tmp_dim=\dimen197
\l__siunitx_angle_marker_box=\box59
\l__siunitx_angle_unit_box=\box60
\l__siunitx_compound_count_int=\count332
\l__siunitx_table_tmp_box=\box61
\l__siunitx_table_tmp_dim=\dimen198
\l__siunitx_table_column_width_dim=\dimen199
\l__siunitx_table_integer_box=\box62
\l__siunitx_table_decimal_box=\box63
\l__siunitx_table_uncert_box=\box64
\l__siunitx_table_before_box=\box65
\l__siunitx_table_after_box=\box66
\l__siunitx_table_before_dim=\dimen256
\l__siunitx_table_carry_dim=\dimen257
\l__siunitx_unit_tmp_int=\count333
\l__siunitx_unit_position_int=\count334
\l__siunitx_unit_total_int=\count335
) (/home/starbot/.TinyTeX/texmf-dist/tex/latex/lineno/lineno.sty
Package: lineno 2026/02/16 line numbers on paragraphs v5.7
\linenopenalty=\count336
\output=\toks30
\linenoprevgraf=\count337
\linenumbersep=\dimen258
\linenumberwidth=\dimen259
\c@linenumber=\count338
\c@pagewiselinenumber=\count339
\c@LN@truepage=\count340
\c@internallinenumber=\count341
\c@internallinenumbers=\count342
\quotelinenumbersep=\dimen260
\bframerule=\dimen261
\bframesep=\dimen262
\bframebox=\box67
\@LN@amsmath@ams@eqpen=\count343
) (/home/starbot/.TinyTeX/texmf-dist/tex/latex/appendix/appendix.sty
Package: appendix 2020/02/08 v1.2c extra appendix facilities
\c@@pps=\count344
\c@@ppsavesec=\count345
\c@@ppsaveapp=\count346
) (/home/starbot/.TinyTeX/texmf-dist/tex/latex/tools/longtable.sty
Package: longtable 2025-10-13 v4.24 Multi-page Table package (DPC)
\LTleft=\skip61
\LTright=\skip62
\LTpre=\skip63
\LTpost=\skip64
\LTchunksize=\count347
\LTcapwidth=\dimen263
\LT@head=\box68
\LT@firsthead=\box69
\LT@foot=\box70
\LT@lastfoot=\box71
\LT@gbox=\box72
\LT@cols=\count348
\LT@rows=\count349
\c@LT@tables=\count350
\c@LT@chunks=\count351
\LT@p@ftn=\toks31
) (/home/starbot/.TinyTeX/texmf-dist/tex/latex/pdflscape/pdflscape.sty
Package: pdflscape 2025-06-23 v0.14 Display of landscape pages in PDF
 (/home/starbot/.TinyTeX/texmf-dist/tex/latex/pdflscape/pdflscape-nometadata.sty
Package: pdflscape-nometadata 2025-06-23 v0.14 Display of landscape pages in PDF (HO)
 (/home/starbot/.TinyTeX/texmf-dist/tex/latex/graphics/lscape.sty
Package: lscape 2020/05/28 v3.02 Landscape Pages (DPC)
)
Package pdflscape Info: Auto-detected driver: pdftex on input line 81.
)) (/home/starbot/.TinyTeX/texmf-dist/tex/latex/preprint/authblk.sty
Package: authblk 2001/02/27 1.3 (PWD)
\affilsep=\skip65
\@affilsep=\skip66
\c@Maxaffil=\count352
\c@authors=\count353
\c@affil=\count354
) (/home/starbot/.TinyTeX/texmf-dist/tex/latex/enumitem/enumitem.sty
Package: enumitem 2025/02/06 v3.11 Customized lists
\labelindent=\skip67
\enit@outerparindent=\dimen264
\enit@toks=\toks32
\enit@inbox=\box73
\enit@count@id=\count355
\enitdp@description=\count356
) (/home/starbot/.TinyTeX/texmf-dist/tex/generic/ulem/ulem.sty
\UL@box=\box74
\UL@hyphenbox=\box75
\UL@skip=\skip68
\UL@hook=\toks33
\UL@height=\dimen265
\UL@pe=\count357
\UL@pixel=\dimen266
\ULC@box=\box76
Package: ulem 2019/11/18
\ULdepth=\dimen267
) (/home/starbot/.TinyTeX/texmf-dist/tex/latex/l3backend/l3backend-pdftex.def
File: l3backend-pdftex.def 2025-10-09 L3 backend support: PDF output (pdfTeX)
\l__color_backend_stack_int=\count358
) (./main.aux)
\openout1 = `main.aux'.

LaTeX Font Info:    Checking defaults for OML/cmm/m/it on input line 53.
LaTeX Font Info:    ... okay on input line 53.
LaTeX Font Info:    Checking defaults for OMS/cmsy/m/n on input line 53.
LaTeX Font Info:    ... okay on input line 53.
LaTeX Font Info:    Checking defaults for OT1/cmr/m/n on input line 53.
LaTeX Font Info:    ... okay on input line 53.
LaTeX Font Info:    Checking defaults for T1/cmr/m/n on input line 53.
LaTeX Font Info:    ... okay on input line 53.
LaTeX Font Info:    Checking defaults for TS1/cmr/m/n on input line 53.
LaTeX Font Info:    ... okay on input line 53.
LaTeX Font Info:    Checking defaults for OMX/cmex/m/n on input line 53.
LaTeX Font Info:    ... okay on input line 53.
LaTeX Font Info:    Checking defaults for U/cmr/m/n on input line 53.
LaTeX Font Info:    ... okay on input line 53.
LaTeX Font Info:    Checking defaults for PD1/pdf/m/n on input line 53.
LaTeX Font Info:    ... okay on input line 53.
LaTeX Font Info:    Checking defaults for PU/pdf/m/n on input line 53.
LaTeX Font Info:    ... okay on input line 53.
 (/home/starbot/.TinyTeX/texmf-dist/tex/latex/epstopdf-pkg/epstopdf-base.sty
Package: epstopdf-base 2020-01-24 v2.11 Base part for package epstopdf
 (/home/starbot/.TinyTeX/texmf-dist/tex/latex/grfext/grfext.sty
Package: grfext 2019/12/03 v1.3 Manage graphics extensions (HO)
)
Package epstopdf-base Info: Redefining graphics rule for `.eps' on input line 485.
Package grfext Info: Graphics extension search list:
(grfext)             [.pdf,.png,.jpg,.mps,.jpeg,.jbig2,.jb2,.PDF,.PNG,.JPG,.JPEG,.JBIG2,.JB2,.eps]
(grfext)             \AppendGraphicsExtensions on input line 504.
 (/home/starbot/.TinyTeX/texmf-dist/tex/latex/latexconfig/epstopdf-sys.cfg
File: epstopdf-sys.cfg 2010/07/13 v1.3 Configuration of (r)epstopdf for TeX Live
))
*geometry* driver: auto-detecting
*geometry* detected driver: pdftex
*geometry* verbose mode - [ preamble ] result:
* driver: pdftex
* paper: <default>
* layout: <same size as paper>
* layoutoffset:(h,v)=(0.0pt,0.0pt)
* modes: 
* h-part:(L,W,R)=(72.26999pt, 469.75502pt, 72.26999pt)
* v-part:(T,H,B)=(72.26999pt, 650.43001pt, 72.26999pt)
* \paperwidth=614.295pt
* \paperheight=794.96999pt
* \textwidth=469.75502pt
* \textheight=650.43001pt
* \oddsidemargin=0.0pt
* \evensidemargin=0.0pt
* \topmargin=-37.0pt
* \headheight=12.0pt
* \headsep=25.0pt
* \topskip=12.0pt
* \footskip=30.0pt
* \marginparwidth=44.0pt
* \marginparsep=10.0pt
* \columnsep=10.0pt
* \skip\footins=10.8pt plus 4.0pt minus 2.0pt
* \hoffset=0.0pt
* \voffset=0.0pt
* \mag=1000
* \@twocolumnfalse
* \@twosidefalse
* \@mparswitchfalse
* \@reversemarginfalse
* (1in=72.27pt=25.4mm, 1cm=28.453pt)

Package caption Info: Begin \AtBeginDocument code.
Package caption Info: hyperref package is loaded.
Package caption Info: longtable package is loaded.
(/home/starbot/.TinyTeX/texmf-dist/tex/latex/caption/ltcaption.sty
Package: ltcaption 2021/01/08 v1.4c longtable captions (AR)
)
Package caption Info: End \AtBeginDocument code.
Package hyperref Info: Link coloring OFF on input line 53.
 (./main.out) (./main.out)
\@outlinefile=\write3
\openout3 = `main.out'.

LaTeX Font Info:    Trying to load font information for U+msa on input line 54.
 (/home/starbot/.TinyTeX/texmf-dist/tex/latex/amsfonts/umsa.fd
File: umsa.fd 2013/01/14 v3.01 AMS symbols A
)
LaTeX Font Info:    Trying to load font information for U+msb on input line 54.
 (/home/starbot/.TinyTeX/texmf-dist/tex/latex/amsfonts/umsb.fd
File: umsb.fd 2013/01/14 v3.01 AMS symbols B
) (./sections/paper/abstract.tex) [1

{/home/starbot/.TinyTeX/texmf-var/fonts/map/pdftex/updmap/pdftex.map}{/home/starbot/.TinyTeX/texmf-dist/fonts/enc/dvips/cm-super/cm-super-t1.enc}] (./sections/paper/introduction.tex [2] [3]) (./sections/paper/methods_overview.tex [4]
Overfull \hbox (7.41727pt too wide) in paragraph at lines 33--37
[]\T1/cmr/bx/n/12 Spatial struc-ture \T1/cmr/m/n/12 --- a metapop-u-la-tion net-work of habi-tat nodes con-nected by distance-
 []

) [5] (./sections/paper/methods_disease.tex [6] [7] [8]) (./sections/paper/methods_genetics.tex [9]

LaTeX Warning: Reference `sec:sensitivity_analysis' on page 10 undefined on input line 60.

[10]
! Missing { inserted.
<to be read again> 
                   \mathop 
l.135 ...{eff} = \mu_{I_2 D}(T)(1 - t_i\,\tau_\max
                                                  )$
A left brace was mandatory here, so I've put one in.
You might want to delete and/or insert some corrections
so that I will find a matching right brace soon.
(If you're confused by all this, try typing `I}' now.)

! Missing } inserted.
<inserted text> 
                }
l.135 ...ff} = \mu_{I_2 D}(T)(1 - t_i\,\tau_\max)$
                                                  
I've inserted something that you may have forgotten.
(See the <inserted text> above.)
With luck, this will get me unwedged. But if you
really didn't forget anything, try typing `2' now; then
my insertion and my current dilemma will both disappear.

! Missing { inserted.
<to be read again> 
                   \mathop 
l.136 with $\tau_\max
                      = 0.85$ and a 5\% floor
A left brace was mandatory here, so I've put one in.
You might want to delete and/or insert some corrections
so that I will find a matching right brace soon.
(If you're confused by all this, try typing `I}' now.)

! Missing } inserted.
<inserted text> 
                }
l.136 with $\tau_\max = 0.85$
                              and a 5\% floor
I've inserted something that you may have forgotten.
(See the <inserted text> above.)
With luck, this will get me unwedged. But if you
really didn't forget anything, try typing `2' now; then
my insertion and my current dilemma will both disappear.

[11]) (./sections/paper/methods_population.tex [12] [13]) (./sections/paper/methods_spatial.tex

LaTeX Warning: Reference `fig:study_map' on page 14 undefined on input line 20.

[14] [15{/home/starbot/.TinyTeX/texmf-dist/fonts/enc/dvips/cm-super/cm-super-ts1.enc}]) (./sections/paper/methods_parameterization.tex

LaTeX Warning: Reference `tab:param_summary' on page 16 undefined on input line 17.

[16]

LaTeX Warning: Reference `sec:calibration' on page 17 undefined on input line 57.


LaTeX Warning: Reference `sec:sensitivity' on page 17 undefined on input line 71.

) [17] (./sections/paper/methods_sensitivity.tex

LaTeX Warning: Reference `tab:param_ranges' on page 18 undefined on input line 32.

[18] [19]) (./sections/paper/methods_calibration.tex [20] [21]) (./sections/paper/results.tex [22] [23] [24] [25]
Overfull \hbox (4.86667pt too wide) detected at line 305
 $\OMS/cmsy/m/n/10.95 y$ 
 []


Overfull \hbox (4.86667pt too wide) detected at line 305
 $\OMS/cmsy/m/n/10.95 y$ 
 []


Overfull \hbox (4.86667pt too wide) detected at line 306
 $\OMS/cmsy/m/n/10.95 y$ 
 []


Overfull \hbox (4.86667pt too wide) detected at line 307
 $\OMS/cmsy/m/n/10.95 y$ 
 []


Overfull \hbox (4.86667pt too wide) detected at line 307
 $\OMS/cmsy/m/n/10.95 y$ 
 []


Overfull \hbox (4.86667pt too wide) detected at line 308
 $\OMS/cmsy/m/n/10.95 y$ 
 []

[26] [27]) (./sections/paper/discussion.tex [28]

Package hyperref Warning: Token not allowed in a PDF string (Unicode):
(hyperref)                removing `math shift' on input line 65.


Package hyperref Warning: Token not allowed in a PDF string (Unicode):
(hyperref)                removing `\to' on input line 65.


Package hyperref Warning: Token not allowed in a PDF string (Unicode):
(hyperref)                removing `math shift' on input line 65.

[29] [30] [31] [32]
Overfull \hbox (4.02243pt too wide) in paragraph at lines 295--303
 []\T1/cmr/bx/n/12 Genomic in-te-gra-tion.[] \T1/cmr/m/n/12 The \T1/cmr/m/it/12 Py-c-nopo-dia he-lianthoides \T1/cmr/m/n/12 ref-er-ence genome [[]] en-ables GWAS
 []

) [33] (./main.bbl [34] [35] [36] [37] [38] [39]
Underfull \hbox (badness 10000) in paragraph at lines 356--360
[]\T1/cmr/m/n/12 John Ryan.  San juans' sea stars start long crawl back from near-
 []


Underfull \hbox (badness 3872) in paragraph at lines 356--360
\T1/cmr/m/n/12 extinction.  KUOW, Au-gust 2024.  URL []$\T1/cmtt/m/n/12 https : / / www . kuow . org / stories /
 []

[40]
Underfull \hbox (badness 10000) in paragraph at lines 408--412
[]\T1/cmr/m/n/12 Sunflower Star Lab-o-ra-tory.  First tem-po-rary ex-per-i-men-tal out-
 []


Underfull \hbox (badness 10000) in paragraph at lines 408--412
\T1/cmr/m/n/12 plant-ing of sun-flower stars in Cal-i-for-nia.  SSL Press Re-lease, De-
 []


Underfull \hbox (badness 10000) in paragraph at lines 408--412
\T1/cmr/m/n/12 cem-ber 2025.  URL []$\T1/cmtt/m/n/12 https : / / www . sunflowerstarlab . org / news /
 []

) [41] (./sections/paper/supplementary.tex
Overfull \hbox (1.00462pt too wide) in paragraph at lines 34--34
[]|\T1/cmr/bx/n/12 Default| 
 []


Underfull \hbox (badness 10000) in paragraph at lines 34--34
[]|\T1/cmr/bx/n/12 SA
 []


Overfull \hbox (10.51181pt too wide) in alignment at lines 26--37
 [] [] [] [] [] [] [] 
 []


Overfull \hbox (1.00462pt too wide) in paragraph at lines 40--40
[]|\T1/cmr/bx/n/12 Default| 
 []


Underfull \hbox (badness 10000) in paragraph at lines 40--40
[]|\T1/cmr/bx/n/12 SA
 []


Overfull \hbox (10.51181pt too wide) in alignment at lines 37--43
 [] [] [] [] [] [] [] 
 []


Overfull \hbox (10.51181pt too wide) in alignment at lines 43--46
 [] [] [] [] [] [] [] 
 []


Overfull \hbox (10.51181pt too wide) in alignment at lines 46--48
 [] [] [] [] [] [] [] 
 []


Overfull \hbox (3.92393pt too wide) in paragraph at lines 50--50
[]|\T1/cmr/m/n/12 0.233d$[]$| 
 []


Underfull \hbox (badness 3724) in paragraph at lines 51--52
[]|\T1/cmr/m/n/12 Prentice et al.
 []


Overfull \hbox (3.92393pt too wide) in paragraph at lines 52--52
[]|\T1/cmr/m/n/12 0.434d$[]$| 
 []


Underfull \hbox (badness 3724) in paragraph at lines 53--54
[]|\T1/cmr/m/n/12 Prentice et al.
 []


Overfull \hbox (3.92393pt too wide) in paragraph at lines 54--54
[]|\T1/cmr/m/n/12 0.563d$[]$| 
 []


Underfull \hbox (badness 3724) in paragraph at lines 55--56
[]|\T1/cmr/m/n/12 Prentice et al.
 []


Overfull \hbox (10.51181pt too wide) in alignment at lines 48--60
 [] [] [] [] [] [] [] 
 []

[42

] [43] [44] [45]) [46] (./main.aux)
 ***********
LaTeX2e <2025-11-01>
L3 programming layer <2026-01-19>
 ***********


LaTeX Warning: There were undefined references.


LaTeX Warning: Label(s) may have changed. Rerun to get cross-references right.

Package rerunfilecheck Info: File `main.out' has not changed.
(rerunfilecheck)             Checksum: 4B9E15FABE61A218F160B39313E30132;7402.
 ) 
Here is how much of TeX's memory you used:
 17604 strings out of 469514
 323738 string characters out of 5469758
 725626 words of memory out of 5000000
 45725 multiletter control sequences out of 15000+600000
 654613 words of font info for 111 fonts, out of 8000000 for 9000
 14 hyphenation exceptions out of 8191
 75i,14n,79p,1877b,1289s stack positions out of 10000i,1000n,20000p,200000b,200000s
</home/starbot/.TinyTeX/texmf-dist/fonts/type1/public/amsfonts/cm/cmbx10.pfb></home/starbot/.TinyTeX/texmf-dist/fonts/type1/public/amsfonts/cm/cmbx12.pfb></home/starbot/.TinyTeX/texmf-dist/fonts/type1/public/amsfonts/cm/cmex10.pfb></home/starbot/.TinyTeX/texmf-dist/fonts/type1/public/amsfonts/cm/cmmi10.pfb></home/starbot/.TinyTeX/texmf-dist/fonts/type1/public/amsfonts/cm/cmmi12.pfb></home/starbot/.TinyTeX/texmf-dist/fonts/type1/public/amsfonts/cm/cmmi6.pfb></home/starbot/.TinyTeX/texmf-dist/fonts/type1/public/amsfonts/cm/cmmi8.pfb></home/starbot/.TinyTeX/texmf-dist/fonts/type1/public/amsfonts/cm/cmmib10.pfb></home/starbot/.TinyTeX/texmf-dist/fonts/type1/public/amsfonts/cm/cmr10.pfb></home/starbot/.TinyTeX/texmf-dist/fonts/type1/public/amsfonts/cm/cmr12.pfb></home/starbot/.TinyTeX/texmf-dist/fonts/type1/public/amsfonts/cm/cmr6.pfb></home/starbot/.TinyTeX/texmf-dist/fonts/type1/public/amsfonts/cm/cmr8.pfb></home/starbot/.TinyTeX/texmf-dist/fonts/type1/public/amsfonts/cm/cmsy10.pfb></home/starbot/.TinyTeX/texmf-dist/fonts/type1/public/amsfonts/cm/cmsy6.pfb></home/starbot/.TinyTeX/texmf-dist/fonts/type1/public/amsfonts/cm/cmsy8.pfb></home/starbot/.TinyTeX/texmf-dist/fonts/type1/public/cm-super/sfbx1095.pfb></home/starbot/.TinyTeX/texmf-dist/fonts/type1/public/cm-super/sfbx1200.pfb></home/starbot/.TinyTeX/texmf-dist/fonts/type1/public/cm-super/sfbx1440.pfb></home/starbot/.TinyTeX/texmf-dist/fonts/type1/public/cm-super/sfbx1728.pfb></home/starbot/.TinyTeX/texmf-dist/fonts/type1/public/cm-super/sfrm0800.pfb></home/starbot/.TinyTeX/texmf-dist/fonts/type1/public/cm-super/sfrm1000.pfb></home/starbot/.TinyTeX/texmf-dist/fonts/type1/public/cm-super/sfrm1095.pfb></home/starbot/.TinyTeX/texmf-dist/fonts/type1/public/cm-super/sfrm1200.pfb></home/starbot/.TinyTeX/texmf-dist/fonts/type1/public/cm-super/sfrm1440.pfb></home/starbot/.TinyTeX/texmf-dist/fonts/type1/public/cm-super/sfrm2074.pfb></home/starbot/.TinyTeX/texmf-dist/fonts/type1/public/cm-super/sfss0800.pfb></home/starbot/.TinyTeX/texmf-dist/fonts/type1/public/cm-super/sfti1095.pfb></home/starbot/.TinyTeX/texmf-dist/fonts/type1/public/cm-super/sfti1200.pfb></home/starbot/.TinyTeX/texmf-dist/fonts/type1/public/cm-super/sfti2074.pfb></home/starbot/.TinyTeX/texmf-dist/fonts/type1/public/cm-super/sftt1095.pfb></home/starbot/.TinyTeX/texmf-dist/fonts/type1/public/cm-super/sftt1200.pfb>
Output written on main.pdf (46 pages, 667357 bytes).
PDF statistics:
 949 PDF objects out of 1000 (max. 8388607)
 828 compressed objects within 9 object streams
 269 named destinations out of 1000 (max. 500000)
 345 words of extra memory for PDF output out of 10000 (max. 10000000)

