=== Agentic Calibration Runner ===
Seeds: [123]
K: 5000, K_cv: 0.5, Years: 13, Disease year: 1
Overrides: 26 params

Building 896-node network (D_P=15.0, max_range=None, n_conn=0.3, α_self=[0.02,0.70])...
Loaded enclosedness data for 896 sites
Matched AK-AL-004 → AK-AL-004 (0.0 km)
Matched AK-AL-012 → AK-AL-012 (0.0 km)
Matched AK-AL-015 → AK-AL-015 (0.0 km)
Matched AK-AL-013 → AK-AL-013 (0.0 km)
Matched AK-AL-010 → AK-AL-010 (0.0 km)
Matched AK-AL-007 → AK-AL-007 (0.0 km)
Matched AK-AL-009 → AK-AL-009 (0.0 km)
Matched AK-WG-078 → AK-WG-078 (0.0 km)
Matched AK-WG-073 → AK-WG-073 (0.0 km)
Matched AK-AL-003 → AK-AL-003 (0.0 km)
Matched AK-AL-014 → AK-AL-014 (0.0 km)
Matched AK-WG-076 → AK-WG-076 (0.0 km)
Matched AK-WG-071 → AK-WG-071 (0.0 km)
Matched AK-WG-070 → AK-WG-070 (0.0 km)
Matched AK-WG-077 → AK-WG-077 (0.0 km)
Matched AK-AL-011 → AK-AL-011 (0.0 km)
Matched AK-PWS-031 → AK-PWS-031 (0.0 km)
Matched AK-PWS-041 → AK-PWS-041 (0.0 km)
Matched AK-PWS-022 → AK-PWS-022 (0.0 km)
Matched AK-PWS-002 → AK-PWS-002 (0.0 km)
Matched AK-PWS-025 → AK-PWS-025 (0.0 km)
Matched AK-PWS-034 → AK-PWS-034 (0.0 km)
Matched AK-EG-008 → AK-EG-008 (0.0 km)
Matched AK-EG-017 → AK-EG-017 (0.0 km)
Matched AK-OC-001 → AK-OC-001 (0.0 km)
Matched AK-EG-014 → AK-EG-014 (0.0 km)
Matched AK-PWS-007 → AK-PWS-007 (0.0 km)
Matched AK-PWS-013 → AK-PWS-013 (0.0 km)
Matched AK-PWS-030 → AK-PWS-030 (0.0 km)
Matched AK-EG-003 → AK-EG-003 (0.0 km)
Matched AK-PWS-032 → AK-PWS-032 (0.0 km)
Matched AK-PWS-018 → AK-PWS-018 (0.0 km)
Matched AK-PWS-023 → AK-PWS-023 (0.0 km)
Matched AK-PWS-011 → AK-PWS-011 (0.0 km)
Matched AK-PWS-008 → AK-PWS-008 (0.0 km)
Matched AK-PWS-009 → AK-PWS-009 (0.0 km)
Matched AK-PWS-039 → AK-PWS-039 (0.0 km)
Matched AK-FN-038 → AK-FN-038 (0.0 km)
Matched AK-FN-040 → AK-FN-040 (0.0 km)
Matched AK-OC-016 → AK-OC-016 (0.0 km)
Matched AK-FN-008 → AK-FN-008 (0.0 km)
Matched AK-FN-010 → AK-FN-010 (0.0 km)
Matched AK-FN-004 → AK-FN-004 (0.0 km)
Matched AK-FN-007 → AK-FN-007 (0.0 km)
Matched AK-FN-002 → AK-FN-002 (0.0 km)
Matched AK-OC-004 → AK-OC-004 (0.0 km)
Matched AK-FN-011 → AK-FN-011 (0.0 km)
Matched AK-FN-015 → AK-FN-015 (0.0 km)
Matched AK-FN-018 → AK-FN-018 (0.0 km)
Matched AK-FN-026 → AK-FN-026 (0.0 km)
Matched AK-FN-029 → AK-FN-029 (0.0 km)
Matched AK-FN-035 → AK-FN-035 (0.0 km)
Matched AK-FN-033 → AK-FN-033 (0.0 km)
Matched AK-FS-001 → AK-FS-001 (0.0 km)
Matched AK-FN-041 → AK-FN-041 (0.0 km)
Matched AK-FS-009 → AK-FS-009 (0.0 km)
Matched AK-FS-010 → AK-FS-010 (0.0 km)
Matched AK-FS-002 → AK-FS-002 (0.0 km)
Matched AK-FN-039 → AK-FN-039 (0.0 km)
Matched AK-FS-035 → AK-FS-035 (0.0 km)
Matched AK-FS-032 → AK-FS-032 (0.0 km)
Matched AK-FS-031 → AK-FS-031 (0.0 km)
Matched AK-FS-028 → AK-FS-028 (0.0 km)
Matched AK-FN-017 → AK-FN-017 (0.0 km)
Matched AK-FN-009 → AK-FN-009 (0.0 km)
Matched AK-OC-008 → AK-OC-008 (0.0 km)
Matched AK-FN-037 → AK-FN-037 (0.0 km)
Matched AK-FN-020 → AK-FN-020 (0.0 km)
Matched AK-FN-019 → AK-FN-019 (0.0 km)
Matched AK-FN-025 → AK-FN-025 (0.0 km)
Matched AK-FS-011 → AK-FS-011 (0.0 km)
Matched AK-FS-027 → AK-FS-027 (0.0 km)
Matched AK-FS-025 → AK-FS-025 (0.0 km)
Matched AK-FN-027 → AK-FN-027 (0.0 km)
Matched AK-FN-022 → AK-FN-022 (0.0 km)
Matched AK-FS-003 → AK-FS-003 (0.0 km)
Matched AK-FS-004 → AK-FS-004 (0.0 km)
Matched AK-FS-023 → AK-FS-023 (0.0 km)
Matched AK-FS-015 → AK-FS-015 (0.0 km)
Matched AK-FS-018 → AK-FS-018 (0.0 km)
Matched AK-FS-005 → AK-FS-005 (0.0 km)
Matched AK-FS-029 → AK-FS-029 (0.0 km)
Matched AK-FS-045 → AK-FS-045 (0.0 km)
Matched AK-WG-044 → AK-WG-044 (0.0 km)
Matched AK-WG-031 → AK-WG-031 (0.0 km)
Matched AK-WG-035 → AK-WG-035 (0.0 km)
Matched AK-WG-032 → AK-WG-032 (0.0 km)
Matched AK-WG-007 → AK-WG-007 (0.0 km)
Matched AK-WG-015 → AK-WG-015 (0.0 km)
Matched AK-WG-009 → AK-WG-009 (0.0 km)
Matched AK-EG-002 → AK-EG-002 (0.0 km)
Matched AK-EG-006 → AK-EG-006 (0.0 km)
Matched AK-WG-066 → AK-WG-066 (0.0 km)
Matched AK-WG-021 → AK-WG-021 (0.0 km)
Matched AK-WG-057 → AK-WG-057 (0.0 km)
Matched AK-WG-060 → AK-WG-060 (0.0 km)
Matched AK-WG-006 → AK-WG-006 (0.0 km)
Matched AK-WG-039 → AK-WG-039 (0.0 km)
Matched AK-WG-045 → AK-WG-045 (0.0 km)
Matched AK-WG-053 → AK-WG-053 (0.0 km)
Matched AK-EG-012 → AK-EG-012 (0.0 km)
Matched AK-WG-012 → AK-WG-012 (0.0 km)
Matched AK-WG-014 → AK-WG-014 (0.0 km)
Matched AK-WG-023 → AK-WG-023 (0.0 km)
Matched AK-WG-016 → AK-WG-016 (0.0 km)
Matched AK-WG-046 → AK-WG-046 (0.0 km)
Matched AK-WG-048 → AK-WG-048 (0.0 km)
Matched AK-WG-051 → AK-WG-051 (0.0 km)
Matched AK-WG-058 → AK-WG-058 (0.0 km)
Matched AK-WG-041 → AK-WG-041 (0.0 km)
Matched AK-WG-047 → AK-WG-047 (0.0 km)
Matched AK-WG-005 → AK-WG-005 (0.0 km)
Matched AK-WG-003 → AK-WG-003 (0.0 km)
Matched AK-WG-002 → AK-WG-002 (0.0 km)
Matched AK-WG-028 → AK-WG-028 (0.0 km)
Matched AK-WG-033 → AK-WG-033 (0.0 km)
Matched AK-WG-036 → AK-WG-036 (0.0 km)
Matched AK-WG-030 → AK-WG-030 (0.0 km)
Matched AK-WG-038 → AK-WG-038 (0.0 km)
Matched AK-WG-054 → AK-WG-054 (0.0 km)
Matched AK-WG-049 → AK-WG-049 (0.0 km)
Matched AK-WG-050 → AK-WG-050 (0.0 km)
Matched AK-WG-055 → AK-WG-055 (0.0 km)
Matched AK-WG-059 → AK-WG-059 (0.0 km)
Matched AK-WG-029 → AK-WG-029 (0.0 km)
Matched AK-WG-025 → AK-WG-025 (0.0 km)
Matched AK-EG-015 → AK-EG-015 (0.0 km)
Matched AK-EG-009 → AK-EG-009 (0.0 km)
Matched AK-EG-011 → AK-EG-011 (0.0 km)
Matched AK-EG-010 → AK-EG-010 (0.0 km)
Matched AK-EG-013 → AK-EG-013 (0.0 km)
Matched AK-WG-024 → AK-WG-024 (0.0 km)
Matched AK-WG-017 → AK-WG-017 (0.0 km)
Matched AK-WG-011 → AK-WG-011 (0.0 km)
Matched AK-WG-020 → AK-WG-020 (0.0 km)
Matched AK-WG-008 → AK-WG-008 (0.0 km)
Matched AK-WG-022 → AK-WG-022 (0.0 km)
Matched AK-WG-027 → AK-WG-027 (0.0 km)
Matched AK-WG-018 → AK-WG-018 (0.0 km)
Matched AK-WG-013 → AK-WG-013 (0.0 km)
Matched AK-WG-004 → AK-WG-004 (0.0 km)
Matched BC-N-076 → BC-N-076 (0.0 km)
Matched BC-N-075 → BC-N-075 (0.0 km)
Matched BC-N-078 → BC-N-078 (0.0 km)
Matched BC-N-067 → BC-N-067 (0.0 km)
Matched BC-N-057 → BC-N-057 (0.0 km)
Matched BC-N-082 → BC-N-082 (0.0 km)
Matched BC-C-002 → BC-C-002 (0.0 km)
Matched BC-N-077 → BC-N-077 (0.0 km)
Matched BC-N-080 → BC-N-080 (0.0 km)
Matched BC-N-034 → BC-N-034 (0.0 km)
Matched BC-N-044 → BC-N-044 (0.0 km)
Matched BC-N-046 → BC-N-046 (0.0 km)
Matched BC-N-068 → BC-N-068 (0.0 km)
Matched BC-N-042 → BC-N-042 (0.0 km)
Matched BC-N-035 → BC-N-035 (0.0 km)
Matched BC-N-054 → BC-N-054 (0.0 km)
Matched BC-N-039 → BC-N-039 (0.0 km)
Matched BC-N-058 → BC-N-058 (0.0 km)
Matched BC-N-064 → BC-N-064 (0.0 km)
Matched BC-N-049 → BC-N-049 (0.0 km)
Matched BC-N-055 → BC-N-055 (0.0 km)
Matched BC-N-050 → BC-N-050 (0.0 km)
Matched BC-N-062 → BC-N-062 (0.0 km)
Matched BC-N-065 → BC-N-065 (0.0 km)
Matched BC-N-040 → BC-N-040 (0.0 km)
Matched BC-N-047 → BC-N-047 (0.0 km)
Matched BC-N-036 → BC-N-036 (0.0 km)
Matched BC-N-052 → BC-N-052 (0.0 km)
Matched BC-N-070 → BC-N-070 (0.0 km)
Matched BC-N-074 → BC-N-074 (0.0 km)
Matched BC-N-073 → BC-N-073 (0.0 km)
Matched BC-N-071 → BC-N-071 (0.0 km)
Matched BC-N-066 → BC-N-066 (0.0 km)
Matched BC-N-048 → BC-N-048 (0.0 km)
Matched BC-N-079 → BC-N-079 (0.0 km)
Matched BC-N-081 → BC-N-081 (0.0 km)
Matched BC-N-056 → BC-N-056 (0.0 km)
Matched BC-C-001 → BC-C-001 (0.0 km)
Matched BC-C-005 → BC-C-005 (0.0 km)
Matched BC-N-069 → BC-N-069 (0.0 km)
Matched BC-N-061 → BC-N-061 (0.0 km)
Matched BC-N-051 → BC-N-051 (0.0 km)
Matched BC-N-063 → BC-N-063 (0.0 km)
Matched BC-N-038 → BC-N-038 (0.0 km)
Matched BC-N-043 → BC-N-043 (0.0 km)
Matched BC-C-003 → BC-C-003 (0.0 km)
Matched BC-N-059 → BC-N-059 (0.0 km)
Matched BC-N-045 → BC-N-045 (0.0 km)
Matched SS-N-001 → SS-N-001 (0.0 km)
Matched BC-N-007 → BC-N-007 (0.0 km)
Matched BC-N-008 → BC-N-008 (0.0 km)
Matched BC-N-053 → BC-N-053 (0.0 km)
Matched BC-N-028 → BC-N-028 (0.0 km)
Matched BC-N-005 → BC-N-005 (0.0 km)
Matched SS-N-019 → SS-N-019 (0.0 km)
Matched BC-N-031 → BC-N-031 (0.0 km)
Matched BC-N-006 → BC-N-006 (0.0 km)
Matched BC-N-014 → BC-N-014 (0.0 km)
Matched BC-N-029 → BC-N-029 (0.0 km)
Matched BC-N-023 → BC-N-023 (0.0 km)
Matched BC-N-013 → BC-N-013 (0.0 km)
Matched BC-C-018 → BC-C-018 (0.0 km)
Matched SS-N-007 → SS-N-007 (0.0 km)
Matched BC-C-017 → BC-C-017 (0.0 km)
Matched BC-C-019 → BC-C-019 (0.0 km)
Matched BC-C-035 → BC-C-035 (0.0 km)
Matched SS-N-004 → SS-N-004 (0.0 km)
Matched BC-C-033 → BC-C-033 (0.0 km)
Matched BJ-007 → BJ-007 (0.0 km)
Matched BJ-002 → BJ-002 (0.0 km)
Matched BJ-001 → BJ-001 (0.0 km)
Matched BJ-006 → BJ-006 (0.0 km)
Matched BJ-012 → BJ-012 (0.0 km)
Matched BJ-013 → BJ-013 (0.0 km)
Matched BJ-021 → BJ-021 (0.0 km)
Matched BJ-026 → BJ-026 (0.0 km)
Matched BJ-005 → BJ-005 (0.0 km)
Matched BJ-020 → BJ-020 (0.0 km)
Matched BJ-025 → BJ-025 (0.0 km)
Matched BJ-031 → BJ-031 (0.0 km)
Matched BJ-030 → BJ-030 (0.0 km)
Matched BJ-008 → BJ-008 (0.0 km)
Matched BJ-010 → BJ-010 (0.0 km)
Matched CA-C-026 → CA-C-026 (0.0 km)
Matched CA-C-023 → CA-C-023 (0.0 km)
Matched CA-C-027 → CA-C-027 (0.0 km)
Matched CA-C-031 → CA-C-031 (0.0 km)
Matched CA-C-045 → CA-C-045 (0.0 km)
Matched CA-C-053 → CA-C-053 (0.0 km)
Matched CA-C-050 → CA-C-050 (0.0 km)
Matched CA-C-052 → CA-C-052 (0.0 km)
Matched CA-C-051 → CA-C-051 (0.0 km)
Matched CA-C-048 → CA-C-048 (0.0 km)
Matched CA-C-040 → CA-C-040 (0.0 km)
Matched CA-C-047 → CA-C-047 (0.0 km)
Matched CA-C-041 → CA-C-041 (0.0 km)
Matched CA-C-038 → CA-C-038 (0.0 km)
Matched CA-C-039 → CA-C-039 (0.0 km)
Matched CA-C-061 → CA-C-061 (0.0 km)
Matched CA-C-059 → CA-C-059 (0.0 km)
Matched CA-C-060 → CA-C-060 (0.0 km)
Matched CA-C-046 → CA-C-046 (0.0 km)
Matched CA-C-044 → CA-C-044 (0.0 km)
Matched CA-C-049 → CA-C-049 (0.0 km)
Matched CA-C-055 → CA-C-055 (0.0 km)
Matched CA-C-063 → CA-C-063 (0.0 km)
Matched CA-C-054 → CA-C-054 (0.0 km)
Matched CA-C-032 → CA-C-032 (0.0 km)
Matched CA-C-034 → CA-C-034 (0.0 km)
Matched CA-C-037 → CA-C-037 (0.0 km)
Matched CA-C-058 → CA-C-058 (0.0 km)
Matched CA-C-056 → CA-C-056 (0.0 km)
Matched CA-C-074 → CA-C-074 (0.0 km)
Matched CA-C-078 → CA-C-078 (0.0 km)
Matched CA-C-082 → CA-C-082 (0.0 km)
Matched CA-C-083 → CA-C-083 (0.0 km)
Matched CA-C-085 → CA-C-085 (0.0 km)
Matched CA-C-086 → CA-C-086 (0.0 km)
Matched CA-C-087 → CA-C-087 (0.0 km)
Matched CA-C-090 → CA-C-090 (0.0 km)
Matched CA-C-092 → CA-C-092 (0.0 km)
Matched CA-C-094 → CA-C-094 (0.0 km)
Matched CA-C-096 → CA-C-096 (0.0 km)
Matched CA-C-095 → CA-C-095 (0.0 km)
Matched CA-C-043 → CA-C-043 (0.0 km)
Matched CA-C-084 → CA-C-084 (0.0 km)
Matched CA-C-036 → CA-C-036 (0.0 km)
Matched CA-C-033 → CA-C-033 (0.0 km)
Matched CA-C-057 → CA-C-057 (0.0 km)
Matched CA-C-035 → CA-C-035 (0.0 km)
Matched CA-C-062 → CA-C-062 (0.0 km)
Matched CA-N-006 → CA-N-006 (0.0 km)
Matched CA-N-008 → CA-N-008 (0.0 km)
Matched CA-N-016 → CA-N-016 (0.0 km)
Matched CA-N-017 → CA-N-017 (0.0 km)
Matched CA-N-013 → CA-N-013 (0.0 km)
Matched CA-N-020 → CA-N-020 (0.0 km)
Matched CA-N-022 → CA-N-022 (0.0 km)
Matched CA-N-027 → CA-N-027 (0.0 km)
Matched CA-N-031 → CA-N-031 (0.0 km)
Matched CA-N-019 → CA-N-019 (0.0 km)
Matched CA-N-037 → CA-N-037 (0.0 km)
Matched CA-N-036 → CA-N-036 (0.0 km)
Matched CA-N-039 → CA-N-039 (0.0 km)
Matched CA-N-044 → CA-N-044 (0.0 km)
Matched CA-N-042 → CA-N-042 (0.0 km)
Matched CA-N-052 → CA-N-052 (0.0 km)
Matched CA-N-057 → CA-N-057 (0.0 km)
Matched CA-N-061 → CA-N-061 (0.0 km)
Matched CA-N-063 → CA-N-063 (0.0 km)
Matched CA-C-002 → CA-C-002 (0.0 km)
Matched CA-C-006 → CA-C-006 (0.0 km)
Matched CA-C-005 → CA-C-005 (0.0 km)
Matched CA-C-014 → CA-C-014 (0.0 km)
Matched CA-C-012 → CA-C-012 (0.0 km)
Matched CA-C-010 → CA-C-010 (0.0 km)
Matched CA-C-020 → CA-C-020 (0.0 km)
Matched CA-N-007 → CA-N-007 (0.0 km)
Matched CA-N-011 → CA-N-011 (0.0 km)
Matched CA-N-041 → CA-N-041 (0.0 km)
Matched CA-N-038 → CA-N-038 (0.0 km)
Matched CA-N-040 → CA-N-040 (0.0 km)
Matched CA-N-035 → CA-N-035 (0.0 km)
Matched CA-N-056 → CA-N-056 (0.0 km)
Matched CA-N-043 → CA-N-043 (0.0 km)
Matched CA-S-003 → CA-S-003 (0.0 km)
Matched CA-S-001 → CA-S-001 (0.0 km)
Matched CA-S-002 → CA-S-002 (0.0 km)
Matched CA-S-005 → CA-S-005 (0.0 km)
Matched CA-S-004 → CA-S-004 (0.0 km)
Matched CA-S-006 → CA-S-006 (0.0 km)
Matched CA-S-007 → CA-S-007 (0.0 km)
Matched CA-S-021 → CA-S-021 (0.0 km)
Matched CA-S-017 → CA-S-017 (0.0 km)
Matched CA-S-015 → CA-S-015 (0.0 km)
Matched CA-S-016 → CA-S-016 (0.0 km)
Matched CA-S-013 → CA-S-013 (0.0 km)
Matched CA-S-014 → CA-S-014 (0.0 km)
Matched CA-S-020 → CA-S-020 (0.0 km)
Matched CA-S-050 → CA-S-050 (0.0 km)
Matched CA-S-047 → CA-S-047 (0.0 km)
Matched CA-S-012 → CA-S-012 (0.0 km)
Matched CA-S-008 → CA-S-008 (0.0 km)
Matched CA-S-009 → CA-S-009 (0.0 km)
Matched CA-S-022 → CA-S-022 (0.0 km)
Matched CA-S-023 → CA-S-023 (0.0 km)
Matched CA-S-018 → CA-S-018 (0.0 km)
Matched CA-S-024 → CA-S-024 (0.0 km)
Matched CA-S-028 → CA-S-028 (0.0 km)
Matched CA-S-033 → CA-S-033 (0.0 km)
Matched CA-S-034 → CA-S-034 (0.0 km)
Matched CA-S-036 → CA-S-036 (0.0 km)
Matched CA-S-039 → CA-S-039 (0.0 km)
Matched CA-S-035 → CA-S-035 (0.0 km)
Matched CA-S-059 → CA-S-059 (0.0 km)
Matched CA-S-055 → CA-S-055 (0.0 km)
Matched CA-S-058 → CA-S-058 (0.0 km)
Matched CA-S-048 → CA-S-048 (0.0 km)
Matched CA-S-062 → CA-S-062 (0.0 km)
Matched CA-S-056 → CA-S-056 (0.0 km)
Matched CA-S-038 → CA-S-038 (0.0 km)
Matched CA-S-040 → CA-S-040 (0.0 km)
Matched CA-S-042 → CA-S-042 (0.0 km)
Matched CA-S-044 → CA-S-044 (0.0 km)
Matched CA-S-043 → CA-S-043 (0.0 km)
Matched CA-S-049 → CA-S-049 (0.0 km)
Matched CA-S-060 → CA-S-060 (0.0 km)
Matched CA-S-069 → CA-S-069 (0.0 km)
Matched CA-S-072 → CA-S-072 (0.0 km)
Matched CA-S-067 → CA-S-067 (0.0 km)
Matched CA-S-068 → CA-S-068 (0.0 km)
Matched CA-S-070 → CA-S-070 (0.0 km)
Matched CA-S-071 → CA-S-071 (0.0 km)
Matched CA-S-073 → CA-S-073 (0.0 km)
Matched CA-S-076 → CA-S-076 (0.0 km)
Matched CA-S-075 → CA-S-075 (0.0 km)
Matched CA-S-074 → CA-S-074 (0.0 km)
Matched CA-S-077 → CA-S-077 (0.0 km)
Matched CA-S-078 → CA-S-078 (0.0 km)
Matched CA-S-065 → CA-S-065 (0.0 km)
Matched CA-S-066 → CA-S-066 (0.0 km)
Matched CA-S-052 → CA-S-052 (0.0 km)
Matched CA-S-041 → CA-S-041 (0.0 km)
Matched CA-S-046 → CA-S-046 (0.0 km)
Matched CA-S-045 → CA-S-045 (0.0 km)
Matched CA-S-054 → CA-S-054 (0.0 km)
Matched CA-S-063 → CA-S-063 (0.0 km)
Matched CA-S-061 → CA-S-061 (0.0 km)
Matched CA-S-064 → CA-S-064 (0.0 km)
Matched CA-S-051 → CA-S-051 (0.0 km)
Matched CA-S-057 → CA-S-057 (0.0 km)
Matched CA-S-053 → CA-S-053 (0.0 km)
Matched CA-S-031 → CA-S-031 (0.0 km)
Matched CA-S-032 → CA-S-032 (0.0 km)
Matched CA-S-030 → CA-S-030 (0.0 km)
Matched CA-S-029 → CA-S-029 (0.0 km)
Matched CA-S-026 → CA-S-026 (0.0 km)
Matched OR-006 → OR-006 (0.0 km)
Matched OR-001 → OR-001 (0.0 km)
Matched OR-004 → OR-004 (0.0 km)
Matched OR-007 → OR-007 (0.0 km)
Matched OR-008 → OR-008 (0.0 km)
Matched OR-011 → OR-011 (0.0 km)
Matched OR-012 → OR-012 (0.0 km)
Matched OR-013 → OR-013 (0.0 km)
Matched OR-014 → OR-014 (0.0 km)
Matched OR-015 → OR-015 (0.0 km)
Matched OR-016 → OR-016 (0.0 km)
Matched OR-018 → OR-018 (0.0 km)
Matched OR-019 → OR-019 (0.0 km)
Matched OR-020 → OR-020 (0.0 km)
Matched OR-021 → OR-021 (0.0 km)
Matched OR-022 → OR-022 (0.0 km)
Matched OR-023 → OR-023 (0.0 km)
Matched OR-025 → OR-025 (0.0 km)
Matched OR-024 → OR-024 (0.0 km)
Matched OR-026 → OR-026 (0.0 km)
Matched OR-027 → OR-027 (0.0 km)
Matched OR-028 → OR-028 (0.0 km)
Matched OR-031 → OR-031 (0.0 km)
Matched OR-035 → OR-035 (0.0 km)
Matched OR-036 → OR-036 (0.0 km)
Matched OR-037 → OR-037 (0.0 km)
Matched OR-041 → OR-041 (0.0 km)
Matched OR-045 → OR-045 (0.0 km)
Matched OR-046 → OR-046 (0.0 km)
Matched OR-047 → OR-047 (0.0 km)
Matched OR-044 → OR-044 (0.0 km)
Matched OR-053 → OR-053 (0.0 km)
Matched OR-059 → OR-059 (0.0 km)
Matched OR-042 → OR-042 (0.0 km)
Matched OR-010 → OR-010 (0.0 km)
Matched JDF-001 → JDF-001 (0.0 km)
Matched SS-S-013 → SS-S-013 (0.0 km)
Matched SS-S-024 → SS-S-024 (0.0 km)
Matched SS-S-030 → SS-S-030 (0.0 km)
Matched SS-S-052 → SS-S-052 (0.0 km)
Matched JDF-023 → JDF-023 (0.0 km)
Matched SS-S-066 → SS-S-066 (0.0 km)
Matched SS-S-009 → SS-S-009 (0.0 km)
Matched SS-S-027 → SS-S-027 (0.0 km)
Matched SS-N-015 → SS-N-015 (0.0 km)
Matched SS-N-020 → SS-N-020 (0.0 km)
Matched SS-S-038 → SS-S-038 (0.0 km)
Matched SS-S-020 → SS-S-020 (0.0 km)
Matched SS-S-082 → SS-S-082 (0.0 km)
Matched SS-S-035 → SS-S-035 (0.0 km)
Matched SS-S-083 → SS-S-083 (0.0 km)
Matched SS-S-072 → SS-S-072 (0.0 km)
Matched SS-S-074 → SS-S-074 (0.0 km)
Matched SS-S-075 → SS-S-075 (0.0 km)
Matched SS-S-046 → SS-S-046 (0.0 km)
Matched SS-S-081 → SS-S-081 (0.0 km)
Matched SS-S-022 → SS-S-022 (0.0 km)
Matched SS-N-028 → SS-N-028 (0.0 km)
Matched SS-S-005 → SS-S-005 (0.0 km)
Matched SS-S-008 → SS-S-008 (0.0 km)
Matched SS-N-031 → SS-N-031 (0.0 km)
Matched SS-N-022 → SS-N-022 (0.0 km)
Matched SS-N-024 → SS-N-024 (0.0 km)
Matched SS-N-027 → SS-N-027 (0.0 km)
Matched SS-N-017 → SS-N-017 (0.0 km)
Matched JDF-011 → JDF-011 (0.0 km)
Matched JDF-008 → JDF-008 (0.0 km)
Matched WA-O-001 → WA-O-001 (0.0 km)
Matched WA-O-003 → WA-O-003 (0.0 km)
Matched WA-O-002 → WA-O-002 (0.0 km)
Matched WA-O-004 → WA-O-004 (0.0 km)
Matched WA-O-006 → WA-O-006 (0.0 km)
Matched WA-O-008 → WA-O-008 (0.0 km)
Matched WA-O-005 → WA-O-005 (0.0 km)
Matched WA-O-012 → WA-O-012 (0.0 km)
Matched WA-O-013 → WA-O-013 (0.0 km)
Matched WA-O-014 → WA-O-014 (0.0 km)
Matched WA-O-015 → WA-O-015 (0.0 km)
Matched WA-O-017 → WA-O-017 (0.0 km)
Matched WA-O-018 → WA-O-018 (0.0 km)
Matched WA-O-022 → WA-O-022 (0.0 km)
Matched WA-O-021 → WA-O-021 (0.0 km)
Matched WA-O-023 → WA-O-023 (0.0 km)
Matched WA-O-019 → WA-O-019 (0.0 km)
Matched WA-O-025 → WA-O-025 (0.0 km)
Matched WA-O-026 → WA-O-026 (0.0 km)
Matched WA-O-027 → WA-O-027 (0.0 km)
Matched WA-O-028 → WA-O-028 (0.0 km)
Matched WA-O-030 → WA-O-030 (0.0 km)
Matched WA-O-031 → WA-O-031 (0.0 km)
Matched WA-O-033 → WA-O-033 (0.0 km)
Matched WA-O-035 → WA-O-035 (0.0 km)
Matched WA-O-036 → WA-O-036 (0.0 km)
Matched JDF-024 → JDF-024 (0.0 km)
Matched JDF-022 → JDF-022 (0.0 km)
Matched JDF-021 → JDF-021 (0.0 km)
Matched JDF-020 → JDF-020 (0.0 km)
Matched JDF-019 → JDF-019 (0.0 km)
Matched JDF-018 → JDF-018 (0.0 km)
Matched JDF-017 → JDF-017 (0.0 km)
Matched SS-S-056 → SS-S-056 (0.0 km)
Matched SS-S-053 → SS-S-053 (0.0 km)
Matched SS-S-048 → SS-S-048 (0.0 km)
Matched SS-S-044 → SS-S-044 (0.0 km)
Matched SS-S-043 → SS-S-043 (0.0 km)
Matched SS-S-049 → SS-S-049 (0.0 km)
Matched SS-S-051 → SS-S-051 (0.0 km)
Matched SS-S-054 → SS-S-054 (0.0 km)
Matched SS-S-067 → SS-S-067 (0.0 km)
Matched SS-S-064 → SS-S-064 (0.0 km)
Matched SS-S-060 → SS-S-060 (0.0 km)
Matched SS-S-059 → SS-S-059 (0.0 km)
Matched SS-S-065 → SS-S-065 (0.0 km)
Matched SS-S-061 → SS-S-061 (0.0 km)
Matched SS-S-058 → SS-S-058 (0.0 km)
Matched SS-S-055 → SS-S-055 (0.0 km)
Matched SS-S-057 → SS-S-057 (0.0 km)
Matched SS-S-063 → SS-S-063 (0.0 km)
Matched SS-S-068 → SS-S-068 (0.0 km)
Matched SS-S-062 → SS-S-062 (0.0 km)
Matched SS-S-069 → SS-S-069 (0.0 km)
Matched SS-S-071 → SS-S-071 (0.0 km)
Matched SS-S-070 → SS-S-070 (0.0 km)
Matched SS-S-076 → SS-S-076 (0.0 km)
Matched SS-S-077 → SS-S-077 (0.0 km)
Matched SS-S-079 → SS-S-079 (0.0 km)
Matched SS-S-080 → SS-S-080 (0.0 km)
Matched SS-S-085 → SS-S-085 (0.0 km)
Matched SS-S-078 → SS-S-078 (0.0 km)
Matched SS-S-086 → SS-S-086 (0.0 km)
Matched SS-S-087 → SS-S-087 (0.0 km)
Matched SS-S-090 → SS-S-090 (0.0 km)
Matched SS-S-088 → SS-S-088 (0.0 km)
Matched SS-S-084 → SS-S-084 (0.0 km)
Matched JDF-026 → JDF-026 (0.0 km)
Matched JDF-025 → JDF-025 (0.0 km)
Matched SS-S-040 → SS-S-040 (0.0 km)
Matched SS-S-041 → SS-S-041 (0.0 km)
Matched SS-S-037 → SS-S-037 (0.0 km)
Matched SS-S-034 → SS-S-034 (0.0 km)
Matched SS-S-032 → SS-S-032 (0.0 km)
Matched SS-S-031 → SS-S-031 (0.0 km)
Matched JDF-015 → JDF-015 (0.0 km)
Matched JDF-016 → JDF-016 (0.0 km)
Matched JDF-014 → JDF-014 (0.0 km)
Matched JDF-013 → JDF-013 (0.0 km)
Matched JDF-012 → JDF-012 (0.0 km)
Matched JDF-010 → JDF-010 (0.0 km)
Matched WA-O-007 → WA-O-007 (0.0 km)
Matched WA-O-009 → WA-O-009 (0.0 km)
Matched WA-O-010 → WA-O-010 (0.0 km)
Matched WA-O-011 → WA-O-011 (0.0 km)
Matched WA-O-016 → WA-O-016 (0.0 km)
Matched WA-O-024 → WA-O-024 (0.0 km)
Matched WA-O-029 → WA-O-029 (0.0 km)
Matched WA-O-034 → WA-O-034 (0.0 km)
Matched OR-002 → OR-002 (0.0 km)
Matched OR-003 → OR-003 (0.0 km)
Matched OR-009 → OR-009 (0.0 km)
Matched OR-029 → OR-029 (0.0 km)
Matched OR-032 → OR-032 (0.0 km)
Matched OR-033 → OR-033 (0.0 km)
Matched OR-034 → OR-034 (0.0 km)
Matched OR-038 → OR-038 (0.0 km)
Matched OR-039 → OR-039 (0.0 km)
Matched OR-040 → OR-040 (0.0 km)
Matched OR-043 → OR-043 (0.0 km)
Matched OR-048 → OR-048 (0.0 km)
Matched OR-049 → OR-049 (0.0 km)
Matched OR-050 → OR-050 (0.0 km)
Matched OR-051 → OR-051 (0.0 km)
Matched OR-052 → OR-052 (0.0 km)
Matched OR-054 → OR-054 (0.0 km)
Matched OR-055 → OR-055 (0.0 km)
Matched OR-056 → OR-056 (0.0 km)
Matched OR-058 → OR-058 (0.0 km)
Matched CA-N-001 → CA-N-001 (0.0 km)
Matched CA-N-002 → CA-N-002 (0.0 km)
Matched CA-N-003 → CA-N-003 (0.0 km)
Matched CA-N-004 → CA-N-004 (0.0 km)
Matched CA-N-005 → CA-N-005 (0.0 km)
Matched CA-N-009 → CA-N-009 (0.0 km)
Matched CA-N-010 → CA-N-010 (0.0 km)
Matched CA-N-012 → CA-N-012 (0.0 km)
Matched CA-N-015 → CA-N-015 (0.0 km)
Matched CA-N-018 → CA-N-018 (0.0 km)
Matched CA-N-021 → CA-N-021 (0.0 km)
Matched CA-N-023 → CA-N-023 (0.0 km)
Matched CA-N-024 → CA-N-024 (0.0 km)
Matched CA-N-025 → CA-N-025 (0.0 km)
Matched CA-N-026 → CA-N-026 (0.0 km)
Matched CA-N-028 → CA-N-028 (0.0 km)
Matched CA-N-029 → CA-N-029 (0.0 km)
Matched CA-N-030 → CA-N-030 (0.0 km)
Matched CA-N-032 → CA-N-032 (0.0 km)
Matched CA-N-033 → CA-N-033 (0.0 km)
Matched CA-N-034 → CA-N-034 (0.0 km)
Matched CA-N-045 → CA-N-045 (0.0 km)
Matched CA-N-046 → CA-N-046 (0.0 km)
Matched CA-N-047 → CA-N-047 (0.0 km)
Matched CA-N-048 → CA-N-048 (0.0 km)
Matched CA-N-049 → CA-N-049 (0.0 km)
Matched CA-N-050 → CA-N-050 (0.0 km)
Matched CA-N-051 → CA-N-051 (0.0 km)
Matched CA-N-053 → CA-N-053 (0.0 km)
Matched CA-N-054 → CA-N-054 (0.0 km)
Matched CA-N-055 → CA-N-055 (0.0 km)
Matched CA-N-058 → CA-N-058 (0.0 km)
Matched CA-N-059 → CA-N-059 (0.0 km)
Matched CA-N-060 → CA-N-060 (0.0 km)
Matched CA-N-062 → CA-N-062 (0.0 km)
Matched CA-C-001 → CA-C-001 (0.0 km)
Matched CA-C-003 → CA-C-003 (0.0 km)
Matched CA-C-004 → CA-C-004 (0.0 km)
Matched CA-C-007 → CA-C-007 (0.0 km)
Matched CA-C-008 → CA-C-008 (0.0 km)
Matched CA-C-009 → CA-C-009 (0.0 km)
Matched CA-C-011 → CA-C-011 (0.0 km)
Matched CA-C-013 → CA-C-013 (0.0 km)
Matched CA-C-015 → CA-C-015 (0.0 km)
Matched CA-C-016 → CA-C-016 (0.0 km)
Matched CA-C-017 → CA-C-017 (0.0 km)
Matched CA-C-018 → CA-C-018 (0.0 km)
Matched CA-C-021 → CA-C-021 (0.0 km)
Matched CA-C-019 → CA-C-019 (0.0 km)
Matched CA-C-022 → CA-C-022 (0.0 km)
Matched CA-C-024 → CA-C-024 (0.0 km)
Matched CA-C-025 → CA-C-025 (0.0 km)
Matched CA-C-028 → CA-C-028 (0.0 km)
Matched CA-C-029 → CA-C-029 (0.0 km)
Matched CA-C-030 → CA-C-030 (0.0 km)
Matched CA-C-042 → CA-C-042 (0.0 km)
Matched CA-C-064 → CA-C-064 (0.0 km)
Matched CA-C-065 → CA-C-065 (0.0 km)
Matched CA-C-066 → CA-C-066 (0.0 km)
Matched CA-C-067 → CA-C-067 (0.0 km)
Matched CA-C-068 → CA-C-068 (0.0 km)
Matched CA-C-069 → CA-C-069 (0.0 km)
Matched CA-C-070 → CA-C-070 (0.0 km)
Matched CA-C-071 → CA-C-071 (0.0 km)
Matched CA-C-072 → CA-C-072 (0.0 km)
Matched CA-C-073 → CA-C-073 (0.0 km)
Matched CA-C-075 → CA-C-075 (0.0 km)
Matched CA-C-076 → CA-C-076 (0.0 km)
Matched CA-C-077 → CA-C-077 (0.0 km)
Matched CA-C-079 → CA-C-079 (0.0 km)
Matched CA-C-080 → CA-C-080 (0.0 km)
Matched CA-C-081 → CA-C-081 (0.0 km)
Matched CA-C-088 → CA-C-088 (0.0 km)
Matched CA-C-089 → CA-C-089 (0.0 km)
Matched CA-C-091 → CA-C-091 (0.0 km)
Matched CA-C-093 → CA-C-093 (0.0 km)
Matched CA-C-097 → CA-C-097 (0.0 km)
Matched CA-S-010 → CA-S-010 (0.0 km)
Matched CA-S-011 → CA-S-011 (0.0 km)
Matched CA-S-025 → CA-S-025 (0.0 km)
Matched CA-S-019 → CA-S-019 (0.0 km)
Matched CA-S-027 → CA-S-027 (0.0 km)
Matched CA-S-037 → CA-S-037 (0.0 km)
Matched BJ-003 → BJ-003 (0.0 km)
Matched BJ-004 → BJ-004 (0.0 km)
Matched BJ-009 → BJ-009 (0.0 km)
Matched BJ-011 → BJ-011 (0.0 km)
Matched BJ-016 → BJ-016 (0.0 km)
Matched BJ-018 → BJ-018 (0.0 km)
Matched BJ-023 → BJ-023 (0.0 km)
Matched BJ-028 → BJ-028 (0.0 km)
Matched SS-S-042 → SS-S-042 (0.0 km)
Matched SS-S-047 → SS-S-047 (0.0 km)
Matched SS-S-050 → SS-S-050 (0.0 km)
Matched SS-S-045 → SS-S-045 (0.0 km)
Matched SS-S-039 → SS-S-039 (0.0 km)
Matched SS-S-036 → SS-S-036 (0.0 km)
Matched SS-S-033 → SS-S-033 (0.0 km)
Matched JDF-006 → JDF-006 (0.0 km)
Matched JDF-004 → JDF-004 (0.0 km)
Matched JDF-005 → JDF-005 (0.0 km)
Matched SS-S-089 → SS-S-089 (0.0 km)
Matched JDF-002 → JDF-002 (0.0 km)
Matched SS-S-025 → SS-S-025 (0.0 km)
Matched SS-S-018 → SS-S-018 (0.0 km)
Matched SS-S-019 → SS-S-019 (0.0 km)
Matched SS-S-015 → SS-S-015 (0.0 km)
Matched SS-S-012 → SS-S-012 (0.0 km)
Matched SS-S-017 → SS-S-017 (0.0 km)
Matched SS-S-014 → SS-S-014 (0.0 km)
Matched SS-S-026 → SS-S-026 (0.0 km)
Matched SS-S-028 → SS-S-028 (0.0 km)
Matched SS-S-029 → SS-S-029 (0.0 km)
Matched SS-S-011 → SS-S-011 (0.0 km)
Matched SS-S-021 → SS-S-021 (0.0 km)
Matched SS-S-023 → SS-S-023 (0.0 km)
Matched SS-S-016 → SS-S-016 (0.0 km)
Matched SS-S-010 → SS-S-010 (0.0 km)
Matched SS-S-007 → SS-S-007 (0.0 km)
Matched SS-S-006 → SS-S-006 (0.0 km)
Matched SS-S-003 → SS-S-003 (0.0 km)
Matched SS-S-002 → SS-S-002 (0.0 km)
Matched SS-N-029 → SS-N-029 (0.0 km)
Matched SS-S-004 → SS-S-004 (0.0 km)
Matched SS-S-001 → SS-S-001 (0.0 km)
Matched SS-N-030 → SS-N-030 (0.0 km)
Matched SS-N-026 → SS-N-026 (0.0 km)
Matched SS-N-023 → SS-N-023 (0.0 km)
Matched SS-N-021 → SS-N-021 (0.0 km)
Matched SS-N-025 → SS-N-025 (0.0 km)
Matched JDF-009 → JDF-009 (0.0 km)
Matched JDF-007 → JDF-007 (0.0 km)
Matched JDF-003 → JDF-003 (0.0 km)
Matched BC-C-037 → BC-C-037 (0.0 km)
Matched BC-C-036 → BC-C-036 (0.0 km)
Matched BC-C-034 → BC-C-034 (0.0 km)
Matched BC-C-032 → BC-C-032 (0.0 km)
Matched BC-C-030 → BC-C-030 (0.0 km)
Matched BC-C-029 → BC-C-029 (0.0 km)
Matched BC-C-028 → BC-C-028 (0.0 km)
Matched BC-C-027 → BC-C-027 (0.0 km)
Matched BC-C-025 → BC-C-025 (0.0 km)
Matched BC-C-026 → BC-C-026 (0.0 km)
Matched BC-C-024 → BC-C-024 (0.0 km)
Matched BC-C-023 → BC-C-023 (0.0 km)
Matched BC-C-021 → BC-C-021 (0.0 km)
Matched BC-C-013 → BC-C-013 (0.0 km)
Matched SS-N-002 → SS-N-002 (0.0 km)
Matched SS-N-003 → SS-N-003 (0.0 km)
Matched SS-N-005 → SS-N-005 (0.0 km)
Matched BC-C-022 → BC-C-022 (0.0 km)
Matched BC-C-010 → BC-C-010 (0.0 km)
Matched BC-C-009 → BC-C-009 (0.0 km)
Matched BC-C-014 → BC-C-014 (0.0 km)
Matched BC-C-012 → BC-C-012 (0.0 km)
Matched BC-C-006 → BC-C-006 (0.0 km)
Matched BC-C-007 → BC-C-007 (0.0 km)
Matched BC-N-041 → BC-N-041 (0.0 km)
Matched BC-N-060 → BC-N-060 (0.0 km)
Matched SS-N-016 → SS-N-016 (0.0 km)
Matched SS-N-013 → SS-N-013 (0.0 km)
Matched SS-N-018 → SS-N-018 (0.0 km)
Matched SS-N-011 → SS-N-011 (0.0 km)
Matched SS-N-010 → SS-N-010 (0.0 km)
Matched SS-N-006 → SS-N-006 (0.0 km)
Matched SS-N-014 → SS-N-014 (0.0 km)
Matched SS-N-008 → SS-N-008 (0.0 km)
Matched SS-N-009 → SS-N-009 (0.0 km)
Matched SS-N-012 → SS-N-012 (0.0 km)
Matched BC-C-011 → BC-C-011 (0.0 km)
Matched BC-N-027 → BC-N-027 (0.0 km)
Matched BC-N-024 → BC-N-024 (0.0 km)
Matched BC-N-017 → BC-N-017 (0.0 km)
Matched BC-N-011 → BC-N-011 (0.0 km)
Matched BC-N-009 → BC-N-009 (0.0 km)
Matched BC-N-003 → BC-N-003 (0.0 km)
Matched BC-N-016 → BC-N-016 (0.0 km)
Matched BC-N-010 → BC-N-010 (0.0 km)
Matched BC-N-020 → BC-N-020 (0.0 km)
Matched BC-N-012 → BC-N-012 (0.0 km)
Matched BC-N-026 → BC-N-026 (0.0 km)
Matched BC-N-030 → BC-N-030 (0.0 km)
Matched BC-N-025 → BC-N-025 (0.0 km)
Matched BC-N-033 → BC-N-033 (0.0 km)
Matched BC-N-001 → BC-N-001 (0.0 km)
Matched AK-FS-036 → AK-FS-036 (0.0 km)
Matched AK-FS-046 → AK-FS-046 (0.0 km)
Matched AK-FS-043 → AK-FS-043 (0.0 km)
Matched AK-FS-047 → AK-FS-047 (0.0 km)
Matched AK-FS-044 → AK-FS-044 (0.0 km)
Matched AK-FS-048 → AK-FS-048 (0.0 km)
Matched AK-OC-027 → AK-OC-027 (0.0 km)
Matched BC-N-002 → BC-N-002 (0.0 km)
Matched AK-FS-024 → AK-FS-024 (0.0 km)
Matched AK-OC-026 → AK-OC-026 (0.0 km)
Matched AK-OC-021 → AK-OC-021 (0.0 km)
Matched AK-FS-038 → AK-FS-038 (0.0 km)
Matched AK-FS-042 → AK-FS-042 (0.0 km)
Matched AK-FS-037 → AK-FS-037 (0.0 km)
Matched AK-FS-020 → AK-FS-020 (0.0 km)
Matched AK-FS-033 → AK-FS-033 (0.0 km)
Matched AK-FS-019 → AK-FS-019 (0.0 km)
Matched AK-FS-034 → AK-FS-034 (0.0 km)
Matched AK-FS-021 → AK-FS-021 (0.0 km)
Matched AK-FS-026 → AK-FS-026 (0.0 km)
Matched AK-FS-030 → AK-FS-030 (0.0 km)
Matched AK-FS-039 → AK-FS-039 (0.0 km)
Matched AK-FS-040 → AK-FS-040 (0.0 km)
Matched AK-FS-041 → AK-FS-041 (0.0 km)
Matched AK-FS-012 → AK-FS-012 (0.0 km)
Matched AK-FS-017 → AK-FS-017 (0.0 km)
Matched AK-FS-022 → AK-FS-022 (0.0 km)
Matched AK-OC-024 → AK-OC-024 (0.0 km)
Matched AK-OC-023 → AK-OC-023 (0.0 km)
Matched AK-OC-022 → AK-OC-022 (0.0 km)
Matched AK-FS-008 → AK-FS-008 (0.0 km)
Matched AK-FS-016 → AK-FS-016 (0.0 km)
Matched AK-FS-013 → AK-FS-013 (0.0 km)
Matched AK-FS-007 → AK-FS-007 (0.0 km)
Matched AK-FS-006 → AK-FS-006 (0.0 km)
Matched AK-FS-014 → AK-FS-014 (0.0 km)
Matched AK-FN-034 → AK-FN-034 (0.0 km)
Matched AK-FN-036 → AK-FN-036 (0.0 km)
Matched AK-OC-018 → AK-OC-018 (0.0 km)
Matched AK-OC-020 → AK-OC-020 (0.0 km)
Matched AK-OC-017 → AK-OC-017 (0.0 km)
Matched AK-FN-032 → AK-FN-032 (0.0 km)
Matched AK-FN-024 → AK-FN-024 (0.0 km)
Matched AK-FN-028 → AK-FN-028 (0.0 km)
Matched AK-FN-023 → AK-FN-023 (0.0 km)
Matched AK-FN-021 → AK-FN-021 (0.0 km)
Matched AK-FN-012 → AK-FN-012 (0.0 km)
Matched AK-FN-016 → AK-FN-016 (0.0 km)
Matched AK-OC-011 → AK-OC-011 (0.0 km)
Matched AK-FN-031 → AK-FN-031 (0.0 km)
Matched AK-OC-014 → AK-OC-014 (0.0 km)
Matched AK-OC-015 → AK-OC-015 (0.0 km)
Matched AK-OC-013 → AK-OC-013 (0.0 km)
Matched AK-FN-030 → AK-FN-030 (0.0 km)
Matched AK-OC-012 → AK-OC-012 (0.0 km)
Matched AK-OC-010 → AK-OC-010 (0.0 km)
Matched AK-OC-009 → AK-OC-009 (0.0 km)
Matched AK-FN-003 → AK-FN-003 (0.0 km)
Matched AK-FN-001 → AK-FN-001 (0.0 km)
Matched AK-FN-005 → AK-FN-005 (0.0 km)
Matched AK-FN-006 → AK-FN-006 (0.0 km)
Matched AK-FN-014 → AK-FN-014 (0.0 km)
Matched AK-OC-007 → AK-OC-007 (0.0 km)
Matched AK-OC-005 → AK-OC-005 (0.0 km)
Matched AK-OC-003 → AK-OC-003 (0.0 km)
Matched AK-EG-004 → AK-EG-004 (0.0 km)
Matched AK-EG-001 → AK-EG-001 (0.0 km)
Matched AK-PWS-033 → AK-PWS-033 (0.0 km)
Matched AK-PWS-035 → AK-PWS-035 (0.0 km)
Matched AK-PWS-043 → AK-PWS-043 (0.0 km)
Matched AK-PWS-037 → AK-PWS-037 (0.0 km)
Matched AK-PWS-036 → AK-PWS-036 (0.0 km)
Matched AK-PWS-028 → AK-PWS-028 (0.0 km)
Matched AK-PWS-024 → AK-PWS-024 (0.0 km)
Matched AK-PWS-026 → AK-PWS-026 (0.0 km)
Matched AK-PWS-012 → AK-PWS-012 (0.0 km)
Matched AK-PWS-016 → AK-PWS-016 (0.0 km)
Matched AK-PWS-014 → AK-PWS-014 (0.0 km)
Matched AK-PWS-015 → AK-PWS-015 (0.0 km)
Matched AK-PWS-005 → AK-PWS-005 (0.0 km)
Matched AK-PWS-001 → AK-PWS-001 (0.0 km)
Matched AK-PWS-003 → AK-PWS-003 (0.0 km)
Matched AK-PWS-006 → AK-PWS-006 (0.0 km)
Matched AK-PWS-010 → AK-PWS-010 (0.0 km)
Matched AK-PWS-004 → AK-PWS-004 (0.0 km)
Matched AK-PWS-017 → AK-PWS-017 (0.0 km)
Matched AK-PWS-019 → AK-PWS-019 (0.0 km)
Matched AK-PWS-020 → AK-PWS-020 (0.0 km)
Matched AK-PWS-029 → AK-PWS-029 (0.0 km)
Matched AK-PWS-021 → AK-PWS-021 (0.0 km)
Matched AK-PWS-027 → AK-PWS-027 (0.0 km)
Matched AK-PWS-038 → AK-PWS-038 (0.0 km)
Matched AK-PWS-040 → AK-PWS-040 (0.0 km)
Matched AK-PWS-042 → AK-PWS-042 (0.0 km)
Matched AK-WG-010 → AK-WG-010 (0.0 km)
Matched AK-WG-019 → AK-WG-019 (0.0 km)
Matched AK-WG-026 → AK-WG-026 (0.0 km)
Matched AK-WG-001 → AK-WG-001 (0.0 km)
Matched AK-WG-040 → AK-WG-040 (0.0 km)
Matched AK-WG-034 → AK-WG-034 (0.0 km)
Matched AK-WG-037 → AK-WG-037 (0.0 km)
Matched AK-WG-042 → AK-WG-042 (0.0 km)
Matched AK-WG-043 → AK-WG-043 (0.0 km)
Matched AK-WG-063 → AK-WG-063 (0.0 km)
Matched AK-WG-065 → AK-WG-065 (0.0 km)
Matched AK-WG-064 → AK-WG-064 (0.0 km)
Matched AK-WG-052 → AK-WG-052 (0.0 km)
Matched AK-WG-061 → AK-WG-061 (0.0 km)
Matched AK-WG-069 → AK-WG-069 (0.0 km)
Matched AK-WG-075 → AK-WG-075 (0.0 km)
Matched AK-AL-001 → AK-AL-001 (0.0 km)
Matched AK-AL-002 → AK-AL-002 (0.0 km)
Matched AK-AL-005 → AK-AL-005 (0.0 km)
Matched AK-AL-006 → AK-AL-006 (0.0 km)
Matched AK-AL-008 → AK-AL-008 (0.0 km)
Matched BJ-014 → BJ-014 (0.0 km)
Matched BJ-015 → BJ-015 (0.0 km)
Matched BJ-017 → BJ-017 (0.0 km)
Matched BJ-019 → BJ-019 (0.0 km)
Matched BJ-022 → BJ-022 (0.0 km)
Matched BJ-024 → BJ-024 (0.0 km)
Matched BJ-027 → BJ-027 (0.0 km)
Matched BJ-029 → BJ-029 (0.0 km)
Matched BC-C-020 → BC-C-020 (0.0 km)
Matched BC-N-015 → BC-N-015 (0.0 km)
Matched AK-OC-002 → AK-OC-002 (0.0 km)
Matched AK-EG-005 → AK-EG-005 (0.0 km)
Matched AK-EG-007 → AK-EG-007 (0.0 km)
Matched AK-WG-072 → AK-WG-072 (0.0 km)
Matched AK-EG-016 → AK-EG-016 (0.0 km)
Matched AK-EG-018 → AK-EG-018 (0.0 km)
Matched AK-EG-019 → AK-EG-019 (0.0 km)
Matched AK-OC-006 → AK-OC-006 (0.0 km)
Matched AK-EG-020 → AK-EG-020 (0.0 km)
Matched AK-EG-021 → AK-EG-021 (0.0 km)
Matched AK-WG-056 → AK-WG-056 (0.0 km)
Matched AK-EG-022 → AK-EG-022 (0.0 km)
Matched AK-WG-062 → AK-WG-062 (0.0 km)
Matched AK-WG-068 → AK-WG-068 (0.0 km)
Matched AK-WG-067 → AK-WG-067 (0.0 km)
Matched AK-WG-074 → AK-WG-074 (0.0 km)
Matched AK-WG-079 → AK-WG-079 (0.0 km)
Matched AK-OC-028 → AK-OC-028 (0.0 km)
Matched AK-OC-025 → AK-OC-025 (0.0 km)
Matched AK-OC-019 → AK-OC-019 (0.0 km)
Matched BC-C-004 → BC-C-004 (0.0 km)
Matched CA-N-014 → CA-N-014 (0.0 km)
Matched OR-057 → OR-057 (0.0 km)
Matched OR-030 → OR-030 (0.0 km)
Matched OR-017 → OR-017 (0.0 km)
Matched OR-005 → OR-005 (0.0 km)
Matched WA-O-032 → WA-O-032 (0.0 km)
Matched WA-O-020 → WA-O-020 (0.0 km)
Matched BC-C-038 → BC-C-038 (0.0 km)
Matched BC-C-031 → BC-C-031 (0.0 km)
Matched BC-C-008 → BC-C-008 (0.0 km)
Matched BC-N-072 → BC-N-072 (0.0 km)
  Network built in 11.7s (896 nodes)

--- Seed 123 (1/1) ---
SST data for 'BC-C-017' year 2017 not available and no climatology found; repeating year 2016.
SST data for 'BC-C-017' year 2018 not available and no climatology found; repeating year 2016.
SST data for 'BC-C-017' year 2019 not available and no climatology found; repeating year 2016.
SST data for 'BC-C-017' year 2020 not available and no climatology found; repeating year 2016.
SST data for 'BC-C-017' year 2021 not available and no climatology found; repeating year 2016.
SST data for 'BC-C-017' year 2022 not available and no climatology found; repeating year 2016.
SST data for 'BC-C-017' year 2023 not available and no climatology found; repeating year 2016.
SST data for 'BC-C-017' year 2024 not available and no climatology found; repeating year 2016.
  [W156/seed_123] Year 1/13: pop=4,395,206, alive_nodes=896
  [W156/seed_123] Year 2/13: pop=4,390,134, alive_nodes=896
  [W156/seed_123] Year 3/13: pop=1,297,926, alive_nodes=693
  [W156/seed_123] Year 4/13: pop=350,144, alive_nodes=647
  [W156/seed_123] Year 5/13: pop=287,468, alive_nodes=635
  [W156/seed_123] Year 6/13: pop=223,192, alive_nodes=628
  [W156/seed_123] Year 7/13: pop=166,305, alive_nodes=626
  [W156/seed_123] Year 8/13: pop=158,934, alive_nodes=621
  [W156/seed_123] Year 9/13: pop=152,787, alive_nodes=615
  [W156/seed_123] Year 10/13: pop=513,065, alive_nodes=613
  [W156/seed_123] Year 11/13: pop=493,453, alive_nodes=604
  [W156/seed_123] Year 12/13: pop=394,204, alive_nodes=597
  [W156/seed_123] Year 13/13: pop=274,392, alive_nodes=592
  Monthly snapshots: 159 frames → monthly_seed123.npz
  RMSE(log10) = 0.774, crash = 93.8%, time = 32366s

===========================================================================
CALIBRATION RESULTS (1 seed)
===========================================================================

Parameter overrides:
  disease.K_half = 800000.0
  disease.P_env_dynamic = True
  disease.P_env_floor = 500.0
  disease.P_env_max = 2000.0
  disease.T_vbnc = 12.0
  disease.T_vbnc_initial = 12.0
  disease.T_vbnc_min = 9.0
  disease.activation_threshold = 50.0
  disease.alpha_env = 0.18
  disease.cumulative_dose_threshold = 1000.0
  disease.delta_env = 0.02
  disease.disease_origin_nodes = [322, 319, 632, 633, 634]
  disease.k_vbnc = 2.0
  disease.pathogen_adapt_rate = 0.001
  disease.pathogen_adaptation = True
  disease.pathogen_revert_rate = 0.0
  disease.v_adapt_rate = 0.001
  disease.v_max_warm = 0.7
  disease.virulence_evolution = True
  disease.wavefront_D_P = 300.0
  disease.wavefront_D_P_max_range = 3000.0
  disease.wavefront_enabled = True
  population.settler_survival = 0.001
  spatial.alpha_self_fjord = 0.7
  spatial.alpha_self_open = 0.02
  spatial.n_connectivity = 0.3

Overall crash: 93.8%
RMSE(log10):   0.774  (0 = perfect, <0.3 = within 2×)

Region         Target       Actual     LogErr Grade
--------------------------------------------------
AK-PWS         50.00%        7.41%     -0.83  ✗ off
AK-FN          50.00%       11.09%     -0.65  ~ within 5×
AK-FS          20.00%       11.64%     -0.24  ✓ within 2×
BC-N           20.00%        6.83%     -0.47  ~ within 5×
SS-S            5.00%       10.73%     +0.33  ~ within 5×
JDF             2.00%        5.72%     +0.46  ~ within 5×
OR              0.25%        2.74%     +1.04  ✗ off
CA-N            0.10%        2.62%     +1.42  ✗ off

Unconstrained regions (mean across seeds):
  AK-AL     : 9.33%
  AK-EG     : 7.69%
  AK-OC     : 7.43%
  AK-WG     : 9.89%
  BC-C      : 5.69%
  BJ        : 0.11%
  CA-C      : 3.10%
  CA-S      : 1.04%
  SS-N      : 4.99%
  WA-O      : 7.68%

Wall time: 32366s mean (32366s total)

Results saved to /home/weertman/projects/sswd-evoepi/results/calibration/W156/
