=== W249-W268 Clean Sweep ===
Start time: Sun Mar 15 01:16:39 PDT 2026
Max parallel: 20

LAUNCH W249
LAUNCH W250
LAUNCH W251
LAUNCH W252
LAUNCH W253
LAUNCH W254
LAUNCH W255
LAUNCH W256
LAUNCH W257
LAUNCH W258
LAUNCH W259
LAUNCH W260
LAUNCH W261
LAUNCH W262
LAUNCH W263
LAUNCH W264
LAUNCH W265
LAUNCH W266
LAUNCH W267
LAUNCH W268

All 20 jobs launched. Waiting...

DONE W249 (exit 0)
DONE W250 (exit 0)
DONE W251 (exit 0)
DONE W252 (exit 0)
DONE W253 (exit 0)
DONE W254 (exit 0)
DONE W255 (exit 0)
DONE W256 (exit 0)
DONE W257 (exit 0)
DONE W258 (exit 0)
DONE W259 (exit 0)
DONE W260 (exit 0)
DONE W261 (exit 0)
DONE W262 (exit 0)
DONE W263 (exit 0)
DONE W264 (exit 0)
DONE W265 (exit 0)
DONE W266 (exit 0)
DONE W267 (exit 0)
DONE W268 (exit 0)

=== Complete ===
End time: Sun Mar 15 06:34:28 PDT 2026
Failed: 0 / 20
