\BOOKMARK [1][-]{section.1}{\376\377\000I\000n\000t\000r\000o\000d\000u\000c\000t\000i\000o\000n}{}% 1
\BOOKMARK [2][-]{subsection.1.1}{\376\377\000W\000h\000a\000t\000\040\000t\000h\000i\000s\000\040\000m\000o\000d\000u\000l\000e\000\040\000p\000r\000o\000v\000i\000d\000e\000s}{section.1}% 2
\BOOKMARK [2][-]{subsection.1.2}{\376\377\000A\000p\000p\000r\000o\000a\000c\000h}{section.1}% 3
\BOOKMARK [2][-]{subsection.1.3}{\376\377\000S\000c\000o\000p\000e\000\040\000a\000n\000d\000\040\000l\000i\000m\000i\000t\000a\000t\000i\000o\000n\000s}{section.1}% 4
\BOOKMARK [1][-]{section.2}{\376\377\000G\000e\000n\000e\000t\000i\000c\000\040\000A\000r\000c\000h\000i\000t\000e\000c\000t\000u\000r\000e}{}% 5
\BOOKMARK [2][-]{subsection.2.1}{\376\377\000L\000o\000c\000u\000s\000\040\000s\000t\000r\000u\000c\000t\000u\000r\000e}{section.2}% 6
\BOOKMARK [2][-]{subsection.2.2}{\376\377\000G\000e\000n\000o\000t\000y\000p\000e\000\040\000r\000e\000p\000r\000e\000s\000e\000n\000t\000a\000t\000i\000o\000n}{section.2}% 7
\BOOKMARK [2][-]{subsection.2.3}{\376\377\000E\000f\000f\000e\000c\000t\000\040\000s\000i\000z\000e\000s}{section.2}% 8
\BOOKMARK [2][-]{subsection.2.4}{\376\377\000T\000r\000a\000i\000t\000\040\000c\000o\000m\000p\000u\000t\000a\000t\000i\000o\000n}{section.2}% 9
\BOOKMARK [2][-]{subsection.2.5}{\376\377\000T\000h\000r\000e\000e\000\040\000t\000r\000a\000i\000t\000s\000\040\000a\000n\000d\000\040\000t\000h\000e\000i\000r\000\040\000p\000h\000e\000n\000o\000t\000y\000p\000i\000c\000\040\000e\000f\000f\000e\000c\000t\000s}{section.2}% 10
\BOOKMARK [3][-]{subsubsection.2.5.1}{\376\377\000R\000e\000s\000i\000s\000t\000a\000n\000c\000e\000\040\000\050\000r\000i\000\051}{subsection.2.5}% 11
\BOOKMARK [3][-]{subsubsection.2.5.2}{\376\377\000T\000o\000l\000e\000r\000a\000n\000c\000e\000\040\000\050\000t\000i\000\051}{subsection.2.5}% 12
\BOOKMARK [3][-]{subsubsection.2.5.3}{\376\377\000R\000e\000c\000o\000v\000e\000r\000y\000\040\000\050\000c\000i\000\051}{subsection.2.5}% 13
\BOOKMARK [2][-]{subsection.2.6}{\376\377\000A\000l\000l\000e\000l\000e\000\040\000f\000r\000e\000q\000u\000e\000n\000c\000y\000\040\000i\000n\000i\000t\000i\000a\000l\000i\000z\000a\000t\000i\000o\000n}{section.2}% 14
\BOOKMARK [2][-]{subsection.2.7}{\376\377\000K\000e\000y\000\040\000p\000r\000o\000p\000e\000r\000t\000i\000e\000s\000\040\000f\000o\000r\000\040\000b\000r\000e\000e\000d\000i\000n\000g}{section.2}% 15
\BOOKMARK [1][-]{section.3}{\376\377\000Q\000u\000a\000n\000t\000i\000t\000a\000t\000i\000v\000e\000\040\000G\000e\000n\000e\000t\000i\000c\000s\000\040\000o\000f\000\040\000S\000e\000l\000e\000c\000t\000i\000o\000n\000\040\000R\000e\000s\000p\000o\000n\000s\000e}{}% 16
\BOOKMARK [2][-]{subsection.3.1}{\376\377\000T\000h\000e\000\040\000b\000r\000e\000e\000d\000e\000r\000'\000s\000\040\000e\000q\000u\000a\000t\000i\000o\000n}{section.3}% 17
\BOOKMARK [2][-]{subsection.3.2}{\376\377\000H\000e\000r\000i\000t\000a\000b\000i\000l\000i\000t\000y\000\040\000i\000n\000\040\000o\000u\000r\000\040\000m\000o\000d\000e\000l}{section.3}% 18
\BOOKMARK [2][-]{subsection.3.3}{\376\377\000S\000e\000l\000e\000c\000t\000i\000o\000n\000\040\000d\000i\000f\000f\000e\000r\000e\000n\000t\000i\000a\000l\000\040\000f\000r\000o\000m\000\040\000t\000r\000u\000n\000c\000a\000t\000i\000o\000n\000\040\000s\000e\000l\000e\000c\000t\000i\000o\000n}{section.3}% 19
\BOOKMARK [2][-]{subsection.3.4}{\376\377\000P\000r\000e\000d\000i\000c\000t\000e\000d\000\040\000g\000a\000i\000n\000\040\000p\000e\000r\000\040\000g\000e\000n\000e\000r\000a\000t\000i\000o\000n}{section.3}% 20
\BOOKMARK [2][-]{subsection.3.5}{\376\377\000M\000u\000l\000t\000i\000-\000g\000e\000n\000e\000r\000a\000t\000i\000o\000n\000\040\000p\000r\000e\000d\000i\000c\000t\000i\000o\000n}{section.3}% 21
\BOOKMARK [2][-]{subsection.3.6}{\376\377\000T\000h\000e\000\040\000s\000e\000l\000e\000c\000t\000i\000o\000n\040\023\000v\000a\000r\000i\000a\000n\000c\000e\000\040\000t\000r\000a\000d\000e\000-\000o\000f\000f}{section.3}% 22
\BOOKMARK [2][-]{subsection.3.7}{\376\377\000R\000e\000s\000p\000o\000n\000s\000e\000\040\000i\000n\000\040\000n\000o\000n\000-\000n\000o\000r\000m\000a\000l\000\040\000d\000i\000s\000t\000r\000i\000b\000u\000t\000i\000o\000n\000s}{section.3}% 23
\BOOKMARK [2][-]{subsection.3.8}{\376\377\000M\000u\000l\000t\000i\000-\000t\000r\000a\000i\000t\000\040\000s\000e\000l\000e\000c\000t\000i\000o\000n}{section.3}% 24
\BOOKMARK [1][-]{section.4}{\376\377\000S\000c\000r\000e\000e\000n\000i\000n\000g\000\040\000T\000h\000e\000o\000r\000y\000:\000\040\000F\000i\000n\000d\000i\000n\000g\000\040\000G\000o\000o\000d\000\040\000F\000o\000u\000n\000d\000e\000r\000s}{}% 25
\BOOKMARK [2][-]{subsection.4.1}{\376\377\000T\000h\000e\000\040\000b\000a\000s\000i\000c\000\040\000s\000c\000r\000e\000e\000n\000i\000n\000g\000\040\000p\000r\000o\000b\000l\000e\000m}{section.4}% 26
\BOOKMARK [2][-]{subsection.4.2}{\376\377\000T\000r\000a\000i\000t\000\040\000d\000i\000s\000t\000r\000i\000b\000u\000t\000i\000o\000n\000\040\000f\000r\000o\000m\000\040\000a\000l\000l\000e\000l\000e\000\040\000f\000r\000e\000q\000u\000e\000n\000c\000i\000e\000s}{section.4}% 27
\BOOKMARK [2][-]{subsection.4.3}{\376\377\000E\000x\000p\000e\000c\000t\000e\000d\000\040\000b\000e\000s\000t\000\040\000i\000n\000d\000i\000v\000i\000d\000u\000a\000l\000\040\000f\000r\000o\000m\000\040\000a\000\040\000s\000a\000m\000p\000l\000e}{section.4}% 28
\BOOKMARK [2][-]{subsection.4.4}{\376\377\000M\000u\000l\000t\000i\000-\000s\000i\000t\000e\000\040\000s\000c\000r\000e\000e\000n\000i\000n\000g}{section.4}% 29
\BOOKMARK [2][-]{subsection.4.5}{\376\377\000S\000c\000r\000e\000e\000n\000i\000n\000g\000\040\000f\000o\000r\000\040\000c\000o\000m\000p\000l\000e\000m\000e\000n\000t\000a\000r\000i\000t\000y}{section.4}% 30
\BOOKMARK [2][-]{subsection.4.6}{\376\377\000S\000c\000r\000e\000e\000n\000i\000n\000g\000\040\000c\000o\000s\000t\000\040\000m\000o\000d\000e\000l}{section.4}% 31
\BOOKMARK [2][-]{subsection.4.7}{\376\377\000B\000i\000n\000a\000r\000y\000\040\000p\000h\000e\000n\000o\000t\000y\000p\000i\000n\000g\000:\000\040\000t\000h\000e\000\040\000c\000h\000a\000l\000l\000e\000n\000g\000e\000\040\000a\000s\000s\000a\000y\000\040\000p\000r\000o\000b\000l\000e\000m}{section.4}% 32
\BOOKMARK [3][-]{subsubsection.4.7.1}{\376\377\000T\000h\000e\000\040\000o\000b\000s\000e\000r\000v\000a\000t\000i\000o\000n\000\040\000m\000o\000d\000e\000l}{subsection.4.7}% 33
\BOOKMARK [3][-]{subsubsection.4.7.2}{\376\377\000H\000e\000r\000i\000t\000a\000b\000i\000l\000i\000t\000y\000\040\000o\000n\000\040\000t\000h\000e\000\040\000o\000b\000s\000e\000r\000v\000e\000d\000\040\000s\000c\000a\000l\000e}{subsection.4.7}% 34
\BOOKMARK [3][-]{subsubsection.4.7.3}{\376\377\000S\000e\000l\000e\000c\000t\000i\000o\000n\000\040\000d\000i\000f\000f\000e\000r\000e\000n\000t\000i\000a\000l\000\040\000f\000r\000o\000m\000\040\000b\000i\000n\000a\000r\000y\000\040\000s\000c\000r\000e\000e\000n\000i\000n\000g}{subsection.4.7}% 35
\BOOKMARK [3][-]{subsubsection.4.7.4}{\376\377\000T\000h\000e\000\040\000n\000o\000i\000s\000e\000\040\000p\000r\000o\000b\000l\000e\000m\000\040\000w\000o\000r\000s\000e\000n\000s\000\040\000a\000t\000\040\000h\000i\000g\000h\000e\000r\000\040\000r\000e\000s\000i\000s\000t\000a\000n\000c\000e}{subsection.4.7}% 36
\BOOKMARK [3][-]{subsubsection.4.7.5}{\376\377\000R\000e\000p\000e\000a\000t\000e\000d\000\040\000e\000x\000p\000o\000s\000u\000r\000e\000s}{subsection.4.7}% 37
\BOOKMARK [3][-]{subsubsection.4.7.6}{\376\377\000I\000m\000p\000l\000i\000c\000a\000t\000i\000o\000n\000s\000\040\000f\000o\000r\000\040\000b\000r\000e\000e\000d\000i\000n\000g\000\040\000p\000r\000o\000g\000r\000a\000m\000\040\000d\000e\000s\000i\000g\000n}{subsection.4.7}% 38
\BOOKMARK [3][-]{subsubsection.4.7.7}{\376\377\000R\000e\000q\000u\000i\000r\000e\000d\000\040\000m\000o\000d\000i\000f\000i\000c\000a\000t\000i\000o\000n\000\040\000t\000o\000\040\000s\000c\000r\000e\000e\000n\000i\000n\000g\000\040\000t\000h\000e\000o\000r\000y}{subsection.4.7}% 39
\BOOKMARK [1][-]{section.5}{\376\377\000B\000r\000e\000e\000d\000i\000n\000g\000\040\000P\000r\000o\000g\000r\000a\000m\000\040\000D\000e\000s\000i\000g\000n}{}% 40
\BOOKMARK [2][-]{subsection.5.1}{\376\377\000F\000i\000t\000n\000e\000s\000s\000\040\000w\000e\000i\000g\000h\000t\000s\000\040\000f\000o\000r\000\040\000m\000u\000l\000t\000i\000-\000t\000r\000a\000i\000t\000\040\000s\000e\000l\000e\000c\000t\000i\000o\000n}{section.5}% 41
\BOOKMARK [3][-]{subsubsection.5.1.1}{\376\377\000M\000a\000r\000g\000i\000n\000a\000l\000\040\000f\000i\000t\000n\000e\000s\000s\000\040\000e\000f\000f\000e\000c\000t\000s}{subsection.5.1}% 42
\BOOKMARK [2][-]{subsection.5.2}{\376\377\000C\000r\000o\000s\000s\000i\000n\000g\000\040\000s\000t\000r\000a\000t\000e\000g\000i\000e\000s}{section.5}% 43
\BOOKMARK [3][-]{subsubsection.5.2.1}{\376\377\000S\000t\000r\000a\000t\000e\000g\000y\000\040\0001\000:\000\040\000R\000a\000n\000d\000o\000m\000\040\000m\000a\000t\000i\000n\000g}{subsection.5.2}% 44
\BOOKMARK [3][-]{subsubsection.5.2.2}{\376\377\000S\000t\000r\000a\000t\000e\000g\000y\000\040\0002\000:\000\040\000A\000s\000s\000o\000r\000t\000a\000t\000i\000v\000e\000\040\000m\000a\000t\000i\000n\000g}{subsection.5.2}% 45
\BOOKMARK [3][-]{subsubsection.5.2.3}{\376\377\000S\000t\000r\000a\000t\000e\000g\000y\000\040\0003\000:\000\040\000C\000o\000m\000p\000l\000e\000m\000e\000n\000t\000a\000r\000y\000\040\000m\000a\000t\000i\000n\000g}{subsection.5.2}% 46
\BOOKMARK [3][-]{subsubsection.5.2.4}{\376\377\000S\000t\000r\000a\000t\000e\000g\000y\000\040\0004\000:\000\040\000O\000p\000t\000i\000m\000a\000l\000\040\000c\000o\000n\000t\000r\000i\000b\000u\000t\000i\000o\000n\000\040\000s\000e\000l\000e\000c\000t\000i\000o\000n}{subsection.5.2}% 47
\BOOKMARK [2][-]{subsection.5.3}{\376\377\000E\000x\000p\000e\000c\000t\000e\000d\000\040\000g\000e\000n\000e\000r\000a\000t\000i\000o\000n\000s\000\040\000t\000o\000\040\000r\000e\000s\000i\000s\000t\000a\000n\000c\000e\000\040\000t\000a\000r\000g\000e\000t\000s}{section.5}% 48
\BOOKMARK [2][-]{subsection.5.4}{\376\377\000F\000a\000m\000i\000l\000y\000\040\000s\000t\000r\000u\000c\000t\000u\000r\000e\000\040\000a\000n\000d\000\040\000w\000i\000t\000h\000i\000n\000-\000f\000a\000m\000i\000l\000y\000\040\000s\000e\000l\000e\000c\000t\000i\000o\000n}{section.5}% 49
\BOOKMARK [1][-]{section.6}{\376\377\000I\000n\000b\000r\000e\000e\000d\000i\000n\000g\000\040\000a\000n\000d\000\040\000G\000e\000n\000e\000t\000i\000c\000\040\000D\000i\000v\000e\000r\000s\000i\000t\000y}{}% 50
\BOOKMARK [2][-]{subsection.6.1}{\376\377\000I\000n\000b\000r\000e\000e\000d\000i\000n\000g\000\040\000c\000o\000e\000f\000f\000i\000c\000i\000e\000n\000t}{section.6}% 51
\BOOKMARK [2][-]{subsection.6.2}{\376\377\000R\000a\000t\000e\000\040\000o\000f\000\040\000i\000n\000b\000r\000e\000e\000d\000i\000n\000g}{section.6}% 52
\BOOKMARK [3][-]{subsubsection.6.2.1}{\376\377\000E\000f\000f\000e\000c\000t\000i\000v\000e\000\040\000p\000o\000p\000u\000l\000a\000t\000i\000o\000n\000\040\000s\000i\000z\000e\000\040\000u\000n\000d\000e\000r\000\040\000s\000e\000l\000e\000c\000t\000i\000o\000n}{subsection.6.2}% 53
\BOOKMARK [2][-]{subsection.6.3}{\376\377\000T\000h\000e\000\040\0005\0000\000/\0005\0000\0000\000\040\000r\000u\000l\000e\000\040\000a\000n\000d\000\040\000i\000t\000s\000\040\000a\000p\000p\000l\000i\000c\000a\000t\000i\000o\000n}{section.6}% 54
\BOOKMARK [2][-]{subsection.6.4}{\376\377\000I\000n\000b\000r\000e\000e\000d\000i\000n\000g\000\040\000d\000e\000p\000r\000e\000s\000s\000i\000o\000n}{section.6}% 55
\BOOKMARK [2][-]{subsection.6.5}{\376\377\000D\000i\000v\000e\000r\000s\000i\000t\000y\000\040\000m\000e\000t\000r\000i\000c\000s}{section.6}% 56
\BOOKMARK [3][-]{subsubsection.6.5.1}{\376\377\000E\000x\000p\000e\000c\000t\000e\000d\000\040\000h\000e\000t\000e\000r\000o\000z\000y\000g\000o\000s\000i\000t\000y}{subsection.6.5}% 57
\BOOKMARK [3][-]{subsubsection.6.5.2}{\376\377\000A\000l\000l\000e\000l\000i\000c\000\040\000r\000i\000c\000h\000n\000e\000s\000s}{subsection.6.5}% 58
\BOOKMARK [3][-]{subsubsection.6.5.3}{\376\377\000A\000d\000d\000i\000t\000i\000v\000e\000\040\000g\000e\000n\000e\000t\000i\000c\000\040\000v\000a\000r\000i\000a\000n\000c\000e}{subsection.6.5}% 59
\BOOKMARK [2][-]{subsection.6.6}{\376\377\000M\000a\000n\000a\000g\000i\000n\000g\000\040\000t\000h\000e\000\040\000g\000a\000i\000n\040\023\000d\000i\000v\000e\000r\000s\000i\000t\000y\000\040\000t\000r\000a\000d\000e\000-\000o\000f\000f}{section.6}% 60
\BOOKMARK [3][-]{subsubsection.6.6.1}{\376\377\000C\000o\000n\000s\000t\000r\000a\000i\000n\000e\000d\000\040\000o\000p\000t\000i\000m\000i\000z\000a\000t\000i\000o\000n\000\040\000a\000p\000p\000r\000o\000a\000c\000h}{subsection.6.6}% 61
\BOOKMARK [3][-]{subsubsection.6.6.2}{\376\377\000P\000r\000a\000c\000t\000i\000c\000a\000l\000\040\000g\000u\000i\000d\000e\000l\000i\000n\000e}{subsection.6.6}% 62
\BOOKMARK [1][-]{section.7}{\376\377\000R\000e\000i\000n\000t\000r\000o\000d\000u\000c\000t\000i\000o\000n\000\040\000G\000e\000n\000e\000t\000i\000c\000s}{}% 63
\BOOKMARK [2][-]{subsection.7.1}{\376\377\000A\000l\000l\000e\000l\000e\000\040\000f\000r\000e\000q\000u\000e\000n\000c\000y\000\040\000s\000h\000i\000f\000t\000\040\000f\000r\000o\000m\000\040\000s\000u\000p\000p\000l\000e\000m\000e\000n\000t\000a\000t\000i\000o\000n}{section.7}% 64
\BOOKMARK [2][-]{subsection.7.2}{\376\377\000G\000e\000n\000e\000t\000i\000c\000\040\000r\000e\000s\000c\000u\000e\000\040\000v\000s\000.\000\040\000g\000e\000n\000e\000t\000i\000c\000\040\000s\000w\000a\000m\000p\000i\000n\000g}{section.7}% 65
\BOOKMARK [2][-]{subsection.7.3}{\376\377\000E\000f\000f\000e\000c\000t\000i\000v\000e\000\040\000m\000i\000g\000r\000a\000t\000i\000o\000n\000\040\000r\000a\000t\000e}{section.7}% 66
\BOOKMARK [2][-]{subsection.7.4}{\376\377\000P\000e\000r\000s\000i\000s\000t\000e\000n\000c\000e\000\040\000o\000f\000\040\000i\000n\000t\000r\000o\000d\000u\000c\000e\000d\000\040\000a\000l\000l\000e\000l\000e\000s}{section.7}% 67
\BOOKMARK [2][-]{subsection.7.5}{\376\377\000R\000e\000l\000e\000a\000s\000e\000\040\000s\000t\000r\000a\000t\000e\000g\000y\000\040\000o\000p\000t\000i\000m\000i\000z\000a\000t\000i\000o\000n}{section.7}% 68
\BOOKMARK [3][-]{subsubsection.7.5.1}{\376\377\000S\000p\000a\000t\000i\000a\000l\000\040\000a\000l\000l\000o\000c\000a\000t\000i\000o\000n}{subsection.7.5}% 69
\BOOKMARK [3][-]{subsubsection.7.5.2}{\376\377\000T\000e\000m\000p\000o\000r\000a\000l\000\040\000a\000l\000l\000o\000c\000a\000t\000i\000o\000n}{subsection.7.5}% 70
\BOOKMARK [2][-]{subsection.7.6}{\376\377\000M\000o\000n\000i\000t\000o\000r\000i\000n\000g\000\040\000a\000n\000d\000\040\000a\000d\000a\000p\000t\000i\000v\000e\000\040\000m\000a\000n\000a\000g\000e\000m\000e\000n\000t}{section.7}% 71
\BOOKMARK [1][-]{section.8}{\376\377\000P\000y\000c\000n\000o\000p\000o\000d\000i\000a\000\040\000h\000e\000l\000i\000a\000n\000t\000h\000o\000i\000d\000e\000s\000-\000S\000p\000e\000c\000i\000f\000i\000c\000\040\000C\000o\000n\000s\000i\000d\000e\000r\000a\000t\000i\000o\000n\000s}{}% 72
\BOOKMARK [2][-]{subsection.8.1}{\376\377\000R\000e\000p\000r\000o\000d\000u\000c\000t\000i\000v\000e\000\040\000b\000i\000o\000l\000o\000g\000y}{section.8}% 73
\BOOKMARK [3][-]{subsubsection.8.1.1}{\376\377\000S\000e\000x\000u\000a\000l\000\040\000r\000e\000p\000r\000o\000d\000u\000c\000t\000i\000o\000n}{subsection.8.1}% 74
\BOOKMARK [3][-]{subsubsection.8.1.2}{\376\377\000I\000m\000p\000l\000i\000c\000a\000t\000i\000o\000n\000s\000\040\000f\000o\000r\000\040\000b\000r\000e\000e\000d\000i\000n\000g}{subsection.8.1}% 75
\BOOKMARK [2][-]{subsection.8.2}{\376\377\000I\000m\000m\000u\000n\000e\000\040\000s\000y\000s\000t\000e\000m}{section.8}% 76
\BOOKMARK [3][-]{subsubsection.8.2.1}{\376\377\000I\000m\000p\000l\000i\000c\000a\000t\000i\000o\000n\000s\000\040\000f\000o\000r\000\040\000t\000h\000e\000\040\000m\000o\000d\000e\000l}{subsection.8.2}% 77
\BOOKMARK [2][-]{subsection.8.3}{\376\377\000D\000i\000s\000e\000a\000s\000e\000\040\000e\000c\000o\000l\000o\000g\000y\000\040\000r\000e\000l\000e\000v\000a\000n\000t\000\040\000t\000o\000\040\000b\000r\000e\000e\000d\000i\000n\000g}{section.8}% 78
\BOOKMARK [3][-]{subsubsection.8.3.1}{\376\377\000V\000i\000b\000r\000i\000o\000\040\000p\000e\000c\000t\000e\000n\000i\000c\000i\000d\000a\000\040\000a\000s\000\040\000t\000h\000e\000\040\000c\000a\000u\000s\000a\000t\000i\000v\000e\000\040\000a\000g\000e\000n\000t}{subsection.8.3}% 79
\BOOKMARK [3][-]{subsubsection.8.3.2}{\376\377\000I\000m\000p\000l\000i\000c\000a\000t\000i\000o\000n\000s\000\040\000f\000o\000r\000\040\000b\000r\000e\000e\000d\000i\000n\000g}{subsection.8.3}% 80
\BOOKMARK [2][-]{subsection.8.4}{\376\377\000P\000o\000p\000u\000l\000a\000t\000i\000o\000n\000\040\000s\000t\000a\000t\000u\000s}{section.8}% 81
\BOOKMARK [3][-]{subsubsection.8.4.1}{\376\377\000W\000i\000l\000d\000\040\000p\000o\000p\000u\000l\000a\000t\000i\000o\000n\000s}{subsection.8.4}% 82
\BOOKMARK [3][-]{subsubsection.8.4.2}{\376\377\000C\000a\000p\000t\000i\000v\000e\000\040\000p\000o\000p\000u\000l\000a\000t\000i\000o\000n\000s}{subsection.8.4}% 83
\BOOKMARK [2][-]{subsection.8.5}{\376\377\000P\000r\000a\000c\000t\000i\000c\000a\000l\000\040\000c\000o\000n\000s\000t\000r\000a\000i\000n\000t\000s}{section.8}% 84
\BOOKMARK [2][-]{subsection.8.6}{\376\377\000W\000h\000a\000t\000\040\000t\000h\000e\000\040\000m\000o\000d\000e\000l\000\040\000c\000a\000n\000\040\000a\000n\000d\000\040\000c\000a\000n\000n\000o\000t\000\040\000p\000r\000e\000d\000i\000c\000t}{section.8}% 85
\BOOKMARK [1][-]{section.9}{\376\377\000A\000n\000a\000l\000y\000s\000i\000s\000\040\000P\000l\000a\000n}{}% 86
\BOOKMARK [2][-]{subsection.9.1}{\376\377\000A\000n\000a\000l\000y\000s\000i\000s\000\040\0001\000:\000\040\000C\000u\000r\000r\000e\000n\000t\000\040\000G\000e\000n\000e\000t\000i\000c\000\040\000S\000t\000a\000t\000e}{section.9}% 87
\BOOKMARK [2][-]{subsection.9.2}{\376\377\000A\000n\000a\000l\000y\000s\000i\000s\000\040\0002\000:\000\040\000S\000c\000r\000e\000e\000n\000i\000n\000g\000\040\000E\000f\000f\000o\000r\000t\000\040\000b\000y\000\040\000S\000i\000t\000e}{section.9}% 88
\BOOKMARK [2][-]{subsection.9.3}{\376\377\000A\000n\000a\000l\000y\000s\000i\000s\000\040\0003\000:\000\040\000B\000r\000e\000e\000d\000i\000n\000g\000\040\000P\000r\000o\000g\000r\000a\000m\000\040\000O\000p\000t\000i\000m\000i\000z\000a\000t\000i\000o\000n}{section.9}% 89
\BOOKMARK [2][-]{subsection.9.4}{\376\377\000A\000n\000a\000l\000y\000s\000i\000s\000\040\0004\000:\000\040\000R\000e\000i\000n\000t\000r\000o\000d\000u\000c\000t\000i\000o\000n\000\040\000S\000c\000e\000n\000a\000r\000i\000o\000s}{section.9}% 90
\BOOKMARK [2][-]{subsection.9.5}{\376\377\000A\000n\000a\000l\000y\000s\000i\000s\000\040\0005\000:\000\040\000I\000n\000t\000e\000g\000r\000a\000t\000e\000d\000\040\000R\000e\000c\000o\000m\000m\000e\000n\000d\000a\000t\000i\000o\000n\000s}{section.9}% 91
\BOOKMARK [2][-]{subsection.9.6}{\376\377\000C\000o\000m\000p\000u\000t\000a\000t\000i\000o\000n\000a\000l\000\040\000b\000u\000d\000g\000e\000t\000\040\000e\000s\000t\000i\000m\000a\000t\000e}{section.9}% 92
