This is pdfTeX, Version 3.141592653-2.6-1.40.28 (TeX Live 2025) (preloaded format=pdflatex 2026.2.21)  27 FEB 2026 16:08
entering extended mode
 restricted \write18 enabled.
 %&-line parsing enabled.
**reports/calibration_r1/report_final.tex
(./reports/calibration_r1/report_final.tex
LaTeX2e <2025-11-01>
L3 programming layer <2026-01-19>
(/home/starbot/.TinyTeX/texmf-dist/tex/latex/base/article.cls
Document Class: article 2025/01/22 v1.4n Standard LaTeX document class
(/home/starbot/.TinyTeX/texmf-dist/tex/latex/base/size11.clo
File: size11.clo 2025/01/22 v1.4n Standard LaTeX file (size option)
)
\c@part=\count275
\c@section=\count276
\c@subsection=\count277
\c@subsubsection=\count278
\c@paragraph=\count279
\c@subparagraph=\count280
\c@figure=\count281
\c@table=\count282
\abovecaptionskip=\skip49
\belowcaptionskip=\skip50
\bibindent=\dimen148
) (/home/starbot/.TinyTeX/texmf-dist/tex/latex/geometry/geometry.sty
Package: geometry 2020/01/02 v5.9 Page Geometry
 (/home/starbot/.TinyTeX/texmf-dist/tex/latex/graphics/keyval.sty
Package: keyval 2022/05/29 v1.15 key=value parser (DPC)
\KV@toks@=\toks17
) (/home/starbot/.TinyTeX/texmf-dist/tex/generic/iftex/ifvtex.sty
Package: ifvtex 2019/10/25 v1.7 ifvtex legacy package. Use iftex instead.
 (/home/starbot/.TinyTeX/texmf-dist/tex/generic/iftex/iftex.sty
Package: iftex 2024/12/12 v1.0g TeX engine tests
))
\Gm@cnth=\count283
\Gm@cntv=\count284
\c@Gm@tempcnt=\count285
\Gm@bindingoffset=\dimen149
\Gm@wd@mp=\dimen150
\Gm@odd@mp=\dimen151
\Gm@even@mp=\dimen152
\Gm@layoutwidth=\dimen153
\Gm@layoutheight=\dimen154
\Gm@layouthoffset=\dimen155
\Gm@layoutvoffset=\dimen156
\Gm@dimlist=\toks18
) (/home/starbot/.TinyTeX/texmf-dist/tex/latex/graphics/graphicx.sty
Package: graphicx 2024/12/31 v1.2e Enhanced LaTeX Graphics (DPC,SPQR)
 (/home/starbot/.TinyTeX/texmf-dist/tex/latex/graphics/graphics.sty
Package: graphics 2024/08/06 v1.4g Standard LaTeX Graphics (DPC,SPQR)
 (/home/starbot/.TinyTeX/texmf-dist/tex/latex/graphics/trig.sty
Package: trig 2023/12/02 v1.11 sin cos tan (DPC)
) (/home/starbot/.TinyTeX/texmf-dist/tex/latex/graphics-cfg/graphics.cfg
File: graphics.cfg 2016/06/04 v1.11 sample graphics configuration
)
Package graphics Info: Driver file: pdftex.def on input line 106.
 (/home/starbot/.TinyTeX/texmf-dist/tex/latex/graphics-def/pdftex.def
File: pdftex.def 2025/09/29 v1.2d Graphics/color driver for pdftex
))
\Gin@req@height=\dimen157
\Gin@req@width=\dimen158
) (/home/starbot/.TinyTeX/texmf-dist/tex/latex/amsmath/amsmath.sty
Package: amsmath 2025/07/09 v2.17z AMS math features
\@mathmargin=\skip51

For additional information on amsmath, use the `?' option.
(/home/starbot/.TinyTeX/texmf-dist/tex/latex/amsmath/amstext.sty
Package: amstext 2024/11/17 v2.01 AMS text
 (/home/starbot/.TinyTeX/texmf-dist/tex/latex/amsmath/amsgen.sty
File: amsgen.sty 1999/11/30 v2.0 generic functions
\@emptytoks=\toks19
\ex@=\dimen159
)) (/home/starbot/.TinyTeX/texmf-dist/tex/latex/amsmath/amsbsy.sty
Package: amsbsy 1999/11/29 v1.2d Bold Symbols
\pmbraise@=\dimen160
) (/home/starbot/.TinyTeX/texmf-dist/tex/latex/amsmath/amsopn.sty
Package: amsopn 2022/04/08 v2.04 operator names
)
\inf@bad=\count286
LaTeX Info: Redefining \frac on input line 233.
\uproot@=\count287
\leftroot@=\count288
LaTeX Info: Redefining \overline on input line 398.
LaTeX Info: Redefining \colon on input line 409.
\classnum@=\count289
\DOTSCASE@=\count290
LaTeX Info: Redefining \ldots on input line 495.
LaTeX Info: Redefining \dots on input line 498.
LaTeX Info: Redefining \cdots on input line 619.
\Mathstrutbox@=\box53
\strutbox@=\box54
LaTeX Info: Redefining \big on input line 721.
LaTeX Info: Redefining \Big on input line 722.
LaTeX Info: Redefining \bigg on input line 723.
LaTeX Info: Redefining \Bigg on input line 724.
\big@size=\dimen161
LaTeX Font Info:    Redeclaring font encoding OML on input line 742.
LaTeX Font Info:    Redeclaring font encoding OMS on input line 743.
\macc@depth=\count291
LaTeX Info: Redefining \bmod on input line 904.
LaTeX Info: Redefining \pmod on input line 909.
LaTeX Info: Redefining \smash on input line 939.
LaTeX Info: Redefining \relbar on input line 969.
LaTeX Info: Redefining \Relbar on input line 970.
\c@MaxMatrixCols=\count292
\dotsspace@=\muskip17
\c@parentequation=\count293
\dspbrk@lvl=\count294
\tag@help=\toks20
\row@=\count295
\column@=\count296
\maxfields@=\count297
\andhelp@=\toks21
\eqnshift@=\dimen162
\alignsep@=\dimen163
\tagshift@=\dimen164
\tagwidth@=\dimen165
\totwidth@=\dimen166
\lineht@=\dimen167
\@envbody=\toks22
\multlinegap=\skip52
\multlinetaggap=\skip53
\mathdisplay@stack=\toks23
LaTeX Info: Redefining \[ on input line 2950.
LaTeX Info: Redefining \] on input line 2951.
) (/home/starbot/.TinyTeX/texmf-dist/tex/latex/float/float.sty
Package: float 2001/11/08 v1.3d Float enhancements (AL)
\c@float@type=\count298
\float@exts=\toks24
\float@box=\box55
\@float@everytoks=\toks25
\@floatcapt=\box56
) (/home/starbot/.TinyTeX/texmf-dist/tex/latex/l3backend/l3backend-pdftex.def
File: l3backend-pdftex.def 2025-10-09 L3 backend support: PDF output (pdfTeX)
\l__color_backend_stack_int=\count299
) (reports/calibration_r1/report_final.aux)
\openout1 = `report_final.aux'.

LaTeX Font Info:    Checking defaults for OML/cmm/m/it on input line 11.
LaTeX Font Info:    ... okay on input line 11.
LaTeX Font Info:    Checking defaults for OMS/cmsy/m/n on input line 11.
LaTeX Font Info:    ... okay on input line 11.
LaTeX Font Info:    Checking defaults for OT1/cmr/m/n on input line 11.
LaTeX Font Info:    ... okay on input line 11.
LaTeX Font Info:    Checking defaults for T1/cmr/m/n on input line 11.
LaTeX Font Info:    ... okay on input line 11.
LaTeX Font Info:    Checking defaults for TS1/cmr/m/n on input line 11.
LaTeX Font Info:    ... okay on input line 11.
LaTeX Font Info:    Checking defaults for OMX/cmex/m/n on input line 11.
LaTeX Font Info:    ... okay on input line 11.
LaTeX Font Info:    Checking defaults for U/cmr/m/n on input line 11.
LaTeX Font Info:    ... okay on input line 11.

*geometry* driver: auto-detecting
*geometry* detected driver: pdftex
*geometry* verbose mode - [ preamble ] result:
* driver: pdftex
* paper: letterpaper
* layout: <same size as paper>
* layoutoffset:(h,v)=(0.0pt,0.0pt)
* modes: 
* h-part:(L,W,R)=(72.26999pt, 469.75502pt, 72.26999pt)
* v-part:(T,H,B)=(72.26999pt, 650.43001pt, 72.26999pt)
* \paperwidth=614.295pt
* \paperheight=794.96999pt
* \textwidth=469.75502pt
* \textheight=650.43001pt
* \oddsidemargin=0.0pt
* \evensidemargin=0.0pt
* \topmargin=-37.0pt
* \headheight=12.0pt
* \headsep=25.0pt
* \topskip=11.0pt
* \footskip=30.0pt
* \marginparwidth=59.0pt
* \marginparsep=10.0pt
* \columnsep=10.0pt
* \skip\footins=10.0pt plus 4.0pt minus 2.0pt
* \hoffset=0.0pt
* \voffset=0.0pt
* \mag=1000
* \@twocolumnfalse
* \@twosidefalse
* \@mparswitchfalse
* \@reversemarginfalse
* (1in=72.27pt=25.4mm, 1cm=28.453pt)

(/home/starbot/.TinyTeX/texmf-dist/tex/latex/epstopdf-pkg/epstopdf-base.sty
Package: epstopdf-base 2020-01-24 v2.11 Base part for package epstopdf
Package epstopdf-base Info: Redefining graphics rule for `.eps' on input line 485.
 (/home/starbot/.TinyTeX/texmf-dist/tex/latex/latexconfig/epstopdf-sys.cfg
File: epstopdf-sys.cfg 2010/07/13 v1.3 Configuration of (r)epstopdf for TeX Live
)) [1

{/home/starbot/.TinyTeX/texmf-var/fonts/map/pdftex/updmap/pdftex.map}{/home/starbot/.TinyTeX/texmf-dist/fonts/enc/dvips/cm-super/cm-super-ts1.enc}]
Overfull \hbox (32.8112pt too wide) in paragraph at lines 80--81
[]\OT1/cmr/m/n/10.95 Round 03 (P[]env[]max=100) achieved the low-est RMSE(log) at 1.008, while Round 02 (K[]half=200,000)
 []

<figures/figure1_grouped_bars.pdf, id=12, 1002.44183pt x 567.95721pt>
File: figures/figure1_grouped_bars.pdf Graphic file (type pdf)
<use figures/figure1_grouped_bars.pdf>
Package pdftex.def Info: figures/figure1_grouped_bars.pdf  used on input line 88.
(pdftex.def)             Requested size: 469.75502pt x 266.15129pt.
[2]
<figures/figure2_heatmap.pdf, id=17, 677.93504pt x 421.55165pt>
File: figures/figure2_heatmap.pdf Graphic file (type pdf)
<use figures/figure2_heatmap.pdf>
Package pdftex.def Info: figures/figure2_heatmap.pdf  used on input line 98.
(pdftex.def)             Requested size: 375.80544pt x 233.68733pt.
 [3 <reports/calibration_r1/figures/figure1_grouped_bars.pdf>]
<figures/figure3_rmse.pdf, id=76, 859.66985pt x 423.13pt>
File: figures/figure3_rmse.pdf Graphic file (type pdf)
<use figures/figure3_rmse.pdf>
Package pdftex.def Info: figures/figure3_rmse.pdf  used on input line 108.
(pdftex.def)             Requested size: 469.75502pt x 231.21141pt.
 [4 <reports/calibration_r1/figures/figure2_heatmap.pdf> <reports/calibration_r1/figures/figure3_rmse.pdf>]
<figures/figure4_trajectories.pdf, id=223, 1428.13298pt x 257.5335pt>
File: figures/figure4_trajectories.pdf Graphic file (type pdf)
<use figures/figure4_trajectories.pdf>
Package pdftex.def Info: figures/figure4_trajectories.pdf  used on input line 118.
(pdftex.def)             Requested size: 469.75502pt x 84.7073pt.
<figures/figure5_scatter.pdf, id=224, 710.94319pt x 565.63205pt>
File: figures/figure5_scatter.pdf Graphic file (type pdf)
<use figures/figure5_scatter.pdf>
Package pdftex.def Info: figures/figure5_scatter.pdf  used on input line 128.
(pdftex.def)             Requested size: 469.75502pt x 373.74123pt.
 [5 <reports/calibration_r1/figures/figure4_trajectories.pdf>]
<figures/figure4a_round00.pdf, id=277, 711.129pt x 571.02838pt>
File: figures/figure4a_round00.pdf Graphic file (type pdf)
<use figures/figure4a_round00.pdf>
Package pdftex.def Info: figures/figure4a_round00.pdf  used on input line 138.
(pdftex.def)             Requested size: 422.77664pt x 339.48293pt.
 [6 <reports/calibration_r1/figures/figure5_scatter.pdf>]
<figures/figure4b_round01.pdf, id=334, 711.129pt x 571.02838pt>
File: figures/figure4b_round01.pdf Graphic file (type pdf)
<use figures/figure4b_round01.pdf>
Package pdftex.def Info: figures/figure4b_round01.pdf  used on input line 144.
(pdftex.def)             Requested size: 422.77664pt x 339.48293pt.
 [7 <reports/calibration_r1/figures/figure4a_round00.pdf>]
<figures/figure4c_round02.pdf, id=392, 711.129pt x 571.02838pt>
File: figures/figure4c_round02.pdf Graphic file (type pdf)
<use figures/figure4c_round02.pdf>
Package pdftex.def Info: figures/figure4c_round02.pdf  used on input line 150.
(pdftex.def)             Requested size: 422.77664pt x 339.48293pt.
 [8 <reports/calibration_r1/figures/figure4b_round01.pdf>]
<figures/figure4d_round03.pdf, id=452, 711.129pt x 571.02838pt>
File: figures/figure4d_round03.pdf Graphic file (type pdf)
<use figures/figure4d_round03.pdf>
Package pdftex.def Info: figures/figure4d_round03.pdf  used on input line 156.
(pdftex.def)             Requested size: 422.77664pt x 339.48293pt.
 [9 <reports/calibration_r1/figures/figure4c_round02.pdf>]
<figures/figure4e_round04.pdf, id=512, 711.129pt x 571.02838pt>
File: figures/figure4e_round04.pdf Graphic file (type pdf)
<use figures/figure4e_round04.pdf>
Package pdftex.def Info: figures/figure4e_round04.pdf  used on input line 162.
(pdftex.def)             Requested size: 422.77664pt x 339.48293pt.
 [10 <reports/calibration_r1/figures/figure4d_round03.pdf>] [11 <reports/calibration_r1/figures/figure4e_round04.pdf>] [12] (reports/calibration_r1/report_final.aux)
 ***********
LaTeX2e <2025-11-01>
L3 programming layer <2026-01-19>
 ***********
 ) 
Here is how much of TeX's memory you used:
 2437 strings out of 469514
 39189 string characters out of 5469758
 453729 words of memory out of 5000000
 31095 multiletter control sequences out of 15000+600000
 634439 words of font info for 63 fonts, out of 8000000 for 9000
 14 hyphenation exceptions out of 8191
 57i,9n,65p,659b,239s stack positions out of 10000i,1000n,20000p,200000b,200000s
</home/starbot/.TinyTeX/texmf-dist/fonts/type1/public/amsfonts/cm/cmbx10.pfb></home/starbot/.TinyTeX/texmf-dist/fonts/type1/public/amsfonts/cm/cmbx12.pfb></home/starbot/.TinyTeX/texmf-dist/fonts/type1/public/amsfonts/cm/cmmi10.pfb></home/starbot/.TinyTeX/texmf-dist/fonts/type1/public/amsfonts/cm/cmr10.pfb></home/starbot/.TinyTeX/texmf-dist/fonts/type1/public/amsfonts/cm/cmr12.pfb></home/starbot/.TinyTeX/texmf-dist/fonts/type1/public/amsfonts/cm/cmr17.pfb></home/starbot/.TinyTeX/texmf-dist/fonts/type1/public/amsfonts/cm/cmr8.pfb></home/starbot/.TinyTeX/texmf-dist/fonts/type1/public/amsfonts/cm/cmsy10.pfb></home/starbot/.TinyTeX/texmf-dist/fonts/type1/public/cm-super/sfrm1095.pfb>
Output written on reports/calibration_r1/report_final.pdf (12 pages, 361802 bytes).
PDF statistics:
 676 PDF objects out of 1000 (max. 8388607)
 117 compressed objects within 2 object streams
 0 named destinations out of 1000 (max. 500000)
 51 words of extra memory for PDF output out of 10000 (max. 10000000)

