\BOOKMARK [1][-]{section.1}{\376\377\000I\000n\000t\000r\000o\000d\000u\000c\000t\000i\000o\000n}{}% 1
\BOOKMARK [2][-]{subsection.1.1}{\376\377\000S\000e\000a\000\040\000S\000t\000a\000r\000\040\000W\000a\000s\000t\000i\000n\000g\000\040\000D\000i\000s\000e\000a\000s\000e\000\040\000a\000n\000d\000\040\000t\000h\000e\000\040\000C\000o\000l\000l\000a\000p\000s\000e\000\040\000o\000f\000\040\000P\000y\000c\000n\000o\000p\000o\000d\000i\000a\000\040\000h\000e\000l\000i\000a\000n\000t\000h\000o\000i\000d\000e\000s}{section.1}% 2
\BOOKMARK [2][-]{subsection.1.2}{\376\377\000E\000t\000i\000o\000l\000o\000g\000y\000:\000\040\000A\000\040\000D\000e\000c\000a\000d\000e\000-\000L\000o\000n\000g\000\040\000M\000y\000s\000t\000e\000r\000y\000\040\000R\000e\000s\000o\000l\000v\000e\000d}{section.1}% 3
\BOOKMARK [2][-]{subsection.1.3}{\376\377\000C\000o\000n\000s\000e\000r\000v\000a\000t\000i\000o\000n\000\040\000U\000r\000g\000e\000n\000c\000y\000\040\000a\000n\000d\000\040\000A\000c\000t\000i\000v\000e\000\040\000R\000e\000c\000o\000v\000e\000r\000y\000\040\000E\000f\000f\000o\000r\000t\000s}{section.1}% 4
\BOOKMARK [2][-]{subsection.1.4}{\376\377\000T\000h\000e\000\040\000N\000e\000e\000d\000\040\000f\000o\000r\000\040\000a\000n\000\040\000E\000c\000o\000-\000E\000v\000o\000l\000u\000t\000i\000o\000n\000a\000r\000y\000\040\000F\000r\000a\000m\000e\000w\000o\000r\000k}{section.1}% 5
\BOOKMARK [2][-]{subsection.1.5}{\376\377\000M\000o\000d\000e\000l\000\040\000O\000v\000e\000r\000v\000i\000e\000w}{section.1}% 6
\BOOKMARK [2][-]{subsection.1.6}{\376\377\000P\000a\000p\000e\000r\000\040\000O\000u\000t\000l\000i\000n\000e}{section.1}% 7
\BOOKMARK [1][-]{section.2}{\376\377\000M\000o\000d\000e\000l\000\040\000A\000r\000c\000h\000i\000t\000e\000c\000t\000u\000r\000e}{}% 8
\BOOKMARK [2][-]{subsection.2.1}{\376\377\000A\000g\000e\000n\000t\000\040\000R\000e\000p\000r\000e\000s\000e\000n\000t\000a\000t\000i\000o\000n}{section.2}% 9
\BOOKMARK [2][-]{subsection.2.2}{\376\377\000N\000o\000d\000e\000\040\000S\000t\000r\000u\000c\000t\000u\000r\000e}{section.2}% 10
\BOOKMARK [2][-]{subsection.2.3}{\376\377\000S\000i\000m\000u\000l\000a\000t\000i\000o\000n\000\040\000L\000o\000o\000p}{section.2}% 11
\BOOKMARK [2][-]{subsection.2.4}{\376\377\000D\000e\000s\000i\000g\000n\000\040\000R\000a\000t\000i\000o\000n\000a\000l\000e}{section.2}% 12
\BOOKMARK [1][-]{section.3}{\376\377\000D\000i\000s\000e\000a\000s\000e\000\040\000M\000o\000d\000u\000l\000e}{}% 13
\BOOKMARK [2][-]{subsection.3.1}{\376\377\000C\000o\000m\000p\000a\000r\000t\000m\000e\000n\000t\000a\000l\000\040\000S\000t\000r\000u\000c\000t\000u\000r\000e}{section.3}% 14
\BOOKMARK [3][-]{subsubsection.3.1.1}{\376\377\000E\000r\000l\000a\000n\000g\000-\000D\000i\000s\000t\000r\000i\000b\000u\000t\000e\000d\000\040\000S\000t\000a\000g\000e\000\040\000D\000u\000r\000a\000t\000i\000o\000n\000s}{subsection.3.1}% 15
\BOOKMARK [2][-]{subsection.3.2}{\376\377\000F\000o\000r\000c\000e\000\040\000o\000f\000\040\000I\000n\000f\000e\000c\000t\000i\000o\000n}{section.3}% 16
\BOOKMARK [3][-]{subsubsection.3.2.1}{\376\377\000D\000o\000s\000e\040\023\000R\000e\000s\000p\000o\000n\000s\000e\000\040\000F\000u\000n\000c\000t\000i\000o\000n}{subsection.3.2}% 17
\BOOKMARK [3][-]{subsubsection.3.2.2}{\376\377\000S\000a\000l\000i\000n\000i\000t\000y\000\040\000M\000o\000d\000i\000f\000i\000e\000r}{subsection.3.2}% 18
\BOOKMARK [3][-]{subsubsection.3.2.3}{\376\377\000S\000i\000z\000e\000-\000D\000e\000p\000e\000n\000d\000e\000n\000t\000\040\000S\000u\000s\000c\000e\000p\000t\000i\000b\000i\000l\000i\000t\000y}{subsection.3.2}% 19
\BOOKMARK [3][-]{subsubsection.3.2.4}{\376\377\000P\000o\000s\000t\000-\000S\000p\000a\000w\000n\000i\000n\000g\000\040\000I\000m\000m\000u\000n\000o\000s\000u\000p\000p\000r\000e\000s\000s\000i\000o\000n}{subsection.3.2}% 20
\BOOKMARK [2][-]{subsection.3.3}{\376\377\000D\000i\000s\000e\000a\000s\000e\000\040\000P\000r\000o\000g\000r\000e\000s\000s\000i\000o\000n\000\040\000a\000n\000d\000\040\000R\000e\000c\000o\000v\000e\000r\000y}{section.3}% 21
\BOOKMARK [3][-]{subsubsection.3.3.1}{\376\377\000T\000r\000a\000n\000s\000i\000t\000i\000o\000n\000\040\000R\000a\000t\000e\000s}{subsection.3.3}% 22
\BOOKMARK [3][-]{subsubsection.3.3.2}{\376\377\000T\000e\000m\000p\000e\000r\000a\000t\000u\000r\000e\000\040\000S\000c\000a\000l\000i\000n\000g\000\040\000\050\000A\000r\000r\000h\000e\000n\000i\000u\000s\000\051}{subsection.3.3}% 23
\BOOKMARK [3][-]{subsubsection.3.3.3}{\376\377\000T\000o\000l\000e\000r\000a\000n\000c\000e\000:\000\040\000E\000x\000t\000e\000n\000d\000i\000n\000g\000\040\000I\0002\000\040\000D\000u\000r\000a\000t\000i\000o\000n}{subsection.3.3}% 24
\BOOKMARK [3][-]{subsubsection.3.3.4}{\376\377\000R\000e\000c\000o\000v\000e\000r\000y}{subsection.3.3}% 25
\BOOKMARK [2][-]{subsection.3.4}{\376\377\000V\000i\000b\000r\000i\000o\000\040\000D\000y\000n\000a\000m\000i\000c\000s}{section.3}% 26
\BOOKMARK [3][-]{subsubsection.3.4.1}{\376\377\000S\000h\000e\000d\000d\000i\000n\000g}{subsection.3.4}% 27
\BOOKMARK [3][-]{subsubsection.3.4.2}{\376\377\000C\000a\000r\000c\000a\000s\000s\000\040\000S\000h\000e\000d\000d\000i\000n\000g}{subsection.3.4}% 28
\BOOKMARK [3][-]{subsubsection.3.4.3}{\376\377\000V\000i\000b\000r\000i\000o\000\040\000D\000e\000c\000a\000y}{subsection.3.4}% 29
\BOOKMARK [3][-]{subsubsection.3.4.4}{\376\377\000E\000n\000v\000i\000r\000o\000n\000m\000e\000n\000t\000a\000l\000\040\000R\000e\000s\000e\000r\000v\000o\000i\000r}{subsection.3.4}% 30
\BOOKMARK [2][-]{subsection.3.5}{\376\377\000P\000a\000t\000h\000o\000g\000e\000n\000\040\000E\000v\000o\000l\000u\000t\000i\000o\000n}{section.3}% 31
\BOOKMARK [3][-]{subsubsection.3.5.1}{\376\377\000V\000i\000r\000u\000l\000e\000n\000c\000e\040\023\000T\000r\000a\000d\000e\000o\000f\000f\000\040\000C\000u\000r\000v\000e\000s}{subsection.3.5}% 32
\BOOKMARK [3][-]{subsubsection.3.5.2}{\376\377\000T\000r\000a\000n\000s\000m\000i\000s\000s\000i\000o\000n\000\040\000a\000n\000d\000\040\000M\000u\000t\000a\000t\000i\000o\000n}{subsection.3.5}% 33
\BOOKMARK [2][-]{subsection.3.6}{\376\377\000B\000a\000s\000i\000c\000\040\000R\000e\000p\000r\000o\000d\000u\000c\000t\000i\000o\000n\000\040\000N\000u\000m\000b\000e\000r}{section.3}% 34
\BOOKMARK [2][-]{subsection.3.7}{\376\377\000D\000a\000i\000l\000y\000\040\000U\000p\000d\000a\000t\000e\000\040\000S\000e\000q\000u\000e\000n\000c\000e}{section.3}% 35
\BOOKMARK [1][-]{section.4}{\376\377\000G\000e\000n\000e\000t\000i\000c\000s\000\040\000M\000o\000d\000u\000l\000e}{}% 36
\BOOKMARK [2][-]{subsection.4.1}{\376\377\000T\000h\000r\000e\000e\000-\000T\000r\000a\000i\000t\000\040\000A\000r\000c\000h\000i\000t\000e\000c\000t\000u\000r\000e}{section.4}% 37
\BOOKMARK [2][-]{subsection.4.2}{\376\377\000T\000r\000a\000i\000t\000\040\000S\000c\000o\000r\000e\000\040\000C\000o\000m\000p\000u\000t\000a\000t\000i\000o\000n}{section.4}% 38
\BOOKMARK [3][-]{subsubsection.4.2.1}{\376\377\000E\000f\000f\000e\000c\000t\000\040\000S\000i\000z\000e\000\040\000D\000i\000s\000t\000r\000i\000b\000u\000t\000i\000o\000n}{subsection.4.2}% 39
\BOOKMARK [3][-]{subsubsection.4.2.2}{\376\377\000C\000o\000u\000p\000l\000i\000n\000g\000\040\000t\000o\000\040\000D\000i\000s\000e\000a\000s\000e\000\040\000D\000y\000n\000a\000m\000i\000c\000s}{subsection.4.2}% 40
\BOOKMARK [2][-]{subsection.4.3}{\376\377\000G\000e\000n\000o\000t\000y\000p\000e\000\040\000I\000n\000i\000t\000i\000a\000l\000i\000z\000a\000t\000i\000o\000n}{section.4}% 41
\BOOKMARK [2][-]{subsection.4.4}{\376\377\000M\000e\000n\000d\000e\000l\000i\000a\000n\000\040\000I\000n\000h\000e\000r\000i\000t\000a\000n\000c\000e\000\040\000a\000n\000d\000\040\000M\000u\000t\000a\000t\000i\000o\000n}{section.4}% 42
\BOOKMARK [2][-]{subsection.4.5}{\376\377\000S\000w\000e\000e\000p\000s\000t\000a\000k\000e\000s\000\040\000R\000e\000p\000r\000o\000d\000u\000c\000t\000i\000v\000e\000\040\000S\000u\000c\000c\000e\000s\000s}{section.4}% 43
\BOOKMARK [2][-]{subsection.4.6}{\376\377\000G\000e\000n\000e\000t\000i\000c\000\040\000D\000i\000a\000g\000n\000o\000s\000t\000i\000c\000s\000\040\000a\000n\000d\000\040\000T\000r\000a\000c\000k\000i\000n\000g}{section.4}% 44
\BOOKMARK [2][-]{subsection.4.7}{\376\377\000G\000e\000n\000o\000t\000y\000p\000e\000\040\000B\000a\000n\000k\000\040\000\050\000T\000i\000e\000r\000\040\0002\000\040\000N\000o\000d\000e\000s\000\051}{section.4}% 45
\BOOKMARK [1][-]{section.5}{\376\377\000P\000o\000p\000u\000l\000a\000t\000i\000o\000n\000\040\000D\000y\000n\000a\000m\000i\000c\000s}{}% 46
\BOOKMARK [2][-]{subsection.5.1}{\376\377\000L\000i\000f\000e\000\040\000S\000t\000a\000g\000e\000s}{section.5}% 47
\BOOKMARK [2][-]{subsection.5.2}{\376\377\000G\000r\000o\000w\000t\000h}{section.5}% 48
\BOOKMARK [2][-]{subsection.5.3}{\376\377\000N\000a\000t\000u\000r\000a\000l\000\040\000M\000o\000r\000t\000a\000l\000i\000t\000y}{section.5}% 49
\BOOKMARK [2][-]{subsection.5.4}{\376\377\000S\000p\000a\000w\000n\000i\000n\000g\000\040\000S\000y\000s\000t\000e\000m}{section.5}% 50
\BOOKMARK [3][-]{subsubsection.5.4.1}{\376\377\000S\000p\000a\000w\000n\000i\000n\000g\000\040\000S\000e\000a\000s\000o\000n\000\040\000a\000n\000d\000\040\000P\000h\000e\000n\000o\000l\000o\000g\000y}{subsection.5.4}% 51
\BOOKMARK [3][-]{subsubsection.5.4.2}{\376\377\000S\000p\000o\000n\000t\000a\000n\000e\000o\000u\000s\000\040\000S\000p\000a\000w\000n\000i\000n\000g}{subsection.5.4}% 52
\BOOKMARK [3][-]{subsubsection.5.4.3}{\376\377\000C\000a\000s\000c\000a\000d\000e\000\040\000I\000n\000d\000u\000c\000t\000i\000o\000n}{subsection.5.4}% 53
\BOOKMARK [3][-]{subsubsection.5.4.4}{\376\377\000P\000o\000s\000t\000-\000S\000p\000a\000w\000n\000i\000n\000g\000\040\000I\000m\000m\000u\000n\000o\000s\000u\000p\000p\000r\000e\000s\000s\000i\000o\000n}{subsection.5.4}% 54
\BOOKMARK [2][-]{subsection.5.5}{\376\377\000F\000e\000c\000u\000n\000d\000i\000t\000y}{section.5}% 55
\BOOKMARK [2][-]{subsection.5.6}{\376\377\000F\000e\000r\000t\000i\000l\000i\000z\000a\000t\000i\000o\000n\000\040\000K\000i\000n\000e\000t\000i\000c\000s\000\040\000a\000n\000d\000\040\000t\000h\000e\000\040\000A\000l\000l\000e\000e\000\040\000E\000f\000f\000e\000c\000t}{section.5}% 56
\BOOKMARK [2][-]{subsection.5.7}{\376\377\000L\000a\000r\000v\000a\000l\000\040\000P\000h\000a\000s\000e}{section.5}% 57
\BOOKMARK [2][-]{subsection.5.8}{\376\377\000S\000e\000t\000t\000l\000e\000m\000e\000n\000t\000\040\000a\000n\000d\000\040\000R\000e\000c\000r\000u\000i\000t\000m\000e\000n\000t}{section.5}% 58
\BOOKMARK [2][-]{subsection.5.9}{\376\377\000C\000o\000n\000t\000i\000n\000u\000o\000u\000s\000\040\000S\000e\000t\000t\000l\000e\000m\000e\000n\000t}{section.5}% 59
\BOOKMARK [2][-]{subsection.5.10}{\376\377\000D\000e\000m\000o\000g\000r\000a\000p\000h\000i\000c\040\023\000G\000e\000n\000e\000t\000i\000c\040\023\000E\000p\000i\000d\000e\000m\000i\000o\000l\000o\000g\000i\000c\000a\000l\000\040\000C\000o\000u\000p\000l\000i\000n\000g}{section.5}% 60
\BOOKMARK [1][-]{section.6}{\376\377\000S\000p\000a\000t\000i\000a\000l\000\040\000M\000o\000d\000u\000l\000e\000\040\000a\000n\000d\000\040\000E\000n\000v\000i\000r\000o\000n\000m\000e\000n\000t\000a\000l\000\040\000F\000o\000r\000c\000i\000n\000g}{}% 61
\BOOKMARK [2][-]{subsection.6.1}{\376\377\000M\000e\000t\000a\000p\000o\000p\000u\000l\000a\000t\000i\000o\000n\000\040\000N\000e\000t\000w\000o\000r\000k\000\040\000S\000t\000r\000u\000c\000t\000u\000r\000e}{section.6}% 62
\BOOKMARK [3][-]{subsubsection.6.1.1}{\376\377\000N\000o\000d\000e\000\040\000D\000e\000f\000i\000n\000i\000t\000i\000o\000n}{subsection.6.1}% 63
\BOOKMARK [3][-]{subsubsection.6.1.2}{\376\377\000I\000n\000t\000e\000r\000n\000o\000d\000e\000\040\000D\000i\000s\000t\000a\000n\000c\000e\000\040\000C\000o\000m\000p\000u\000t\000a\000t\000i\000o\000n}{subsection.6.1}% 64
\BOOKMARK [2][-]{subsection.6.2}{\376\377\000C\000o\000n\000n\000e\000c\000t\000i\000v\000i\000t\000y\000\040\000M\000a\000t\000r\000i\000c\000e\000s}{section.6}% 65
\BOOKMARK [3][-]{subsubsection.6.2.1}{\376\377\000L\000a\000r\000v\000a\000l\000\040\000C\000o\000n\000n\000e\000c\000t\000i\000v\000i\000t\000y\000\040\000M\000a\000t\000r\000i\000x\000\040\000C}{subsection.6.2}% 66
\BOOKMARK [3][-]{subsubsection.6.2.2}{\376\377\000P\000a\000t\000h\000o\000g\000e\000n\000\040\000D\000i\000s\000p\000e\000r\000s\000a\000l\000\040\000M\000a\000t\000r\000i\000x\000\040\000D}{subsection.6.2}% 67
\BOOKMARK [3][-]{subsubsection.6.2.3}{\376\377\000D\000i\000s\000p\000e\000r\000s\000a\000l\000\040\000D\000y\000n\000a\000m\000i\000c\000s}{subsection.6.2}% 68
\BOOKMARK [2][-]{subsection.6.3}{\376\377\000E\000n\000v\000i\000r\000o\000n\000m\000e\000n\000t\000a\000l\000\040\000F\000o\000r\000c\000i\000n\000g}{section.6}% 69
\BOOKMARK [3][-]{subsubsection.6.3.1}{\376\377\000S\000e\000a\000\040\000S\000u\000r\000f\000a\000c\000e\000\040\000T\000e\000m\000p\000e\000r\000a\000t\000u\000r\000e}{subsection.6.3}% 70
\BOOKMARK [3][-]{subsubsection.6.3.2}{\376\377\000T\000e\000m\000p\000e\000r\000a\000t\000u\000r\000e\000-\000D\000e\000p\000e\000n\000d\000e\000n\000t\000\040\000R\000a\000t\000e\000\040\000S\000c\000a\000l\000i\000n\000g}{subsection.6.3}% 71
\BOOKMARK [3][-]{subsubsection.6.3.3}{\376\377\000S\000a\000l\000i\000n\000i\000t\000y\000\040\000M\000o\000d\000i\000f\000i\000e\000r}{subsection.6.3}% 72
\BOOKMARK [3][-]{subsubsection.6.3.4}{\376\377\000F\000l\000u\000s\000h\000i\000n\000g\000\040\000R\000a\000t\000e}{subsection.6.3}% 73
\BOOKMARK [2][-]{subsection.6.4}{\376\377\000A\000g\000e\000n\000t\000\040\000M\000o\000v\000e\000m\000e\000n\000t}{section.6}% 74
\BOOKMARK [2][-]{subsection.6.5}{\376\377\000N\000e\000t\000w\000o\000r\000k\000\040\000C\000o\000n\000f\000i\000g\000u\000r\000a\000t\000i\000o\000n\000s}{section.6}% 75
\BOOKMARK [3][-]{subsubsection.6.5.1}{\376\377\0005\000-\000N\000o\000d\000e\000\040\000V\000a\000l\000i\000d\000a\000t\000i\000o\000n\000\040\000N\000e\000t\000w\000o\000r\000k}{subsection.6.5}% 76
\BOOKMARK [3][-]{subsubsection.6.5.2}{\376\377\0001\0001\000-\000N\000o\000d\000e\000\040\000S\000e\000n\000s\000i\000t\000i\000v\000i\000t\000y\000\040\000A\000n\000a\000l\000y\000s\000i\000s\000\040\000N\000e\000t\000w\000o\000r\000k}{subsection.6.5}% 77
\BOOKMARK [3][-]{subsubsection.6.5.3}{\376\377\000F\000u\000l\000l\000-\000R\000a\000n\000g\000e\000\040\000N\000e\000t\000w\000o\000r\000k\000\040\000\050\000P\000l\000a\000n\000n\000e\000d\000\051}{subsection.6.5}% 78
\BOOKMARK [2][-]{subsection.6.6}{\376\377\000N\000e\000t\000w\000o\000r\000k\000\040\000C\000o\000n\000s\000t\000r\000u\000c\000t\000i\000o\000n}{section.6}% 79
\BOOKMARK [1][-]{section.7}{\376\377\000S\000e\000n\000s\000i\000t\000i\000v\000i\000t\000y\000\040\000A\000n\000a\000l\000y\000s\000i\000s}{}% 80
\BOOKMARK [2][-]{subsection.7.1}{\376\377\000M\000e\000t\000h\000o\000d\000s}{section.7}% 81
\BOOKMARK [3][-]{subsubsection.7.1.1}{\376\377\000M\000o\000r\000r\000i\000s\000\040\000E\000l\000e\000m\000e\000n\000t\000a\000r\000y\000\040\000E\000f\000f\000e\000c\000t\000s\000\040\000S\000c\000r\000e\000e\000n\000i\000n\000g}{subsection.7.1}% 82
\BOOKMARK [3][-]{subsubsection.7.1.2}{\376\377\000S\000o\000b\000o\000l\000\040\000V\000a\000r\000i\000a\000n\000c\000e\000\040\000D\000e\000c\000o\000m\000p\000o\000s\000i\000t\000i\000o\000n}{subsection.7.1}% 83
\BOOKMARK [3][-]{subsubsection.7.1.3}{\376\377\000O\000u\000t\000p\000u\000t\000\040\000M\000e\000t\000r\000i\000c\000s}{subsection.7.1}% 84
\BOOKMARK [2][-]{subsection.7.2}{\376\377\000P\000r\000o\000g\000r\000e\000s\000s\000i\000v\000e\000\040\000S\000e\000n\000s\000i\000t\000i\000v\000i\000t\000y\000\040\000A\000n\000a\000l\000y\000s\000i\000s\000\040\000D\000e\000s\000i\000g\000n}{section.7}% 85
\BOOKMARK [2][-]{subsection.7.3}{\376\377\000R\000o\000u\000n\000d\000\040\0004\000\040\000M\000o\000r\000r\000i\000s\000\040\000R\000e\000s\000u\000l\000t\000s}{section.7}% 86
\BOOKMARK [3][-]{subsubsection.7.3.1}{\376\377\000G\000l\000o\000b\000a\000l\000\040\000P\000a\000r\000a\000m\000e\000t\000e\000r\000\040\000R\000a\000n\000k\000i\000n\000g}{subsection.7.3}% 87
\BOOKMARK [3][-]{subsubsection.7.3.2}{\376\377\000K\000e\000y\000\040\000R\000a\000n\000k\000\040\000S\000h\000i\000f\000t\000s\000\040\000f\000r\000o\000m\000\040\000R\000o\000u\000n\000d\000\040\0003}{subsection.7.3}% 88
\BOOKMARK [3][-]{subsubsection.7.3.3}{\376\377\000N\000e\000w\000\040\000T\000h\000r\000e\000e\000-\000T\000r\000a\000i\000t\000\040\000P\000a\000r\000a\000m\000e\000t\000e\000r\000s}{subsection.7.3}% 89
\BOOKMARK [3][-]{subsubsection.7.3.4}{\376\377\000U\000n\000i\000v\000e\000r\000s\000a\000l\000\040\000N\000o\000n\000l\000i\000n\000e\000a\000r\000i\000t\000y}{subsection.7.3}% 90
\BOOKMARK [3][-]{subsubsection.7.3.5}{\376\377\000M\000o\000d\000u\000l\000e\000-\000L\000e\000v\000e\000l\000\040\000S\000e\000n\000s\000i\000t\000i\000v\000i\000t\000y}{subsection.7.3}% 91
\BOOKMARK [2][-]{subsection.7.4}{\376\377\000C\000r\000o\000s\000s\000-\000R\000o\000u\000n\000d\000\040\000P\000a\000r\000a\000m\000e\000t\000e\000r\000\040\000T\000r\000a\000j\000e\000c\000t\000o\000r\000i\000e\000s}{section.7}% 92
\BOOKMARK [2][-]{subsection.7.5}{\376\377\000S\000o\000b\000o\000l\000\040\000V\000a\000r\000i\000a\000n\000c\000e\000\040\000D\000e\000c\000o\000m\000p\000o\000s\000i\000t\000i\000o\000n\000:\000\040\000R\000o\000u\000n\000d\000s\000\040\0001\040\023\0002\000\040\000a\000n\000d\000\040\000O\000n\000g\000o\000i\000n\000g}{section.7}% 93
\BOOKMARK [3][-]{subsubsection.7.5.1}{\376\377\000R\0001\040\023\000R\0002\000\040\000S\000o\000b\000o\000l\000\040\000R\000e\000s\000u\000l\000t\000s}{subsection.7.5}% 94
\BOOKMARK [3][-]{subsubsection.7.5.2}{\376\377\000R\000o\000u\000n\000d\000\040\0004\000\040\000S\000o\000b\000o\000l\000\040\000\050\000I\000n\000\040\000P\000r\000o\000g\000r\000e\000s\000s\000\051}{subsection.7.5}% 95
\BOOKMARK [2][-]{subsection.7.6}{\376\377\000S\000u\000m\000m\000a\000r\000y\000\040\000a\000n\000d\000\040\000I\000m\000p\000l\000i\000c\000a\000t\000i\000o\000n\000s}{section.7}% 96
\BOOKMARK [1][-]{section.8}{\376\377\000V\000a\000l\000i\000d\000a\000t\000i\000o\000n}{}% 97
\BOOKMARK [2][-]{subsection.8.1}{\376\377\000K\000\040\000=\000\040\0005\000,\0000\0000\0000\000\040\000V\000a\000l\000i\000d\000a\000t\000i\000o\000n}{section.8}% 98
\BOOKMARK [2][-]{subsection.8.2}{\376\377\000K\000\040\000=\000\040\0001\0000\0000\000,\0000\0000\0000\000\040\000S\000c\000a\000l\000e\000-\000U\000p\000\040\000V\000a\000l\000i\000d\000a\000t\000i\000o\000n}{section.8}% 99
\BOOKMARK [2][-]{subsection.8.3}{\376\377\000C\000r\000o\000s\000s\000-\000S\000c\000a\000l\000e\000\040\000C\000o\000m\000p\000a\000r\000i\000s\000o\000n}{section.8}% 100
\BOOKMARK [2][-]{subsection.8.4}{\376\377\000R\000e\000i\000n\000f\000e\000c\000t\000i\000o\000n\000\040\000D\000y\000n\000a\000m\000i\000c\000s\000:\000\040\000R\000S\000\040\000V\000a\000l\000i\000d\000a\000t\000i\000o\000n}{section.8}% 101
\BOOKMARK [2][-]{subsection.8.5}{\376\377\000K\000e\000y\000\040\000S\000c\000i\000e\000n\000t\000i\000f\000i\000c\000\040\000F\000i\000n\000d\000i\000n\000g\000s}{section.8}% 102
\BOOKMARK [3][-]{subsubsection.8.5.1}{\376\377\000E\000v\000o\000l\000u\000t\000i\000o\000n\000a\000r\000y\000\040\000R\000e\000s\000c\000u\000e\000\040\000I\000s\000\040\000I\000n\000s\000u\000f\000f\000i\000c\000i\000e\000n\000t}{subsection.8.5}% 103
\BOOKMARK [3][-]{subsubsection.8.5.2}{\376\377\000R\000e\000c\000o\000v\000e\000r\000y\000\040\000a\000s\000\040\000t\000h\000e\000\040\000P\000r\000i\000m\000a\000r\000y\000\040\000A\000d\000a\000p\000t\000i\000v\000e\000\040\000P\000a\000t\000h\000w\000a\000y}{subsection.8.5}% 104
\BOOKMARK [3][-]{subsubsection.8.5.3}{\376\377\000T\000h\000e\000\040\000E\000x\000t\000i\000n\000c\000t\000i\000o\000n\000\040\000V\000o\000r\000t\000e\000x\000\040\000P\000e\000r\000s\000i\000s\000t\000s\000\040\000a\000t\000\040\000R\000e\000a\000l\000i\000s\000t\000i\000c\000\040\000S\000c\000a\000l\000e\000s}{subsection.8.5}% 105
\BOOKMARK [3][-]{subsubsection.8.5.4}{\376\377\000I\000m\000p\000l\000i\000c\000a\000t\000i\000o\000n\000s\000\040\000f\000o\000r\000\040\000C\000a\000p\000t\000i\000v\000e\000\040\000B\000r\000e\000e\000d\000i\000n\000g}{subsection.8.5}% 106
\BOOKMARK [1][-]{section.9}{\376\377\000D\000i\000s\000c\000u\000s\000s\000i\000o\000n}{}% 107
\BOOKMARK [2][-]{subsection.9.1}{\376\377\000S\000u\000m\000m\000a\000r\000y\000\040\000o\000f\000\040\000C\000o\000n\000t\000r\000i\000b\000u\000t\000i\000o\000n\000s}{section.9}% 108
\BOOKMARK [2][-]{subsection.9.2}{\376\377\000C\000o\000m\000p\000a\000r\000i\000s\000o\000n\000\040\000w\000i\000t\000h\000\040\000C\000l\000e\000m\000e\000n\000t\000\040\000e\000t\000\040\000a\000l\000.\000\040\000\050\0002\0000\0002\0004\000\051}{section.9}% 109
\BOOKMARK [2][-]{subsection.9.3}{\376\377\000T\000h\000e\000\040\000E\000n\000v\000i\000r\000o\000n\000m\000e\000n\000t\000a\000l\000\040\000P\000a\000t\000h\000o\000g\000e\000n\000\040\000R\000e\000s\000e\000r\000v\000o\000i\000r\000\040\000a\000s\000\040\000a\000\040\000M\000u\000l\000t\000i\000-\000S\000p\000e\000c\000i\000e\000s\000\040\000A\000b\000s\000t\000r\000a\000c\000t\000i\000o\000n}{section.9}% 110
\BOOKMARK [2][-]{subsection.9.4}{\376\377\000C\000o\000n\000s\000e\000r\000v\000a\000t\000i\000o\000n\000\040\000I\000m\000p\000l\000i\000c\000a\000t\000i\000o\000n\000s}{section.9}% 111
\BOOKMARK [3][-]{subsubsection.9.4.1}{\376\377\000E\000v\000o\000l\000u\000t\000i\000o\000n\000a\000r\000y\000\040\000R\000e\000s\000c\000u\000e\000\040\000I\000s\000\040\000T\000o\000o\000\040\000S\000l\000o\000w}{subsection.9.4}% 112
\BOOKMARK [3][-]{subsubsection.9.4.2}{\376\377\000B\000r\000e\000e\000d\000i\000n\000g\000\040\000T\000a\000r\000g\000e\000t\000:\000\040\000R\000e\000s\000i\000s\000t\000a\000n\000c\000e\000\040\000o\000v\000e\000r\000\040\000R\000e\000c\000o\000v\000e\000r\000y}{subsection.9.4}% 113
\BOOKMARK [3][-]{subsubsection.9.4.3}{\376\377\000R\000e\000l\000e\000a\000s\000e\000\040\000S\000i\000t\000e\000\040\000S\000e\000l\000e\000c\000t\000i\000o\000n}{subsection.9.4}% 114
\BOOKMARK [2][-]{subsection.9.5}{\376\377\000M\000o\000d\000e\000l\000\040\000L\000i\000m\000i\000t\000a\000t\000i\000o\000n\000s}{section.9}% 115
\BOOKMARK [2][-]{subsection.9.6}{\376\377\000F\000u\000t\000u\000r\000e\000\040\000D\000i\000r\000e\000c\000t\000i\000o\000n\000s}{section.9}% 116
\BOOKMARK [3][-]{subsubsection.9.6.1}{\376\377\000A\000B\000C\000-\000S\000M\000C\000\040\000C\000a\000l\000i\000b\000r\000a\000t\000i\000o\000n}{subsection.9.6}% 117
\BOOKMARK [3][-]{subsubsection.9.6.2}{\376\377\000C\000o\000n\000s\000e\000r\000v\000a\000t\000i\000o\000n\000\040\000S\000c\000e\000n\000a\000r\000i\000o\000\040\000E\000v\000a\000l\000u\000a\000t\000i\000o\000n}{subsection.9.6}% 118
\BOOKMARK [3][-]{subsubsection.9.6.3}{\376\377\000F\000u\000l\000l\000\040\000C\000o\000a\000s\000t\000l\000i\000n\000e\000\040\000N\000e\000t\000w\000o\000r\000k}{subsection.9.6}% 119
\BOOKMARK [3][-]{subsubsection.9.6.4}{\376\377\000I\000n\000t\000e\000g\000r\000a\000t\000i\000o\000n\000\040\000w\000i\000t\000h\000\040\000E\000m\000p\000i\000r\000i\000c\000a\000l\000\040\000D\000a\000t\000a}{subsection.9.6}% 120
\BOOKMARK [2][-]{subsection.9.7}{\376\377\000C\000o\000n\000c\000l\000u\000s\000i\000o\000n\000s}{section.9}% 121
\BOOKMARK [1][-]{appendix.A}{\376\377\000P\000a\000r\000a\000m\000e\000t\000e\000r\000\040\000T\000a\000b\000l\000e\000s}{}% 122
