This is pdfTeX, Version 3.141592653-2.6-1.40.28 (TeX Live 2025) (preloaded format=pdflatex 2026.2.21)  22 FEB 2026 21:01
entering extended mode
 restricted \write18 enabled.
 %&-line parsing enabled.
**work-report.tex
(./work-report.tex
LaTeX2e <2025-11-01>
L3 programming layer <2026-01-19>
(/home/starbot/.TinyTeX/texmf-dist/tex/latex/base/article.cls
Document Class: article 2025/01/22 v1.4n Standard LaTeX document class
(/home/starbot/.TinyTeX/texmf-dist/tex/latex/base/size12.clo
File: size12.clo 2025/01/22 v1.4n Standard LaTeX file (size option)
)
\c@part=\count275
\c@section=\count276
\c@subsection=\count277
\c@subsubsection=\count278
\c@paragraph=\count279
\c@subparagraph=\count280
\c@figure=\count281
\c@table=\count282
\abovecaptionskip=\skip49
\belowcaptionskip=\skip50
\bibindent=\dimen148
) (/home/starbot/.TinyTeX/texmf-dist/tex/latex/base/inputenc.sty
Package: inputenc 2024/02/08 v1.3d Input encoding file
\inpenc@prehook=\toks17
\inpenc@posthook=\toks18
) (/home/starbot/.TinyTeX/texmf-dist/tex/latex/base/fontenc.sty
Package: fontenc 2025/07/18 v2.1d Standard LaTeX package
) (/home/starbot/.TinyTeX/texmf-dist/tex/latex/amsmath/amsmath.sty
Package: amsmath 2025/07/09 v2.17z AMS math features
\@mathmargin=\skip51

For additional information on amsmath, use the `?' option.
(/home/starbot/.TinyTeX/texmf-dist/tex/latex/amsmath/amstext.sty
Package: amstext 2024/11/17 v2.01 AMS text
 (/home/starbot/.TinyTeX/texmf-dist/tex/latex/amsmath/amsgen.sty
File: amsgen.sty 1999/11/30 v2.0 generic functions
\@emptytoks=\toks19
\ex@=\dimen149
)) (/home/starbot/.TinyTeX/texmf-dist/tex/latex/amsmath/amsbsy.sty
Package: amsbsy 1999/11/29 v1.2d Bold Symbols
\pmbraise@=\dimen150
) (/home/starbot/.TinyTeX/texmf-dist/tex/latex/amsmath/amsopn.sty
Package: amsopn 2022/04/08 v2.04 operator names
)
\inf@bad=\count283
LaTeX Info: Redefining \frac on input line 233.
\uproot@=\count284
\leftroot@=\count285
LaTeX Info: Redefining \overline on input line 398.
LaTeX Info: Redefining \colon on input line 409.
\classnum@=\count286
\DOTSCASE@=\count287
LaTeX Info: Redefining \ldots on input line 495.
LaTeX Info: Redefining \dots on input line 498.
LaTeX Info: Redefining \cdots on input line 619.
\Mathstrutbox@=\box53
\strutbox@=\box54
LaTeX Info: Redefining \big on input line 721.
LaTeX Info: Redefining \Big on input line 722.
LaTeX Info: Redefining \bigg on input line 723.
LaTeX Info: Redefining \Bigg on input line 724.
\big@size=\dimen151
LaTeX Font Info:    Redeclaring font encoding OML on input line 742.
LaTeX Font Info:    Redeclaring font encoding OMS on input line 743.
\macc@depth=\count288
LaTeX Info: Redefining \bmod on input line 904.
LaTeX Info: Redefining \pmod on input line 909.
LaTeX Info: Redefining \smash on input line 939.
LaTeX Info: Redefining \relbar on input line 969.
LaTeX Info: Redefining \Relbar on input line 970.
\c@MaxMatrixCols=\count289
\dotsspace@=\muskip17
\c@parentequation=\count290
\dspbrk@lvl=\count291
\tag@help=\toks20
\row@=\count292
\column@=\count293
\maxfields@=\count294
\andhelp@=\toks21
\eqnshift@=\dimen152
\alignsep@=\dimen153
\tagshift@=\dimen154
\tagwidth@=\dimen155
\totwidth@=\dimen156
\lineht@=\dimen157
\@envbody=\toks22
\multlinegap=\skip52
\multlinetaggap=\skip53
\mathdisplay@stack=\toks23
LaTeX Info: Redefining \[ on input line 2950.
LaTeX Info: Redefining \] on input line 2951.
) (/home/starbot/.TinyTeX/texmf-dist/tex/latex/amsfonts/amssymb.sty
Package: amssymb 2013/01/14 v3.01 AMS font symbols
 (/home/starbot/.TinyTeX/texmf-dist/tex/latex/amsfonts/amsfonts.sty
Package: amsfonts 2013/01/14 v3.01 Basic AMSFonts support
\symAMSa=\mathgroup4
\symAMSb=\mathgroup5
LaTeX Font Info:    Redeclaring math symbol \hbar on input line 98.
LaTeX Font Info:    Overwriting math alphabet `\mathfrak' in version `bold'
(Font)                  U/euf/m/n --> U/euf/b/n on input line 106.
)) (/home/starbot/.TinyTeX/texmf-dist/tex/latex/graphics/graphicx.sty
Package: graphicx 2024/12/31 v1.2e Enhanced LaTeX Graphics (DPC,SPQR)
 (/home/starbot/.TinyTeX/texmf-dist/tex/latex/graphics/keyval.sty
Package: keyval 2022/05/29 v1.15 key=value parser (DPC)
\KV@toks@=\toks24
) (/home/starbot/.TinyTeX/texmf-dist/tex/latex/graphics/graphics.sty
Package: graphics 2024/08/06 v1.4g Standard LaTeX Graphics (DPC,SPQR)
 (/home/starbot/.TinyTeX/texmf-dist/tex/latex/graphics/trig.sty
Package: trig 2023/12/02 v1.11 sin cos tan (DPC)
) (/home/starbot/.TinyTeX/texmf-dist/tex/latex/graphics-cfg/graphics.cfg
File: graphics.cfg 2016/06/04 v1.11 sample graphics configuration
)
Package graphics Info: Driver file: pdftex.def on input line 106.
 (/home/starbot/.TinyTeX/texmf-dist/tex/latex/graphics-def/pdftex.def
File: pdftex.def 2025/09/29 v1.2d Graphics/color driver for pdftex
))
\Gin@req@height=\dimen158
\Gin@req@width=\dimen159
) (/home/starbot/.TinyTeX/texmf-dist/tex/latex/geometry/geometry.sty
Package: geometry 2020/01/02 v5.9 Page Geometry
 (/home/starbot/.TinyTeX/texmf-dist/tex/generic/iftex/ifvtex.sty
Package: ifvtex 2019/10/25 v1.7 ifvtex legacy package. Use iftex instead.
 (/home/starbot/.TinyTeX/texmf-dist/tex/generic/iftex/iftex.sty
Package: iftex 2024/12/12 v1.0g TeX engine tests
))
\Gm@cnth=\count295
\Gm@cntv=\count296
\c@Gm@tempcnt=\count297
\Gm@bindingoffset=\dimen160
\Gm@wd@mp=\dimen161
\Gm@odd@mp=\dimen162
\Gm@even@mp=\dimen163
\Gm@layoutwidth=\dimen164
\Gm@layoutheight=\dimen165
\Gm@layouthoffset=\dimen166
\Gm@layoutvoffset=\dimen167
\Gm@dimlist=\toks25
) (/home/starbot/.TinyTeX/texmf-dist/tex/latex/setspace/setspace.sty
Package: setspace 2022/12/04 v6.7b set line spacing
) (/home/starbot/.TinyTeX/texmf-dist/tex/latex/booktabs/booktabs.sty
Package: booktabs 2020/01/12 v1.61803398 Publication quality tables
\heavyrulewidth=\dimen168
\lightrulewidth=\dimen169
\cmidrulewidth=\dimen170
\belowrulesep=\dimen171
\belowbottomsep=\dimen172
\aboverulesep=\dimen173
\abovetopsep=\dimen174
\cmidrulesep=\dimen175
\cmidrulekern=\dimen176
\defaultaddspace=\dimen177
\@cmidla=\count298
\@cmidlb=\count299
\@aboverulesep=\dimen178
\@belowrulesep=\dimen179
\@thisruleclass=\count300
\@lastruleclass=\count301
\@thisrulewidth=\dimen180
) (/home/starbot/.TinyTeX/texmf-dist/tex/latex/multirow/multirow.sty
Package: multirow 2024/11/12 v2.9 Span multiple rows of a table
\multirow@colwidth=\skip54
\multirow@cntb=\count302
\multirow@dima=\skip55
\bigstrutjot=\dimen181
) (/home/starbot/.TinyTeX/texmf-dist/tex/latex/makecell/makecell.sty
Package: makecell 2009/08/03 V0.1e Managing of Tab Column Heads and Cells
 (/home/starbot/.TinyTeX/texmf-dist/tex/latex/tools/array.sty
Package: array 2025/09/25 v2.6n Tabular extension package (FMi)
\col@sep=\dimen182
\ar@mcellbox=\box55
\extrarowheight=\dimen183
\NC@list=\toks26
\extratabsurround=\skip56
\backup@length=\skip57
\ar@cellbox=\box56
)
\rotheadsize=\dimen184
\c@nlinenum=\count303
\TeXr@lab=\toks27
) (/home/starbot/.TinyTeX/texmf-dist/tex/latex/float/float.sty
Package: float 2001/11/08 v1.3d Float enhancements (AL)
\c@float@type=\count304
\float@exts=\toks28
\float@box=\box57
\@float@everytoks=\toks29
\@floatcapt=\box58
) (/home/starbot/.TinyTeX/texmf-dist/tex/latex/caption/caption.sty
Package: caption 2023/08/05 v3.6o Customizing captions (AR)
 (/home/starbot/.TinyTeX/texmf-dist/tex/latex/caption/caption3.sty
Package: caption3 2023/07/31 v2.4d caption3 kernel (AR)
\caption@tempdima=\dimen185
\captionmargin=\dimen186
\caption@leftmargin=\dimen187
\caption@rightmargin=\dimen188
\caption@width=\dimen189
\caption@indent=\dimen190
\caption@parindent=\dimen191
\caption@hangindent=\dimen192
Package caption Info: Standard document class detected.
)
\c@caption@flags=\count305
\c@continuedfloat=\count306
Package caption Info: float package is loaded.
) (/home/starbot/.TinyTeX/texmf-dist/tex/latex/caption/subcaption.sty
Package: subcaption 2023/07/28 v1.6b Sub-captions (AR)
Package caption Info: New subtype `subfigure' on input line 238.
\c@subfigure=\count307
Package caption Info: New subtype `subtable' on input line 238.
\c@subtable=\count308
) (/home/starbot/.TinyTeX/texmf-dist/tex/latex/xcolor/xcolor.sty
Package: xcolor 2024/09/29 v3.02 LaTeX color extensions (UK)
 (/home/starbot/.TinyTeX/texmf-dist/tex/latex/graphics-cfg/color.cfg
File: color.cfg 2016/01/02 v1.6 sample color configuration
)
Package xcolor Info: Driver file: pdftex.def on input line 274.
 (/home/starbot/.TinyTeX/texmf-dist/tex/latex/graphics/mathcolor.ltx)
Package xcolor Info: Model `cmy' substituted by `cmy0' on input line 1349.
Package xcolor Info: Model `hsb' substituted by `rgb' on input line 1353.
Package xcolor Info: Model `RGB' extended on input line 1365.
Package xcolor Info: Model `HTML' substituted by `rgb' on input line 1367.
Package xcolor Info: Model `Hsb' substituted by `hsb' on input line 1368.
Package xcolor Info: Model `tHsb' substituted by `hsb' on input line 1369.
Package xcolor Info: Model `HSB' substituted by `hsb' on input line 1370.
Package xcolor Info: Model `Gray' substituted by `gray' on input line 1371.
Package xcolor Info: Model `wave' substituted by `hsb' on input line 1372.
) (/home/starbot/.TinyTeX/texmf-dist/tex/latex/hyperref/hyperref.sty
Package: hyperref 2026-01-29 v7.01p Hypertext links for LaTeX
 (/home/starbot/.TinyTeX/texmf-dist/tex/latex/kvsetkeys/kvsetkeys.sty
Package: kvsetkeys 2022-10-05 v1.19 Key value parser (HO)
) (/home/starbot/.TinyTeX/texmf-dist/tex/generic/kvdefinekeys/kvdefinekeys.sty
Package: kvdefinekeys 2019-12-19 v1.6 Define keys (HO)
) (/home/starbot/.TinyTeX/texmf-dist/tex/generic/pdfescape/pdfescape.sty
Package: pdfescape 2019/12/09 v1.15 Implements pdfTeX's escape features (HO)
 (/home/starbot/.TinyTeX/texmf-dist/tex/generic/ltxcmds/ltxcmds.sty
Package: ltxcmds 2023-12-04 v1.26 LaTeX kernel commands for general use (HO)
) (/home/starbot/.TinyTeX/texmf-dist/tex/generic/pdftexcmds/pdftexcmds.sty
Package: pdftexcmds 2020-06-27 v0.33 Utility functions of pdfTeX for LuaTeX (HO)
 (/home/starbot/.TinyTeX/texmf-dist/tex/generic/infwarerr/infwarerr.sty
Package: infwarerr 2019/12/03 v1.5 Providing info/warning/error messages (HO)
)
Package pdftexcmds Info: \pdf@primitive is available.
Package pdftexcmds Info: \pdf@ifprimitive is available.
Package pdftexcmds Info: \pdfdraftmode found.
)) (/home/starbot/.TinyTeX/texmf-dist/tex/latex/hycolor/hycolor.sty
Package: hycolor 2020-01-27 v1.10 Color options for hyperref/bookmark (HO)
) (/home/starbot/.TinyTeX/texmf-dist/tex/latex/hyperref/nameref.sty
Package: nameref 2026-01-29 v2.58 Cross-referencing by name of section
 (/home/starbot/.TinyTeX/texmf-dist/tex/latex/refcount/refcount.sty
Package: refcount 2019/12/15 v3.6 Data extraction from label references (HO)
) (/home/starbot/.TinyTeX/texmf-dist/tex/generic/gettitlestring/gettitlestring.sty
Package: gettitlestring 2019/12/15 v1.6 Cleanup title references (HO)
 (/home/starbot/.TinyTeX/texmf-dist/tex/latex/kvoptions/kvoptions.sty
Package: kvoptions 2022-06-15 v3.15 Key value format for package options (HO)
))
\c@section@level=\count309
) (/home/starbot/.TinyTeX/texmf-dist/tex/latex/etoolbox/etoolbox.sty
Package: etoolbox 2025/10/02 v2.5m e-TeX tools for LaTeX (JAW)
\etb@tempcnta=\count310
) (/home/starbot/.TinyTeX/texmf-dist/tex/generic/stringenc/stringenc.sty
Package: stringenc 2019/11/29 v1.12 Convert strings between diff. encodings (HO)
)
\@linkdim=\dimen193
\Hy@linkcounter=\count311
\Hy@pagecounter=\count312
 (/home/starbot/.TinyTeX/texmf-dist/tex/latex/hyperref/pd1enc.def
File: pd1enc.def 2026-01-29 v7.01p Hyperref: PDFDocEncoding definition (HO)
Now handling font encoding PD1 ...
... no UTF-8 mapping file for font encoding PD1
) (/home/starbot/.TinyTeX/texmf-dist/tex/generic/intcalc/intcalc.sty
Package: intcalc 2019/12/15 v1.3 Expandable calculations with integers (HO)
)
\Hy@SavedSpaceFactor=\count313
 (/home/starbot/.TinyTeX/texmf-dist/tex/latex/hyperref/puenc.def
File: puenc.def 2026-01-29 v7.01p Hyperref: PDF Unicode definition (HO)
Now handling font encoding PU ...
... no UTF-8 mapping file for font encoding PU
)
Package hyperref Info: Hyper figures OFF on input line 4201.
Package hyperref Info: Link nesting OFF on input line 4206.
Package hyperref Info: Hyper index ON on input line 4209.
Package hyperref Info: Plain pages OFF on input line 4216.
Package hyperref Info: Backreferencing OFF on input line 4221.
Package hyperref Info: Implicit mode ON; LaTeX internals redefined.
Package hyperref Info: Bookmarks ON on input line 4468.
\c@Hy@tempcnt=\count314
 (/home/starbot/.TinyTeX/texmf-dist/tex/latex/url/url.sty
\Urlmuskip=\muskip18
Package: url 2013/09/16  ver 3.4  Verb mode for urls, etc.
)
LaTeX Info: Redefining \url on input line 4807.
\XeTeXLinkMargin=\dimen194
 (/home/starbot/.TinyTeX/texmf-dist/tex/generic/bitset/bitset.sty
Package: bitset 2019/12/09 v1.3 Handle bit-vector datatype (HO)
 (/home/starbot/.TinyTeX/texmf-dist/tex/generic/bigintcalc/bigintcalc.sty
Package: bigintcalc 2019/12/15 v1.5 Expandable calculations on big integers (HO)
))
\Fld@menulength=\count315
\Field@Width=\dimen195
\Fld@charsize=\dimen196
Package hyperref Info: Hyper figures OFF on input line 6084.
Package hyperref Info: Link nesting OFF on input line 6089.
Package hyperref Info: Hyper index ON on input line 6092.
Package hyperref Info: backreferencing OFF on input line 6099.
Package hyperref Info: Link coloring OFF on input line 6104.
Package hyperref Info: Link coloring with OCG OFF on input line 6109.
Package hyperref Info: PDF/A mode OFF on input line 6114.
\Hy@abspage=\count316
\c@Item=\count317
\c@Hfootnote=\count318
)
Package hyperref Info: Driver (autodetected): hpdftex.
 (/home/starbot/.TinyTeX/texmf-dist/tex/latex/hyperref/hpdftex.def
File: hpdftex.def 2026-01-29 v7.01p Hyperref driver for pdfTeX
\Fld@listcount=\count319
\c@bookmark@seq@number=\count320
 (/home/starbot/.TinyTeX/texmf-dist/tex/latex/rerunfilecheck/rerunfilecheck.sty
Package: rerunfilecheck 2025-06-21 v1.11 Rerun checks for auxiliary files (HO)
 (/home/starbot/.TinyTeX/texmf-dist/tex/generic/uniquecounter/uniquecounter.sty
Package: uniquecounter 2019/12/15 v1.4 Provide unlimited unique counter (HO)
)
Package uniquecounter Info: New unique counter `rerunfilecheck' on input line 284.
)
\Hy@SectionHShift=\skip58
) (/home/starbot/.TinyTeX/texmf-dist/tex/latex/natbib/natbib.sty
Package: natbib 2010/09/13 8.31b (PWD, AO)
\bibhang=\skip59
\bibsep=\skip60
LaTeX Info: Redefining \cite on input line 694.
\c@NAT@ctr=\count321
) (/home/starbot/.TinyTeX/texmf-dist/tex/latex/siunitx/siunitx.sty
Package: siunitx 2025-07-09 v3.4.14 A comprehensive (SI) units package
\l__siunitx_number_uncert_offset_int=\count322
\l__siunitx_number_exponent_fixed_int=\count323
\l__siunitx_number_min_decimal_int=\count324
\l__siunitx_number_min_integer_int=\count325
\l__siunitx_number_round_precision_int=\count326
\l__siunitx_number_lower_threshold_int=\count327
\l__siunitx_number_upper_threshold_int=\count328
\l__siunitx_number_group_first_int=\count329
\l__siunitx_number_group_size_int=\count330
\l__siunitx_number_group_minimum_int=\count331
\l__siunitx_angle_tmp_dim=\dimen197
\l__siunitx_angle_marker_box=\box59
\l__siunitx_angle_unit_box=\box60
\l__siunitx_compound_count_int=\count332
\l__siunitx_table_tmp_box=\box61
\l__siunitx_table_tmp_dim=\dimen198
\l__siunitx_table_column_width_dim=\dimen199
\l__siunitx_table_integer_box=\box62
\l__siunitx_table_decimal_box=\box63
\l__siunitx_table_uncert_box=\box64
\l__siunitx_table_before_box=\box65
\l__siunitx_table_after_box=\box66
\l__siunitx_table_before_dim=\dimen256
\l__siunitx_table_carry_dim=\dimen257
\l__siunitx_unit_tmp_int=\count333
\l__siunitx_unit_position_int=\count334
\l__siunitx_unit_total_int=\count335
) (/home/starbot/.TinyTeX/texmf-dist/tex/latex/lineno/lineno.sty
Package: lineno 2026/02/16 line numbers on paragraphs v5.7
\linenopenalty=\count336
\output=\toks30
\linenoprevgraf=\count337
\linenumbersep=\dimen258
\linenumberwidth=\dimen259
\c@linenumber=\count338
\c@pagewiselinenumber=\count339
\c@LN@truepage=\count340
\c@internallinenumber=\count341
\c@internallinenumbers=\count342
\quotelinenumbersep=\dimen260
\bframerule=\dimen261
\bframesep=\dimen262
\bframebox=\box67
\@LN@amsmath@ams@eqpen=\count343
) (/home/starbot/.TinyTeX/texmf-dist/tex/latex/appendix/appendix.sty
Package: appendix 2020/02/08 v1.2c extra appendix facilities
\c@@pps=\count344
\c@@ppsavesec=\count345
\c@@ppsaveapp=\count346
) (/home/starbot/.TinyTeX/texmf-dist/tex/latex/tools/longtable.sty
Package: longtable 2025-10-13 v4.24 Multi-page Table package (DPC)
\LTleft=\skip61
\LTright=\skip62
\LTpre=\skip63
\LTpost=\skip64
\LTchunksize=\count347
\LTcapwidth=\dimen263
\LT@head=\box68
\LT@firsthead=\box69
\LT@foot=\box70
\LT@lastfoot=\box71
\LT@gbox=\box72
\LT@cols=\count348
\LT@rows=\count349
\c@LT@tables=\count350
\c@LT@chunks=\count351
\LT@p@ftn=\toks31
) (/home/starbot/.TinyTeX/texmf-dist/tex/latex/pdflscape/pdflscape.sty
Package: pdflscape 2025-06-23 v0.14 Display of landscape pages in PDF
 (/home/starbot/.TinyTeX/texmf-dist/tex/latex/pdflscape/pdflscape-nometadata.sty
Package: pdflscape-nometadata 2025-06-23 v0.14 Display of landscape pages in PDF (HO)
 (/home/starbot/.TinyTeX/texmf-dist/tex/latex/graphics/lscape.sty
Package: lscape 2020/05/28 v3.02 Landscape Pages (DPC)
)
Package pdflscape Info: Auto-detected driver: pdftex on input line 81.
)) (/home/starbot/.TinyTeX/texmf-dist/tex/latex/l3backend/l3backend-pdftex.def
File: l3backend-pdftex.def 2025-10-09 L3 backend support: PDF output (pdfTeX)
\l__color_backend_stack_int=\count352
) (./work-report.aux)
\openout1 = `work-report.aux'.

LaTeX Font Info:    Checking defaults for OML/cmm/m/it on input line 53.
LaTeX Font Info:    ... okay on input line 53.
LaTeX Font Info:    Checking defaults for OMS/cmsy/m/n on input line 53.
LaTeX Font Info:    ... okay on input line 53.
LaTeX Font Info:    Checking defaults for OT1/cmr/m/n on input line 53.
LaTeX Font Info:    ... okay on input line 53.
LaTeX Font Info:    Checking defaults for T1/cmr/m/n on input line 53.
LaTeX Font Info:    ... okay on input line 53.
LaTeX Font Info:    Checking defaults for TS1/cmr/m/n on input line 53.
LaTeX Font Info:    ... okay on input line 53.
LaTeX Font Info:    Checking defaults for OMX/cmex/m/n on input line 53.
LaTeX Font Info:    ... okay on input line 53.
LaTeX Font Info:    Checking defaults for U/cmr/m/n on input line 53.
LaTeX Font Info:    ... okay on input line 53.
LaTeX Font Info:    Checking defaults for PD1/pdf/m/n on input line 53.
LaTeX Font Info:    ... okay on input line 53.
LaTeX Font Info:    Checking defaults for PU/pdf/m/n on input line 53.
LaTeX Font Info:    ... okay on input line 53.
 (/home/starbot/.TinyTeX/texmf-dist/tex/latex/epstopdf-pkg/epstopdf-base.sty
Package: epstopdf-base 2020-01-24 v2.11 Base part for package epstopdf
Package epstopdf-base Info: Redefining graphics rule for `.eps' on input line 485.
 (/home/starbot/.TinyTeX/texmf-dist/tex/latex/latexconfig/epstopdf-sys.cfg
File: epstopdf-sys.cfg 2010/07/13 v1.3 Configuration of (r)epstopdf for TeX Live
))
*geometry* driver: auto-detecting
*geometry* detected driver: pdftex
*geometry* verbose mode - [ preamble ] result:
* driver: pdftex
* paper: a4paper
* layout: <same size as paper>
* layoutoffset:(h,v)=(0.0pt,0.0pt)
* modes: 
* h-part:(L,W,R)=(72.26999pt, 452.9679pt, 72.26999pt)
* v-part:(T,H,B)=(72.26999pt, 700.50687pt, 72.26999pt)
* \paperwidth=597.50787pt
* \paperheight=845.04684pt
* \textwidth=452.9679pt
* \textheight=700.50687pt
* \oddsidemargin=0.0pt
* \evensidemargin=0.0pt
* \topmargin=-37.0pt
* \headheight=12.0pt
* \headsep=25.0pt
* \topskip=12.0pt
* \footskip=30.0pt
* \marginparwidth=35.0pt
* \marginparsep=10.0pt
* \columnsep=10.0pt
* \skip\footins=10.8pt plus 4.0pt minus 2.0pt
* \hoffset=0.0pt
* \voffset=0.0pt
* \mag=1000
* \@twocolumnfalse
* \@twosidefalse
* \@mparswitchfalse
* \@reversemarginfalse
* (1in=72.27pt=25.4mm, 1cm=28.453pt)

Package caption Info: Begin \AtBeginDocument code.
Package caption Info: hyperref package is loaded.
Package caption Info: longtable package is loaded.
(/home/starbot/.TinyTeX/texmf-dist/tex/latex/caption/ltcaption.sty
Package: ltcaption 2021/01/08 v1.4c longtable captions (AR)
)
Package caption Info: End \AtBeginDocument code.
Package hyperref Info: Link coloring OFF on input line 53.
 (./work-report.out) (./work-report.out)
\@outlinefile=\write3
\openout3 = `work-report.out'.

LaTeX Font Info:    Trying to load font information for U+msa on input line 55.
 (/home/starbot/.TinyTeX/texmf-dist/tex/latex/amsfonts/umsa.fd
File: umsa.fd 2013/01/14 v3.01 AMS symbols A
)
LaTeX Font Info:    Trying to load font information for U+msb on input line 55.
 (/home/starbot/.TinyTeX/texmf-dist/tex/latex/amsfonts/umsb.fd
File: umsb.fd 2013/01/14 v3.01 AMS symbols B
) (./sections/abstract.tex) [1

{/home/starbot/.TinyTeX/texmf-var/fonts/map/pdftex/updmap/pdftex.map}{/home/starbot/.TinyTeX/texmf-dist/fonts/enc/dvips/cm-super/cm-super-t1.enc}] [2] (./work-report.toc [3] [4] [5])
\tf@toc=\write4
\openout4 = `work-report.toc'.

 [6] (./sections/introduction.tex [7]
Overfull \hbox (3.00407pt too wide) in paragraph at lines 18--19
\T1/cmr/m/n/12 that \T1/cmr/m/it/12 V. pecteni-cida \T1/cmr/m/n/12 FHCF-3 was not con-sis-tently de-tected in non-\T1/cmr/m/it/12 Pycnopodia he-lianthoides
 []

[8{/home/starbot/.TinyTeX/texmf-dist/fonts/enc/dvips/cm-super/cm-super-ts1.enc}] [9]
Overfull \hbox (0.98924pt too wide) in paragraph at lines 42--43
[]\T1/cmr/m/n/12 The model is im-ple-mented in Python with NumPy-vectorized agent op-er-a-tions, achiev-
 []

[10]) (./sections/model_architecture.tex [11] [12]

LaTeX Warning: Reference `fig:loop_schematic' on page 13 undefined on input line 129.

[13] [14]) (./sections/disease_module.tex

LaTeX Warning: Reference `fig:disease_flow' on page 15 undefined on input line 25.

[15]
Overfull \hbox (5.8796pt too wide) in paragraph at lines 67--70
\T1/cmr/m/n/12 where $\OML/cmm/m/it/12 ^^V\OT1/cmr/m/n/12 (\OML/cmm/m/it/12 T\OT1/cmr/m/n/12 )$ \T1/cmr/m/n/12 is the temperature-dependent tran-si-tion rate at the cur-rent SST (Sec-tion []3.3.2[]).
 []

[16] [17] [18]

Package hyperref Warning: Token not allowed in a PDF string (Unicode):
(hyperref)                removing `math shift' on input line 232.


Package hyperref Warning: Token not allowed in a PDF string (Unicode):
(hyperref)                removing `subscript' on input line 232.


Package hyperref Warning: Token not allowed in a PDF string (Unicode):
(hyperref)                removing `math shift' on input line 232.

[19] [20] [21] [22]) (./sections/genetics_module.tex [23] [24] [25] [26]
Overfull \hbox (0.20604pt too wide) in paragraph at lines 244--252
\T1/cmr/m/n/12 Broadcast-spawning ma-rine in-ver-te-brates ex-hibit sweep-stakes re-pro-duc-tive suc-cess (SRS):
 []

[27]) (./sections/population_dynamics.tex [28] [29]
Overfull \hbox (0.85736pt too wide) in paragraph at lines 155--158
\T1/cmr/m/n/12 tended re-pro-duc-tive sea-son and cas-cad-ing spawn-ing be-hav-ior ob-served in \T1/cmr/m/it/12 P. he-lianthoides\T1/cmr/m/n/12 . 
 []

[30] [31] [32] [33] [34]) (./sections/spatial_module.tex [35]
Overfull \hbox (9.07147pt too wide) in paragraph at lines 59--65
\T1/cmr/m/n/12 ity, flush-ing rate), Vib-rio con-cen-tra-tion, and di-ag-nos-tic flags. The \T1/cmtt/m/n/12 MetapopulationNetwork
 []

[36]

Package hyperref Warning: Token not allowed in a PDF string (Unicode):
(hyperref)                removing `math shift' on input line 105.


Package hyperref Warning: Token not allowed in a PDF string (Unicode):
(hyperref)                removing `math shift' on input line 105.

[37]

Package hyperref Warning: Token not allowed in a PDF string (Unicode):
(hyperref)                removing `math shift' on input line 148.


Package hyperref Warning: Token not allowed in a PDF string (Unicode):
(hyperref)                removing `math shift' on input line 148.

[38] [39]
Overfull \hbox (9.10681pt too wide) in paragraph at lines 269--274
[]\T1/cmr/m/n/12 SST time se-ries are pre-com-puted at ini-tial-iza-tion via \T1/cmtt/m/n/12 generate_satellite_sst_series
 []

[40]

LaTeX Warning: Reference `sec:sensitivity' on page 41 undefined on input line 388.

[41] [42]

LaTeX Warning: Reference `sec:sensitivity' on page 43 undefined on input line 491.

) (./sections/sensitivity_analysis.tex [43] [44] [45]
Overfull \hbox (41.95088pt too wide) in paragraph at lines 170--184
\T1/cmr/m/n/12 was the sin-gle most in-flu-en-tial pa-ram-e-ter (mean $\OML/cmm/m/it/12 S[] \OT1/cmr/m/n/12 = 0\OML/cmm/m/it/12 :\OT1/cmr/m/n/12 638$\T1/cmr/m/n/12 ), fol-lowed by $[]$
 []

[46]
Overfull \hbox (8.80312pt too wide) in paragraph at lines 209--219
\T1/cmr/m/n/12 re-cov-ery; Sec-tion []4.1[]), con-tribut-ing four new pa-ram-e-ters ($[]$, $[]$,
 []


Overfull \hbox (15.74557pt too wide) in paragraph at lines 253--259
[]$\OML/cmm/m/it/12 P[]$ \T1/cmr/m/n/12 (en-vi-ron-men-tal reser-voir; $\OML/cmm/m/it/12 ^^V[] \OT1/cmr/m/n/12 = 0\OML/cmm/m/it/12 :\OT1/cmr/m/n/12 598$\T1/cmr/m/n/12 ) --- back-ground wa-ter-borne \T1/cmr/m/it/12 V. pecteni-
 []

[47]
<figures/morris_r4_top20.png, id=1213, 867.24pt x 578.16pt>
File: figures/morris_r4_top20.png Graphic file (type png)
<use figures/morris_r4_top20.png>
Package pdftex.def Info: figures/morris_r4_top20.png  used on input line 286.
(pdftex.def)             Requested size: 452.9679pt x 301.97705pt.
 [48 <./figures/morris_r4_top20.png>]
! Undefined control sequence.
l.347   \item $p_{\text{spont},\female
                                      }$ (female spontaneous spawning):
The control sequence at the end of the top line
of your error message was never \def'ed. If you have
misspelled it (e.g., `\hobx'), type `I' and the correct
spelling (e.g., `I\hbox'). Otherwise just continue,
and I'll forget about whatever was undefined.

<figures/morris_r4_vs_r3.png, id=1228, 722.7pt x 867.24pt>
File: figures/morris_r4_vs_r3.png Graphic file (type png)
<use figures/morris_r4_vs_r3.png>
Package pdftex.def Info: figures/morris_r4_vs_r3.png  used on input line 353.
(pdftex.def)             Requested size: 452.9679pt x 543.5587pt.

Overfull \hbox (1.88193pt too wide) in paragraph at lines 369--396
 [][] 
 []

[49] [50 <./figures/morris_r4_vs_r3.png>] [51]
<figures/morris_r4_interaction.png, id=1252, 867.24pt x 578.16pt>
File: figures/morris_r4_interaction.png Graphic file (type png)
<use figures/morris_r4_interaction.png>
Package pdftex.def Info: figures/morris_r4_interaction.png  used on input line 466.
(pdftex.def)             Requested size: 452.9679pt x 301.97705pt.
 [52 <./figures/morris_r4_interaction.png>]
<figures/morris_r4_modules.png, id=1260, 722.7pt x 433.62pt>
File: figures/morris_r4_modules.png Graphic file (type png)
<use figures/morris_r4_modules.png>
Package pdftex.def Info: figures/morris_r4_modules.png  used on input line 498.
(pdftex.def)             Requested size: 385.02547pt x 231.01509pt.
 [53 <./figures/morris_r4_modules.png>]
<figures/morris_r4_heatmap.png, id=1270, 1300.86pt x 1011.78pt>
File: figures/morris_r4_heatmap.png Graphic file (type png)
<use figures/morris_r4_heatmap.png>
Package pdftex.def Info: figures/morris_r4_heatmap.png  used on input line 542.
(pdftex.def)             Requested size: 452.9679pt x 352.30656pt.
 [54 <./figures/morris_r4_heatmap.png>] [55] [56] [57

] [58] [59]) (./sections/validation.tex
Overfull \hbox (23.46033pt too wide) in paragraph at lines 52--68
 [][] 
 []

[60

]
<figures/val_5k_pop_trajectories.png, id=1319, 867.24pt x 433.62pt>
File: figures/val_5k_pop_trajectories.png Graphic file (type png)
<use figures/val_5k_pop_trajectories.png>
Package pdftex.def Info: figures/val_5k_pop_trajectories.png  used on input line 126.
(pdftex.def)             Requested size: 452.9679pt x 226.48279pt.
 [61]
<figures/val_5k_trait_shifts.png, id=1329, 722.7pt x 433.62pt>
File: figures/val_5k_trait_shifts.png Graphic file (type png)
<use figures/val_5k_trait_shifts.png>
Package pdftex.def Info: figures/val_5k_trait_shifts.png  used on input line 137.
(pdftex.def)             Requested size: 452.9679pt x 271.77934pt.
 [62 <./figures/val_5k_pop_trajectories.png> <./figures/val_5k_trait_shifts.png>] [63]
Overfull \hbox (7.91122pt too wide) in paragraph at lines 245--249
\T1/cmr/m/n/12 pat-terns are scale-invariant (and there-fore ro-bust model pre-dic-tions) ver-sus scale-dependent
 []

[64]

Package hyperref Warning: Token not allowed in a PDF string (Unicode):
(hyperref)                removing `math shift' on input line 320.


Package hyperref Warning: Token not allowed in a PDF string (Unicode):
(hyperref)                removing `\to' on input line 320.


Package hyperref Warning: Token not allowed in a PDF string (Unicode):
(hyperref)                removing `math shift' on input line 320.

[65] [66] [67] [68]) (./sections/discussion.tex
Overfull \hbox (2.11932pt too wide) in paragraph at lines 29--38
[]\T1/cmr/bx/n/12 Integrated eco-evolutionary frame-work for SSWD. \T1/cmr/m/n/12 Pre-vi-ous mod-els of SSWD
 []


Overfull \hbox (4.4592pt too wide) in paragraph at lines 39--49
\T1/cmr/m/n/12 mune ex-clu-sion), tol-er-ance (dam-age lim-i-ta-tion), and re-cov-ery (pathogen clearance)---
 []

[69]
Overfull \hbox (3.78923pt too wide) in paragraph at lines 62--68
\T1/cmr/m/n/12 to $\OML/cmm/m/it/12 K \OT1/cmr/m/n/12 = 100[]000$ \T1/cmr/m/n/12 per node demon-strates that catas-trophic pop-u-la-tion crashes ($\OML/cmm/m/it/12 >$\T1/cmr/m/n/12 97%),
 []

[70] [71] [72] [73] [74] [75]) (./work-report.bbl [76] [77] [78] [79]
Underfull \hbox (badness 3826) in paragraph at lines 239--243
[]\T1/cmr/m/n/12 Harilaos A. Lessios.  The great \T1/cmr/m/it/12 Di-adema an-til-larum \T1/cmr/m/n/12 die-off: 30 years
 []

[80] [81]
Underfull \hbox (badness 5008) in paragraph at lines 339--343
[]\T1/cmr/m/n/12 John Ryan.  San juans' sea stars start long crawl back from near-
 []


Underfull \hbox (badness 1424) in paragraph at lines 339--343
\T1/cmr/m/n/12 extinction.  KUOW, Au-gust 2024.  URL []$\T1/cmtt/m/n/12 https : / / www . kuow . org / stories /
 []


Underfull \hbox (badness 10000) in paragraph at lines 391--395
[]\T1/cmr/m/n/12 Sunflower Star Lab-o-ra-tory.  First tem-po-rary ex-per-i-men-tal out-
 []


Underfull \hbox (badness 10000) in paragraph at lines 391--395
\T1/cmr/m/n/12 plant-ing of sun-flower stars in Cal-i-for-nia.  SSL Press Re-lease, De-
 []


Underfull \hbox (badness 10000) in paragraph at lines 391--395
\T1/cmr/m/n/12 cem-ber 2025.  URL []$\T1/cmtt/m/n/12 https : / / www . sunflowerstarlab . org / news /
 []

[82]
Underfull \hbox (badness 10000) in paragraph at lines 413--417
[]\T1/cmr/m/n/12 Malavika Vyawa-hare.  There's hope for sun-flower sea stars, with
 []


Underfull \hbox (badness 10000) in paragraph at lines 413--417
\T1/cmr/m/n/12 their killer un-masked and rein-tro-duc-tions pend-ing.  Mongabay,
 []


Underfull \hbox (badness 10000) in paragraph at lines 413--417
\T1/cmr/m/n/12 Au-gust 2025.  URL []$\T1/cmtt/m/n/12 https : / / news . mongabay . com / 2025 / 08 /
 []


Overfull \hbox (142.23122pt too wide) in paragraph at lines 413--417
\T1/cmtt/m/n/12 theres-[]hope-[]for-[]sunflower-[]sea-[]stars-[]with-[]their-[]killer-[]unmasked-[]and-[]reintroductions-[]pending/$[]\T1/cmr/m/n/12 . 
 []

) (./sections/appendix_parameters.tex [83]
Underfull \hbox (badness 10000) in paragraph at lines 46--46
[]|\T1/cmr/m/n/12 I$[]$ shed-ding rate (field-
 []


Underfull \hbox (badness 10000) in paragraph at lines 48--48
[]|\T1/cmr/m/n/12 I$[]$ shed-ding rate (field-
 []


Underfull \hbox (badness 10000) in paragraph at lines 50--50
[]|\T1/cmr/m/n/12 Saprophytic burst (field-
 []


Underfull \hbox (badness 10000) in paragraph at lines 60--60
[]|\T1/cmr/m/n/12 Background Vib-rio in-put
 []


Underfull \hbox (badness 7851) in paragraph at lines 62--62
[]|\T1/cmr/m/it/12 V. pecteni-cida \T1/cmr/m/n/12 tem-per-a-ture
 []


Underfull \hbox (badness 10000) in paragraph at lines 68--68
[]|\T1/cmr/m/n/12 Post-spawning im-muno-sup-
 []


Underfull \hbox (badness 10000) in paragraph at lines 70--70
[]|\T1/cmr/m/n/12 Post-spawning im-muno-sup-
 []


Underfull \hbox (badness 3557) in paragraph at lines 72--72
[]|\T1/cmr/m/n/12 Days post-settlement be-fore
 []

[84

] [85]
Underfull \hbox (badness 1184) in paragraph at lines 106--106
[]|\T1/cmr/m/n/12 von Berta-lanffy growth rate
 []


Underfull \hbox (badness 7397) in paragraph at lines 108--108
[]|\T1/cmr/m/n/12 Minimum re-pro-duc-tive size
 []

[86


]
Underfull \hbox (badness 1418) in paragraph at lines 144--144
[]|\T1/cmr/m/n/12 Max tol-er-ance mor-tal-ity re-
 []

[87


]
Underfull \hbox (badness 10000) in paragraph at lines 172--172
[]|\T1/cmr/m/n/12 Daily spon-ta-neous fe-male
 []


Underfull \hbox (badness 10000) in paragraph at lines 174--174
[]|\T1/cmr/m/n/12 Daily spon-ta-neous male
 []

[88


] [89


]
Underfull \hbox (badness 7613) in paragraph at lines 242--242
[]|\T1/cmr/m/n/12 Early shed-ding at-ten-u-a-tion
 []

[90


]) (./work-report.aux)
 ***********
LaTeX2e <2025-11-01>
L3 programming layer <2026-01-19>
 ***********


LaTeX Warning: There were undefined references.

Package rerunfilecheck Info: File `work-report.out' has not changed.
(rerunfilecheck)             Checksum: 07171552A09A27D54F2480B1925B0CAD;23414.
 ) 
Here is how much of TeX's memory you used:
 17520 strings out of 469514
 321626 string characters out of 5469758
 750062 words of memory out of 5000000
 45436 multiletter control sequences out of 15000+600000
 656604 words of font info for 115 fonts, out of 8000000 for 9000
 14 hyphenation exceptions out of 8191
 75i,14n,79p,2063b,1289s stack positions out of 10000i,1000n,20000p,200000b,200000s
</home/starbot/.TinyTeX/texmf-dist/fonts/type1/public/amsfonts/cm/cmbx10.pfb></home/starbot/.TinyTeX/texmf-dist/fonts/type1/public/amsfonts/cm/cmbx12.pfb></home/starbot/.TinyTeX/texmf-dist/fonts/type1/public/amsfonts/cm/cmex10.pfb></home/starbot/.TinyTeX/texmf-dist/fonts/type1/public/amsfonts/cm/cmmi10.pfb></home/starbot/.TinyTeX/texmf-dist/fonts/type1/public/amsfonts/cm/cmmi12.pfb></home/starbot/.TinyTeX/texmf-dist/fonts/type1/public/amsfonts/cm/cmmi6.pfb></home/starbot/.TinyTeX/texmf-dist/fonts/type1/public/amsfonts/cm/cmmi8.pfb></home/starbot/.TinyTeX/texmf-dist/fonts/type1/public/amsfonts/cm/cmmib10.pfb></home/starbot/.TinyTeX/texmf-dist/fonts/type1/public/amsfonts/cmextra/cmmib8.pfb></home/starbot/.TinyTeX/texmf-dist/fonts/type1/public/amsfonts/cm/cmr10.pfb></home/starbot/.TinyTeX/texmf-dist/fonts/type1/public/amsfonts/cm/cmr12.pfb></home/starbot/.TinyTeX/texmf-dist/fonts/type1/public/amsfonts/cm/cmr6.pfb></home/starbot/.TinyTeX/texmf-dist/fonts/type1/public/amsfonts/cm/cmr8.pfb></home/starbot/.TinyTeX/texmf-dist/fonts/type1/public/amsfonts/cm/cmsy10.pfb></home/starbot/.TinyTeX/texmf-dist/fonts/type1/public/amsfonts/cm/cmsy6.pfb></home/starbot/.TinyTeX/texmf-dist/fonts/type1/public/amsfonts/cm/cmsy8.pfb></home/starbot/.TinyTeX/texmf-dist/fonts/type1/public/amsfonts/symbols/msbm10.pfb></home/starbot/.TinyTeX/texmf-dist/fonts/type1/public/cm-super/sfbi1440.pfb></home/starbot/.TinyTeX/texmf-dist/fonts/type1/public/cm-super/sfbi2074.pfb></home/starbot/.TinyTeX/texmf-dist/fonts/type1/public/cm-super/sfbx1095.pfb></home/starbot/.TinyTeX/texmf-dist/fonts/type1/public/cm-super/sfbx1200.pfb></home/starbot/.TinyTeX/texmf-dist/fonts/type1/public/cm-super/sfbx1440.pfb></home/starbot/.TinyTeX/texmf-dist/fonts/type1/public/cm-super/sfbx1728.pfb></home/starbot/.TinyTeX/texmf-dist/fonts/type1/public/cm-super/sfbx2074.pfb></home/starbot/.TinyTeX/texmf-dist/fonts/type1/public/cm-super/sfrm0600.pfb></home/starbot/.TinyTeX/texmf-dist/fonts/type1/public/cm-super/sfrm0800.pfb></home/starbot/.TinyTeX/texmf-dist/fonts/type1/public/cm-super/sfrm1000.pfb></home/starbot/.TinyTeX/texmf-dist/fonts/type1/public/cm-super/sfrm1095.pfb></home/starbot/.TinyTeX/texmf-dist/fonts/type1/public/cm-super/sfrm1200.pfb></home/starbot/.TinyTeX/texmf-dist/fonts/type1/public/cm-super/sfrm1440.pfb></home/starbot/.TinyTeX/texmf-dist/fonts/type1/public/cm-super/sfss0800.pfb></home/starbot/.TinyTeX/texmf-dist/fonts/type1/public/cm-super/sfti1095.pfb></home/starbot/.TinyTeX/texmf-dist/fonts/type1/public/cm-super/sfti1200.pfb></home/starbot/.TinyTeX/texmf-dist/fonts/type1/public/cm-super/sftt1095.pfb></home/starbot/.TinyTeX/texmf-dist/fonts/type1/public/cm-super/sftt1200.pfb>
Output written on work-report.pdf (90 pages, 1685264 bytes).
PDF statistics:
 1836 PDF objects out of 2073 (max. 8388607)
 1642 compressed objects within 17 object streams
 490 named destinations out of 1000 (max. 500000)
 1012 words of extra memory for PDF output out of 10000 (max. 10000000)

